[I 2026-08-02 15:53:01,533] Trial 8 finished with value: 0.27626798299861915 and parameters: {'d_c_2d': 0.003006180129011365, 'rho_c_2d': 7.744236064349156e-05, 'd_c_3d': 0.007255071518606134, 'rho_c_3d': 0.0005677305213876886, 'depth_scale': 34.316622559839516, 'd_o_2d_factor': 1.5426980635477918, 'd_o_3d_factor': 2.6574750183038587}. Best is trial 3 with value: 0.41001901413156533.
[I 2026-08-02 15:53:03,276] Trial 9 finished with value: 0.4373795638637713 and parameters: {'d_c_2d': 0.010340383572733983, 'rho_c_2d': 0.00013926228755658574, 'd_c_3d': 0.05861103359206554, 'rho_c_3d': 0.00015882685096930892, 'depth_scale': 706.1237424117352, 'd_o_2d_factor': 1.1491012873595416, 'd_o_3d_factor': 2.9737738732010346}. Best is trial 9 with value: 0.4373795638637713.
[I 2026-08-02 15:53:04,633] Trial 10 finished with value: 0.04208908365491531 and parameters: {'d_c_2d': 0.021298877209082676, 'rho_c_2d': 0.0011183361125262855, 'd_c_3d': 0.3519641756146904, 'rho_c_3d': 0.037585668248288046, 'depth_scale': 272.5714022248238, 'd_o_2d_factor': 2.0818878163510957, 'd_o_3d_factor': 1.5158539052029838}. Best is trial 9 with value: 0.4373795638637713.
[I 2026-08-02 15:53:06,207] Trial 11 finished with value: 0.4412028022538274 and parameters: {'d_c_2d': 0.010267305927707662, 'rho_c_2d': 0.00036939650720012627, 'd_c_3d': 0.03745632503960312, 'rho_c_3d': 0.0005839098180212877, 'depth_scale': 419.33506100220455, 'd_o_2d_factor': 1.0512854191125802, 'd_o_3d_factor': 2.4769769774761907}. Best is trial 11 with value: 0.4412028022538274.
[I 2026-08-02 15:53:07,850] Trial 12 finished with value: 0.42063802308838005 and parameters: {'d_c_2d': 0.012513454316348963, 'rho_c_2d': 0.0006581060437310301, 'd_c_3d': 0.04580113470882629, 'rho_c_3d': 0.0002730781549031787, 'depth_scale': 228.9865929788126, 'd_o_2d_factor': 1.0074867185586587, 'd_o_3d_factor': 2.48155807295921}. Best is trial 11 with value: 0.4412028022538274.
[I 2026-08-02 15:53:09,329] Trial 13 finished with value: 0.45155247554752004 and parameters: {'d_c_2d': 0.00982692148533065, 'rho_c_2d': 0.0003345223586114191, 'd_c_3d': 0.049110177287839285, 'rho_c_3d': 8.69772741873659e-05, 'depth_scale': 176.2216850220129, 'd_o_2d_factor': 1.006653183477939, 'd_o_3d_factor': 2.423955604426823}. Best is trial 13 with value: 0.45155247554752004.
[I 2026-08-02 15:53:10,929] Trial 14 finished with value: 0.4417820628968211 and parameters: {'d_c_2d': 0.04009235821440892, 'rho_c_2d': 0.00046844657243261413, 'd_c_3d': 0.03489499170403969, 'rho_c_3d': 6.128589338183999e-05, 'depth_scale': 150.48370675433364, 'd_o_2d_factor': 1.7063310575164237, 'd_o_3d_factor': 2.406100674843733}. Best is trial 13 with value: 0.45155247554752004.
[I 2026-08-02 15:53:12,441] Trial 15 finished with value: 0.3047840356089058 and parameters: {'d_c_2d': 0.05058766541606069, 'rho_c_2d': 0.003094100986415824, 'd_c_3d': 0.01286912422878836, 'rho_c_3d': 6.593842342596725e-05, 'depth_scale': 124.94290414733229, 'd_o_2d_factor': 1.7791360252966917, 'd_o_3d_factor': 2.3331280888411148}. Best is trial 13 with value: 0.45155247554752004.
[I 2026-08-02 15:53:13,788] Trial 16 finished with value: 0.21782716296808033 and parameters: {'d_c_2d': 0.1507953629540077, 'rho_c_2d': 0.003435482487420521, 'd_c_3d': 0.08531162984007869, 'rho_c_3d': 0.00010698700632766304, 'depth_scale': 138.6068390287964, 'd_o_2d_factor': 1.7898261065449845, 'd_o_3d_factor': 1.7765413491345265}. Best is trial 13 with value: 0.45155247554752004.
[I 2026-08-02 15:53:15,359] Trial 17 finished with value: 0.25413221530248803 and parameters: {'d_c_2d': 0.03818437729755187, 'rho_c_2d': 0.0004349976459484727, 'd_c_3d': 0.2249323577214818, 'rho_c_3d': 0.0003724236074476462, 'depth_scale': 103.1747403930228, 'd_o_2d_factor': 2.4118776047276502, 'd_o_3d_factor': 2.655574518915082}. Best is trial 13 with value: 0.45155247554752004.
[I 2026-08-02 15:53:16,842] Trial 18 finished with value: 0.34631057613942695 and parameters: {'d_c_2d': 0.02035013083438749, 'rho_c_2d': 0.002093366972641729, 'd_c_3d': 0.030671737525852706, 'rho_c_3d': 0.0001233390606417608, 'depth_scale': 19.260516758741822, 'd_o_2d_factor': 1.7775383895727723, 'd_o_3d_factor': 1.7167805695810836}. Best is trial 13 with value: 0.45155247554752004.
[I 2026-08-02 15:53:18,322] Trial 19 finished with value: 0.4199825735924713 and parameters: {'d_c_2d': 0.06207537324260854, 'rho_c_2d': 2.2167464456497906e-05, 'd_c_3d': 0.05624787640576367, 'rho_c_3d': 0.0009544005062450199, 'depth_scale': 1103.9195557675205, 'd_o_2d_factor': 2.4705023929955177, 'd_o_3d_factor': 2.636588061106849}. Best is trial 13 with value: 0.45155247554752004.
[I 2026-08-02 15:53:19,891] Trial 20 finished with value: 0.30399694556306 and parameters: {'d_c_2d': 0.19562774562718896, 'rho_c_2d': 0.0002899789715151899, 'd_c_3d': 0.01416799259939755, 'rho_c_3d': 7.417993595260384e-05, 'depth_scale': 8.914281836065703, 'd_o_2d_factor': 1.5161029489323048, 'd_o_3d_factor': 2.374213782102612}. Best is trial 13 with value: 0.45155247554752004.
[I 2026-08-02 15:53:21,470] Trial 21 finished with value: 0.4447354484248269 and parameters: {'d_c_2d': 0.009162097636517017, 'rho_c_2d': 0.0003061019109041466, 'd_c_3d': 0.03819901110553779, 'rho_c_3d': 0.0005395300968153807, 'depth_scale': 343.84923662688857, 'd_o_2d_factor': 1.020453232519983, 'd_o_3d_factor': 2.534814736490559}. Best is trial 13 with value: 0.45155247554752004.
[I 2026-08-02 15:53:22,985] Trial 22 finished with value: 0.41297751336700533 and parameters: {'d_c_2d': 0.006860115818254, 'rho_c_2d': 0.0006137603520885884, 'd_c_3d': 0.027389551883767058, 'rho_c_3d': 0.00024586698151319485, 'depth_scale': 250.36278161940575, 'd_o_2d_factor': 1.1710219876504526, 'd_o_3d_factor': 2.20067488875084}. Best is trial 13 with value: 0.45155247554752004.
[I 2026-08-02 15:53:24,593] Trial 23 finished with value: 0.4427849760230196 and parameters: {'d_c_2d': 0.01879256885812543, 'rho_c_2d': 0.0002453027709414455, 'd_c_3d': 0.04368263522921516, 'rho_c_3d': 0.00041548811167401703, 'depth_scale': 60.00999929168822, 'd_o_2d_factor': 1.386609328746486, 'd_o_3d_factor': 2.746284857043744}. Best is trial 13 with value: 0.45155247554752004.
[I 2026-08-02 15:53:26,092] Trial 24 finished with value: 0.44104090166706905 and parameters: {'d_c_2d': 0.01728644088160659, 'rho_c_2d': 0.0002407056874735229, 'd_c_3d': 0.0669146224874036, 'rho_c_3d': 0.0004992946246179317, 'depth_scale': 71.72792445791325, 'd_o_2d_factor': 1.3874052467346683, 'd_o_3d_factor': 2.776517463221907}. Best is trial 13 with value: 0.45155247554752004.
[I 2026-08-02 15:53:27,665] Trial 25 finished with value: 0.40260832555090115 and parameters: {'d_c_2d': 0.005565268527743449, 'rho_c_2d': 4.3505978563172494e-05, 'd_c_3d': 0.04755640389928985, 'rho_c_3d': 0.0013136281263305307, 'depth_scale': 358.944403732206, 'd_o_2d_factor': 1.1442363181103066, 'd_o_3d_factor': 2.5721280650047356}. Best is trial 13 with value: 0.45155247554752004.
[I 2026-08-02 15:53:29,323] Trial 26 finished with value: 0.4085438484684356 and parameters: {'d_c_2d': 0.007331452000240976, 'rho_c_2d': 9.276565738199111e-05, 'd_c_3d': 0.0902860676570581, 'rho_c_3d': 0.000859544496083873, 'depth_scale': 24.97559784359606, 'd_o_2d_factor': 1.324501564473047, 'd_o_3d_factor': 2.779112838932211}. Best is trial 13 with value: 0.45155247554752004.
[I 2026-08-02 15:53:30,777] Trial 27 finished with value: 0.36892381255755013 and parameters: {'d_c_2d': 0.015116998930659922, 'rho_c_2d': 0.0011756197904787445, 'd_c_3d': 0.021470175001386482, 'rho_c_3d': 0.00028847949662487145, 'depth_scale': 73.40577020686389, 'd_o_2d_factor': 1.0088612628423304, 'd_o_3d_factor': 2.24744995997876}. Best is trial 13 with value: 0.45155247554752004.
[I 2026-08-02 15:53:32,333] Trial 28 finished with value: 0.1511721187271593 and parameters: {'d_c_2d': 0.025138715346202448, 'rho_c_2d': 0.0002325682439746487, 'd_c_3d': 0.045009793707648224, 'rho_c_3d': 0.013335029353459824, 'depth_scale': 497.7400508575782, 'd_o_2d_factor': 1.4399016407422396, 'd_o_3d_factor': 2.766744278222078}. Best is trial 13 with value: 0.45155247554752004.
[I 2026-08-02 15:53:34,080] Trial 29 finished with value: 0.2882676820510663 and parameters: {'d_c_2d': 0.0082166698183487, 'rho_c_2d': 0.0007623933250092374, 'd_c_3d': 0.11731115534767197, 'rho_c_3d': 0.0028865569143816205, 'depth_scale': 12.141195492925712, 'd_o_2d_factor': 1.2603709008176724, 'd_o_3d_factor': 2.53812254064857}. Best is trial 13 with value: 0.45155247554752004.
[I 2026-08-02 15:53:35,585] Trial 30 finished with value: 0.30536840452624187 and parameters: {'d_c_2d': 0.011727820161393244, 'rho_c_2d': 3.844018078553415e-05, 'd_c_3d': 0.16560953093191935, 'rho_c_3d': 0.00013845879800885563, 'depth_scale': 978.2606069843334, 'd_o_2d_factor': 1.250460467283728, 'd_o_3d_factor': 1.0440086739262262}. Best is trial 13 with value: 0.45155247554752004.
[I 2026-08-02 15:53:37,113] Trial 31 finished with value: 0.44392615099029303 and parameters: {'d_c_2d': 0.03510976181988621, 'rho_c_2d': 0.0004366046091889788, 'd_c_3d': 0.03537289588348103, 'rho_c_3d': 0.0003931189044128772, 'depth_scale': 175.7263366463583, 'd_o_2d_factor': 1.641474389382039, 'd_o_3d_factor': 2.42418838950836}. Best is trial 13 with value: 0.45155247554752004.
[I 2026-08-02 15:53:38,718] Trial 32 finished with value: 0.44147208000356536 and parameters: {'d_c_2d': 0.028101192343998792, 'rho_c_2d': 0.00019011581750926076, 'd_c_3d': 0.038910560564815164, 'rho_c_3d': 0.0008104505626751711, 'depth_scale': 180.2840272793211, 'd_o_2d_factor': 1.6341051763878807, 'd_o_3d_factor': 2.394493607878324}. Best is trial 13 with value: 0.45155247554752004.
[I 2026-08-02 15:53:40,271] Trial 33 finished with value: 0.3884866849674734 and parameters: {'d_c_2d': 0.015327049953522564, 'rho_c_2d': 0.00010928234099352014, 'd_c_3d': 0.022861806141507457, 'rho_c_3d': 0.0004396921721627786, 'depth_scale': 84.17029438952612, 'd_o_2d_factor': 1.9142182680825568, 'd_o_3d_factor': 1.2137756370532164}. Best is trial 13 with value: 0.45155247554752004.
[I 2026-08-02 15:53:41,895] Trial 34 finished with value: 0.37189781524454224 and parameters: {'d_c_2d': 0.008425042328476528, 'rho_c_2d': 0.0003303752412410698, 'd_c_3d': 0.06030755687863777, 'rho_c_3d': 0.0014900831913098964, 'depth_scale': 2482.044407680433, 'd_o_2d_factor': 1.4612072153382756, 'd_o_3d_factor': 2.6541361472370624}. Best is trial 13 with value: 0.45155247554752004.
[I 2026-08-02 15:53:43,330] Trial 35 finished with value: 0.2758140344767543 and parameters: {'d_c_2d': 0.0059008343694208565, 'rho_c_2d': 0.0017583613930364148, 'd_c_3d': 0.09919622115683654, 'rho_c_3d': 0.00023329467218725098, 'depth_scale': 40.93224530389792, 'd_o_2d_factor': 1.103623920313939, 'd_o_3d_factor': 2.190121391229122}. Best is trial 13 with value: 0.45155247554752004.
[I 2026-08-02 15:53:44,751] Trial 36 finished with value: 0.3469162833230617 and parameters: {'d_c_2d': 0.03503831799619248, 'rho_c_2d': 5.0911661125361245e-05, 'd_c_3d': 0.026334325778905154, 'rho_c_3d': 0.0020404675318778484, 'depth_scale': 3.3707129314492787, 'd_o_2d_factor': 1.624571761572319, 'd_o_3d_factor': 2.8723969150988555}. Best is trial 13 with value: 0.45155247554752004.
[I 2026-08-02 15:53:46,284] Trial 37 finished with value: 0.35520604802833977 and parameters: {'d_c_2d': 0.06730770943737006, 'rho_c_2d': 0.0008477875998871951, 'd_c_3d': 0.016193474109679466, 'rho_c_3d': 0.0003524228149079193, 'depth_scale': 59.291035973513935, 'd_o_2d_factor': 1.3431280705953417, 'd_o_3d_factor': 1.92428044513642}. Best is trial 13 with value: 0.45155247554752004.
[I 2026-08-02 15:53:48,055] Trial 38 finished with value: 0.3227046913541594 and parameters: {'d_c_2d': 0.003798974234444317, 'rho_c_2d': 0.00048475346570218443, 'd_c_3d': 0.011408855408860757, 'rho_c_3d': 0.00019188551094991246, 'depth_scale': 296.7995540659694, 'd_o_2d_factor': 1.219690623141937, 'd_o_3d_factor': 2.0525915288751535}. Best is trial 13 with value: 0.45155247554752004.
[I 2026-08-02 15:53:49,672] Trial 39 finished with value: 0.40223121844590776 and parameters: {'d_c_2d': 0.02092007767157095, 'rho_c_2d': 0.00016361519774057864, 'd_c_3d': 0.01972155536218957, 'rho_c_3d': 0.00010067513876696753, 'depth_scale': 703.0190141176745, 'd_o_2d_factor': 1.3697418591396069, 'd_o_3d_factor': 2.534581801947891}. Best is trial 13 with value: 0.45155247554752004.
[I 2026-08-02 15:53:51,310] Trial 40 finished with value: 0.23443721017377864 and parameters: {'d_c_2d': 0.015507093186505505, 'rho_c_2d': 0.00011002762149340447, 'd_c_3d': 0.0670267740297416, 'rho_c_3d': 0.0058503658504422285, 'depth_scale': 1771.057799778895, 'd_o_2d_factor': 1.89835555425806, 'd_o_3d_factor': 2.307193854160942}. Best is trial 13 with value: 0.45155247554752004.
[I 2026-08-02 15:53:52,710] Trial 41 finished with value: 0.4437949137241353 and parameters: {'d_c_2d': 0.040183680042818824, 'rho_c_2d': 0.00048398029961426944, 'd_c_3d': 0.035943378452749294, 'rho_c_3d': 7.130004382045186e-05, 'depth_scale': 164.45004048647897, 'd_o_2d_factor': 1.6930018463090812, 'd_o_3d_factor': 2.4180847913865837}. Best is trial 13 with value: 0.45155247554752004.
[I 2026-08-02 15:53:54,295] Trial 42 finished with value: 0.44227920666812326 and parameters: {'d_c_2d': 0.04671784581048611, 'rho_c_2d': 0.00022864739317621493, 'd_c_3d': 0.03283236757057451, 'rho_c_3d': 9.372844065440291e-05, 'depth_scale': 195.33872915343034, 'd_o_2d_factor': 1.6178185487613843, 'd_o_3d_factor': 2.452785530921039}. Best is trial 13 with value: 0.45155247554752004.
[I 2026-08-02 15:53:55,783] Trial 43 finished with value: 0.4515011809768178 and parameters: {'d_c_2d': 0.08435079965964687, 'rho_c_2d': 0.00032387049821193755, 'd_c_3d': 0.05016503626863786, 'rho_c_3d': 0.0001627369860725148, 'depth_scale': 119.49102593172886, 'd_o_2d_factor': 2.959690542798723, 'd_o_3d_factor': 2.114765820615946}. Best is trial 13 with value: 0.45155247554752004.
[I 2026-08-02 15:53:57,203] Trial 44 finished with value: 0.3884061926447259 and parameters: {'d_c_2d': 0.09778686325227877, 'rho_c_2d': 0.0009207506696188185, 'd_c_3d': 0.05415865240010785, 'rho_c_3d': 0.00018494052034056, 'depth_scale': 100.93811123471968, 'd_o_2d_factor': 2.8563670167397373, 'd_o_3d_factor': 2.121158949244968}. Best is trial 13 with value: 0.45155247554752004.
[I 2026-08-02 15:53:58,753] Trial 45 finished with value: 0.41085360571519425 and parameters: {'d_c_2d': 0.10944457439902303, 'rho_c_2d': 0.000511626884430685, 'd_c_3d': 0.0253225921231652, 'rho_c_3d': 0.00015346358825195052, 'depth_scale': 504.8267934513249, 'd_o_2d_factor': 2.3539464885449273, 'd_o_3d_factor': 1.9455747018447167}. Best is trial 13 with value: 0.45155247554752004.
[I 2026-08-02 15:54:00,243] Trial 46 finished with value: 0.44313503555249245 and parameters: {'d_c_2d': 0.08792061742293034, 'rho_c_2d': 0.00034217291468970236, 'd_c_3d': 0.03806519055306697, 'rho_c_3d': 8.119876006995036e-05, 'depth_scale': 379.02902394029763, 'd_o_2d_factor': 2.7581249316727394, 'd_o_3d_factor': 2.254833018939625}. Best is trial 13 with value: 0.45155247554752004.
[I 2026-08-02 15:54:01,624] Trial 47 finished with value: 0.3300943126607602 and parameters: {'d_c_2d': 0.06069895789107943, 'rho_c_2d': 0.0018133717319439027, 'd_c_3d': 0.0504438143834667, 'rho_c_3d': 0.0006179128402234558, 'depth_scale': 180.9405307971399, 'd_o_2d_factor': 2.5811473551049815, 'd_o_3d_factor': 1.8460216049334424}. Best is trial 13 with value: 0.45155247554752004.
[I 2026-08-02 15:54:03,312] Trial 48 finished with value: 0.4378188896881418 and parameters: {'d_c_2d': 0.002111873348956562, 'rho_c_2d': 0.00013818779043481, 'd_c_3d': 0.07418437779065802, 'rho_c_3d': 0.00012761896408967682, 'depth_scale': 120.32950898060002, 'd_o_2d_factor': 2.241104976213171, 'd_o_3d_factor': 2.1467254893797385}. Best is trial 13 with value: 0.45155247554752004.
[I 2026-08-02 15:54:04,727] Trial 49 finished with value: 0.21701123200676312 and parameters: {'d_c_2d': 0.07250062215633048, 'rho_c_2d': 0.00595102911903027, 'd_c_3d': 0.03148695047036966, 'rho_c_3d': 6.060399947519916e-05, 'depth_scale': 278.82319079017725, 'd_o_2d_factor': 2.1366113081565064, 'd_o_3d_factor': 2.3054796608803967}. Best is trial 13 with value: 0.45155247554752004.
[I 2026-08-02 15:54:06,114] Trial 50 finished with value: 0.4056735359296795 and parameters: {'d_c_2d': 0.13604327243425526, 'rho_c_2d': 0.0005924133560226782, 'd_c_3d': 0.040227729996504896, 'rho_c_3d': 0.0003077887408424379, 'depth_scale': 151.99745114620583, 'd_o_2d_factor': 2.9863188840618764, 'd_o_3d_factor': 1.6684984184864156}. Best is trial 13 with value: 0.45155247554752004.
[I 2026-08-02 15:54:07,696] Trial 51 finished with value: 0.44611331483382605 and parameters: {'d_c_2d': 0.08189147289301366, 'rho_c_2d': 0.0003467007510072232, 'd_c_3d': 0.03670316006298017, 'rho_c_3d': 7.78484846935301e-05, 'depth_scale': 367.9082644367519, 'd_o_2d_factor': 2.7741628690011537, 'd_o_3d_factor': 2.245320289044309}. Best is trial 13 with value: 0.45155247554752004.
[I 2026-08-02 15:54:09,238] Trial 52 finished with value: 0.44096472769597994 and parameters: {'d_c_2d': 0.04808183286583401, 'rho_c_2d': 0.0003828896234185574, 'd_c_3d': 0.03292050793805821, 'rho_c_3d': 0.00010706852091144031, 'depth_scale': 215.10897867388948, 'd_o_2d_factor': 2.6435194316002915, 'd_o_3d_factor': 2.443916003140562}. Best is trial 13 with value: 0.45155247554752004.
[I 2026-08-02 15:54:10,665] Trial 53 finished with value: 0.45048669667154484 and parameters: {'d_c_2d': 0.05243072993173499, 'rho_c_2d': 0.0002963270645927202, 'd_c_3d': 0.05225990013200033, 'rho_c_3d': 8.441421875638335e-05, 'depth_scale': 570.7596838475713, 'd_o_2d_factor': 2.8200800751815627, 'd_o_3d_factor': 2.027274370645622}. Best is trial 13 with value: 0.45155247554752004.
[I 2026-08-02 15:54:12,194] Trial 54 finished with value: 0.4195445823438422 and parameters: {'d_c_2d': 0.12437644273085455, 'rho_c_2d': 0.00029921651719777207, 'd_c_3d': 0.07655745764207593, 'rho_c_3d': 0.0002056754831580294, 'depth_scale': 911.6068558803514, 'd_o_2d_factor': 2.917874179736433, 'd_o_3d_factor': 2.029224497671838}. Best is trial 13 with value: 0.45155247554752004.
[I 2026-08-02 15:54:13,644] Trial 55 finished with value: 0.3955421439184242 and parameters: {'d_c_2d': 0.19514664091613285, 'rho_c_2d': 0.00017057678474547376, 'd_c_3d': 0.06085979416678326, 'rho_c_3d': 0.00015246206785990958, 'depth_scale': 508.69927284001665, 'd_o_2d_factor': 2.804986045496754, 'd_o_3d_factor': 1.8811434912761866}. Best is trial 13 with value: 0.45155247554752004.
[I 2026-08-02 15:54:15,018] Trial 56 finished with value: 0.4236237981082026 and parameters: {'d_c_2d': 0.05613284947607519, 'rho_c_2d': 0.000711228208861517, 'd_c_3d': 0.05095244202722348, 'rho_c_3d': 0.00010781211908382597, 'depth_scale': 334.15959802091817, 'd_o_2d_factor': 2.7473600644088854, 'd_o_3d_factor': 2.097290741796229}. Best is trial 13 with value: 0.45155247554752004.
[I 2026-08-02 15:54:16,659] Trial 57 finished with value: 0.43123646297918533 and parameters: {'d_c_2d': 0.08723207848331585, 'rho_c_2d': 6.26448114902686e-05, 'd_c_3d': 0.04440096888849157, 'rho_c_3d': 0.0006518182633155283, 'depth_scale': 753.2238563104621, 'd_o_2d_factor': 2.9886347986282864, 'd_o_3d_factor': 2.319235039008589}. Best is trial 13 with value: 0.45155247554752004.
[I 2026-08-02 15:54:18,084] Trial 58 finished with value: 0.39114883771790177 and parameters: {'d_c_2d': 0.0740207578215569, 'rho_c_2d': 0.0002966264884380125, 'd_c_3d': 0.10619627171578055, 'rho_c_3d': 8.622203356922738e-05, 'depth_scale': 428.3103850338848, 'd_o_2d_factor': 2.656200903626305, 'd_o_3d_factor': 2.595430008196078}. Best is trial 13 with value: 0.45155247554752004.
[I 2026-08-02 15:54:19,557] Trial 59 finished with value: 0.3972110118093555 and parameters: {'d_c_2d': 0.03296329885919343, 'rho_c_2d': 0.0009487068399713872, 'd_c_3d': 0.028319562859822293, 'rho_c_3d': 0.00024861389990963944, 'depth_scale': 609.7505361560956, 'd_o_2d_factor': 2.549794688455693, 'd_o_3d_factor': 1.9788479732699191}. Best is trial 13 with value: 0.45155247554752004.
[I 2026-08-02 15:54:21,154] Trial 60 finished with value: 0.41542903513562335 and parameters: {'d_c_2d': 0.024948651887712236, 'rho_c_2d': 0.00040444153196467116, 'd_c_3d': 0.06911713389979231, 'rho_c_3d': 0.00017872843143731883, 'depth_scale': 1311.7583865216018, 'd_o_2d_factor': 2.907293185131072, 'd_o_3d_factor': 2.1805912119721684}. Best is trial 13 with value: 0.45155247554752004.
[I 2026-08-02 15:54:22,571] Trial 61 finished with value: 0.4366613688074232 and parameters: {'d_c_2d': 0.054082577332241935, 'rho_c_2d': 0.0005523152153309246, 'd_c_3d': 0.036540763735222324, 'rho_c_3d': 7.280100323208446e-05, 'depth_scale': 95.86711722647313, 'd_o_2d_factor': 1.9547021728303933, 'd_o_3d_factor': 2.3797468400925332}. Best is trial 13 with value: 0.45155247554752004.
[I 2026-08-02 15:54:24,150] Trial 62 finished with value: 0.4491888721201739 and parameters: {'d_c_2d': 0.042495844174426686, 'rho_c_2d': 0.00044591050661459537, 'd_c_3d': 0.042523801354448144, 'rho_c_3d': 7.622107237626367e-05, 'depth_scale': 144.01824130792272, 'd_o_2d_factor': 1.094557193794877, 'd_o_3d_factor': 2.236851030548707}. Best is trial 13 with value: 0.45155247554752004.
[I 2026-08-02 15:54:25,738] Trial 63 finished with value: 0.45372472221982885 and parameters: {'d_c_2d': 0.043318339619942345, 'rho_c_2d': 0.0002273833236510353, 'd_c_3d': 0.042747090956744664, 'rho_c_3d': 0.00012568076966799693, 'depth_scale': 243.06114693942646, 'd_o_2d_factor': 1.0869970327565663, 'd_o_3d_factor': 2.509320544223244}. Best is trial 63 with value: 0.45372472221982885.
[I 2026-08-02 15:54:27,304] Trial 64 finished with value: 0.4137676508892933 and parameters: {'d_c_2d': 0.009660579194219573, 'rho_c_2d': 0.0001997702961522127, 'd_c_3d': 0.08328852471590684, 'rho_c_3d': 8.602751675824268e-05, 'depth_scale': 247.59909337072196, 'd_o_2d_factor': 1.0822229580261022, 'd_o_3d_factor': 2.2555574503937112}. Best is trial 63 with value: 0.45372472221982885.
