[I 2026-08-02 15:54:29,007] Trial 65 finished with value: 0.4552674282239997 and parameters: {'d_c_2d': 0.0028355625923651494, 'rho_c_2d': 0.0001298855713365891, 'd_c_3d': 0.04330197779381318, 'rho_c_3d': 0.00012611874327705223, 'depth_scale': 113.69074522408913, 'd_o_2d_factor': 1.0085312971936728, 'd_o_3d_factor': 2.712266114057922}. Best is trial 65 with value: 0.4552674282239997.
[I 2026-08-02 15:54:30,683] Trial 66 finished with value: 0.4548136174673747 and parameters: {'d_c_2d': 0.002670892025519806, 'rho_c_2d': 0.00013420198308121203, 'd_c_3d': 0.053682736166031995, 'rho_c_3d': 0.00012314884053017571, 'depth_scale': 51.210834511873124, 'd_o_2d_factor': 1.1887406154083524, 'd_o_3d_factor': 2.7147124764922075}. Best is trial 65 with value: 0.4552674282239997.
[I 2026-08-02 15:54:32,322] Trial 67 finished with value: 0.4431680311164559 and parameters: {'d_c_2d': 0.0026022367003598603, 'rho_c_2d': 0.00012636527392378662, 'd_c_3d': 0.0564055353745099, 'rho_c_3d': 0.00012486881153251497, 'depth_scale': 32.405627488703786, 'd_o_2d_factor': 1.1736498112804117, 'd_o_3d_factor': 2.9699649289989205}. Best is trial 65 with value: 0.4552674282239997.
[I 2026-08-02 15:54:34,030] Trial 68 finished with value: 0.45625423099669465 and parameters: {'d_c_2d': 0.00401318814253746, 'rho_c_2d': 0.00020361999825656816, 'd_c_3d': 0.04377824505188009, 'rho_c_3d': 6.025392228800298e-05, 'depth_scale': 123.17735792076569, 'd_o_2d_factor': 1.0812880038806938, 'd_o_3d_factor': 2.847776152441189}. Best is trial 68 with value: 0.45625423099669465.
[I 2026-08-02 15:54:35,607] Trial 69 finished with value: 0.45963626777446237 and parameters: {'d_c_2d': 0.0034425669770663998, 'rho_c_2d': 9.479925068573106e-05, 'd_c_3d': 0.04846557560245109, 'rho_c_3d': 0.00012878013451239018, 'depth_scale': 117.46928002419705, 'd_o_2d_factor': 1.037753358972146, 'd_o_3d_factor': 2.8395483238222345}. Best is trial 69 with value: 0.45963626777446237.
[I 2026-08-02 15:54:37,295] Trial 70 finished with value: 0.4510125989843708 and parameters: {'d_c_2d': 0.003509475261834711, 'rho_c_2d': 6.344800866320461e-05, 'd_c_3d': 0.06344828851097571, 'rho_c_3d': 0.00012312443515447068, 'depth_scale': 44.76544584754075, 'd_o_2d_factor': 1.0021311613149693, 'd_o_3d_factor': 2.8672402404434103}. Best is trial 69 with value: 0.45963626777446237.
[I 2026-08-02 15:54:38,907] Trial 71 finished with value: 0.45131647333691666 and parameters: {'d_c_2d': 0.003673587094203872, 'rho_c_2d': 6.897155064336528e-05, 'd_c_3d': 0.06138415287802388, 'rho_c_3d': 0.00012544391212748242, 'depth_scale': 48.40987002076247, 'd_o_2d_factor': 1.0430235057696122, 'd_o_3d_factor': 2.8747192473388266}. Best is trial 69 with value: 0.45963626777446237.
[I 2026-08-02 15:54:40,470] Trial 72 finished with value: 0.4573283348373012 and parameters: {'d_c_2d': 0.0046250786293528185, 'rho_c_2d': 9.796061058181397e-05, 'd_c_3d': 0.049088389059970663, 'rho_c_3d': 0.0001536832302537839, 'depth_scale': 69.68206337790022, 'd_o_2d_factor': 1.14126566113495, 'd_o_3d_factor': 2.7057600938541433}. Best is trial 69 with value: 0.45963626777446237.
[I 2026-08-02 15:54:42,066] Trial 73 finished with value: 0.012939907852171357 and parameters: {'d_c_2d': 0.004458045443546008, 'rho_c_2d': 8.152924623268566e-05, 'd_c_3d': 0.04469904210361426, 'rho_c_3d': 0.05913724976709623, 'depth_scale': 64.18061829441037, 'd_o_2d_factor': 1.280829534905282, 'd_o_3d_factor': 2.685137956118071}. Best is trial 69 with value: 0.45963626777446237.
[I 2026-08-02 15:54:43,634] Trial 74 finished with value: 0.4599978821816002 and parameters: {'d_c_2d': 0.002855052204578153, 'rho_c_2d': 9.037416560677077e-05, 'd_c_3d': 0.05033181930824491, 'rho_c_3d': 0.00016441279186111806, 'depth_scale': 119.17903459892078, 'd_o_2d_factor': 1.177396204170084, 'd_o_3d_factor': 2.7223396711421577}. Best is trial 74 with value: 0.4599978821816002.
[I 2026-08-02 15:54:45,280] Trial 75 finished with value: 0.42683458126876994 and parameters: {'d_c_2d': 0.0029677687130773324, 'rho_c_2d': 9.60528466377723e-05, 'd_c_3d': 0.08783805756544653, 'rho_c_3d': 0.00023638956832311973, 'depth_scale': 81.8334317746091, 'd_o_2d_factor': 1.192113232508674, 'd_o_3d_factor': 2.7120099510086915}. Best is trial 74 with value: 0.4599978821816002.
[I 2026-08-02 15:54:47,086] Trial 76 finished with value: 0.31847554806070827 and parameters: {'d_c_2d': 0.003069163600803135, 'rho_c_2d': 2.9006451993297414e-05, 'd_c_3d': 0.030238777130288042, 'rho_c_3d': 0.00010400260414166543, 'depth_scale': 33.347064278463534, 'd_o_2d_factor': 1.1293784158501041, 'd_o_3d_factor': 2.788445225251372}. Best is trial 74 with value: 0.4599978821816002.
[I 2026-08-02 15:54:48,824] Trial 77 finished with value: 0.2512955531130995 and parameters: {'d_c_2d': 0.004688264911318456, 'rho_c_2d': 0.00012263442226831154, 'd_c_3d': 0.006570914883333539, 'rho_c_3d': 0.00020336352700734515, 'depth_scale': 24.44371538673623, 'd_o_2d_factor': 1.2943945195539142, 'd_o_3d_factor': 2.927538892481756}. Best is trial 74 with value: 0.4599978821816002.
[I 2026-08-02 15:54:50,496] Trial 78 finished with value: 0.44131659333078294 and parameters: {'d_c_2d': 0.0024454702638769094, 'rho_c_2d': 8.560769634066812e-05, 'd_c_3d': 0.07211740120648158, 'rho_c_3d': 6.148940712783174e-05, 'depth_scale': 112.14539903290607, 'd_o_2d_factor': 1.0696419604757734, 'd_o_3d_factor': 2.6116603881518135}. Best is trial 74 with value: 0.4599978821816002.
[I 2026-08-02 15:54:52,180] Trial 79 finished with value: 0.17284404540225115 and parameters: {'d_c_2d': 0.002009520932549475, 'rho_c_2d': 5.233378568606974e-05, 'd_c_3d': 0.3788250177275169, 'rho_c_3d': 0.0003252271747442019, 'depth_scale': 80.06633958008261, 'd_o_2d_factor': 1.1531623018209605, 'd_o_3d_factor': 2.804717229816108}. Best is trial 74 with value: 0.4599978821816002.
  best f1 0.4600  d_c_2d=0.002855  rho_c_2d=9.037e-05  d_c_3d=0.05033  rho_c_3d=0.0001644  depth_scale=119.2  d_o_2d=0.003362  d_o_3d=0.137

=== hce ===
[I 2026-08-02 15:54:52,182] A new study created in memory with name: clue_etaphi_hce
[I 2026-08-02 15:54:53,753] Trial 0 finished with value: 0.12581007534916586 and parameters: {'d_c_2d': 0.011223032830669005, 'rho_c_2d': 0.014228952018686835, 'd_c_3d': 0.1297900498304256, 'rho_c_3d': 0.0037508241447130456, 'depth_scale': 6.259785270018362, 'd_o_2d_factor': 1.3119890406724053, 'd_o_3d_factor': 1.116167224336399}. Best is trial 0 with value: 0.12581007534916586.
[I 2026-08-02 15:54:55,740] Trial 1 finished with value: 0.21651825247272777 and parameters: {'d_c_2d': 0.1079896881957486, 'rho_c_2d': 0.0012716717713352498, 'd_c_3d': 0.1173845702294355, 'rho_c_3d': 6.916792276939434e-05, 'depth_scale': 2407.421857088805, 'd_o_2d_factor': 2.6648852816008435, 'd_o_3d_factor': 1.4246782213565523}. Best is trial 1 with value: 0.21651825247272777.
[I 2026-08-02 15:54:58,408] Trial 2 finished with value: 0.22002058864528737 and parameters: {'d_c_2d': 0.004620403775690588, 'rho_c_2d': 7.099757664393009e-05, 'd_c_3d': 0.021530857998673606, 'rho_c_3d': 0.0022512335130745677, 'depth_scale': 47.08979434618054, 'd_o_2d_factor': 1.5824582803960838, 'd_o_3d_factor': 2.223705789444759}. Best is trial 2 with value: 0.22002058864528737.
[I 2026-08-02 15:55:01,616] Trial 3 finished with value: 0.21058377865923036 and parameters: {'d_c_2d': 0.0038020490639740718, 'rho_c_2d': 0.00015047485769069703, 'd_c_3d': 0.02794871330242506, 'rho_c_3d': 0.001400751844560973, 'depth_scale': 623.4770953703814, 'd_o_2d_factor': 1.3993475643167195, 'd_o_3d_factor': 2.0284688768272234}. Best is trial 2 with value: 0.22002058864528737.
[I 2026-08-02 15:55:04,654] Trial 4 finished with value: 0.11930529863164288 and parameters: {'d_c_2d': 0.03060970424366292, 'rho_c_2d': 2.7566474910014377e-05, 'd_c_3d': 0.07695868110475171, 'rho_c_3d': 0.00019486041423764672, 'depth_scale': 3.2183983101446056, 'd_o_2d_factor': 2.8977710745066663, 'd_o_3d_factor': 2.9312640661491187}. Best is trial 2 with value: 0.22002058864528737.
[I 2026-08-02 15:55:06,572] Trial 5 finished with value: 0.22495222983761126 and parameters: {'d_c_2d': 0.08276080225122026, 'rho_c_2d': 0.0001640103680449166, 'd_c_3d': 0.00904266147828176, 'rho_c_3d': 0.006774080135455596, 'depth_scale': 50.002818368273395, 'd_o_2d_factor': 1.2440764696895577, 'd_o_3d_factor': 1.9903538202225404}. Best is trial 5 with value: 0.22495222983761126.
[I 2026-08-02 15:55:08,322] Trial 6 finished with value: 0.17417040686450638 and parameters: {'d_c_2d': 0.002343187478461412, 'rho_c_2d': 0.010690332221293631, 'd_c_3d': 0.017788622579490466, 'rho_c_3d': 0.005830665183035777, 'depth_scale': 19.545771609886366, 'd_o_2d_factor': 2.0401360423556216, 'd_o_3d_factor': 2.0934205586865593}. Best is trial 5 with value: 0.22495222983761126.
[I 2026-08-02 15:55:09,982] Trial 7 finished with value: 0.03471618000208819 and parameters: {'d_c_2d': 0.00468531621164081, 'rho_c_2d': 0.016210032252823154, 'd_c_3d': 0.15556890050203634, 'rho_c_3d': 0.03950463696072965, 'depth_scale': 1390.2193266489144, 'd_o_2d_factor': 2.19579995762217, 'd_o_3d_factor': 2.8437484700462337}. Best is trial 5 with value: 0.22495222983761126.
[I 2026-08-02 15:55:13,384] Trial 8 finished with value: 0.12582573880336623 and parameters: {'d_c_2d': 0.003006180129011365, 'rho_c_2d': 7.744236064349156e-05, 'd_c_3d': 0.007255071518606134, 'rho_c_3d': 0.0005677305213876886, 'depth_scale': 34.316622559839516, 'd_o_2d_factor': 1.5426980635477918, 'd_o_3d_factor': 2.6574750183038587}. Best is trial 5 with value: 0.22495222983761126.
[I 2026-08-02 15:55:16,771] Trial 9 finished with value: 0.17329770823825952 and parameters: {'d_c_2d': 0.010340383572733983, 'rho_c_2d': 0.00013926228755658574, 'd_c_3d': 0.05861103359206554, 'rho_c_3d': 0.00015882685096930892, 'depth_scale': 706.1237424117352, 'd_o_2d_factor': 1.1491012873595416, 'd_o_3d_factor': 2.9737738732010346}. Best is trial 5 with value: 0.22495222983761126.
[I 2026-08-02 15:55:18,690] Trial 10 finished with value: 0.05130766533119374 and parameters: {'d_c_2d': 0.1733725799762997, 'rho_c_2d': 0.000949691804985748, 'd_c_3d': 0.3519641756146904, 'rho_c_3d': 0.037585668248288046, 'depth_scale': 157.97700204402628, 'd_o_2d_factor': 2.0818878163510957, 'd_o_3d_factor': 1.6098190365094687}. Best is trial 5 with value: 0.22495222983761126.
[I 2026-08-02 15:55:20,690] Trial 11 finished with value: 0.21923598245149703 and parameters: {'d_c_2d': 0.05697538953987133, 'rho_c_2d': 0.0004205680941325667, 'd_c_3d': 0.006126971764457683, 'rho_c_3d': 0.008576150561306731, 'depth_scale': 78.9226120070391, 'd_o_2d_factor': 1.7149084059995106, 'd_o_3d_factor': 2.2921620531929134}. Best is trial 5 with value: 0.22495222983761126.
[I 2026-08-02 15:55:23,551] Trial 12 finished with value: 0.21139193389721708 and parameters: {'d_c_2d': 0.020063103304001528, 'rho_c_2d': 2.563043170959418e-05, 'd_c_3d': 0.015048955591813245, 'rho_c_3d': 0.0015416326349984354, 'depth_scale': 140.92816204556829, 'd_o_2d_factor': 1.0106122182392148, 'd_o_3d_factor': 2.3999155671566257}. Best is trial 5 with value: 0.22495222983761126.
[I 2026-08-02 15:55:25,657] Trial 13 finished with value: 0.17982792392677643 and parameters: {'d_c_2d': 0.047874383885627536, 'rho_c_2d': 0.000318814544964114, 'd_c_3d': 0.0126704990910102, 'rho_c_3d': 0.014689744855707823, 'depth_scale': 15.181860494371854, 'd_o_2d_factor': 1.7248581098900568, 'd_o_3d_factor': 1.7603294130830773}. Best is trial 5 with value: 0.22495222983761126.
[I 2026-08-02 15:55:28,380] Trial 14 finished with value: 0.2311380219136033 and parameters: {'d_c_2d': 0.009126131588096595, 'rho_c_2d': 6.317369039260642e-05, 'd_c_3d': 0.03326967351700577, 'rho_c_3d': 0.001918758401649045, 'depth_scale': 61.8960891503976, 'd_o_2d_factor': 1.727887371589601, 'd_o_3d_factor': 1.9489413973447822}. Best is trial 14 with value: 0.2311380219136033.
[I 2026-08-02 15:55:30,273] Trial 15 finished with value: 0.2222318556124856 and parameters: {'d_c_2d': 0.01149445617942375, 'rho_c_2d': 0.003094100986415824, 'd_c_3d': 0.03652487854963103, 'rho_c_3d': 0.0006424006820171811, 'depth_scale': 249.47688810056434, 'd_o_2d_factor': 1.886112285484486, 'd_o_3d_factor': 1.884523830644152}. Best is trial 14 with value: 0.2311380219136033.
[I 2026-08-02 15:55:32,288] Trial 16 finished with value: 0.18604312682016116 and parameters: {'d_c_2d': 0.10157033308340868, 'rho_c_2d': 5.300210872562201e-05, 'd_c_3d': 0.009830666772559313, 'rho_c_3d': 0.014093000702359406, 'depth_scale': 8.570103031764209, 'd_o_2d_factor': 1.2620832562856352, 'd_o_3d_factor': 1.4042785754431928}. Best is trial 14 with value: 0.2311380219136033.
[I 2026-08-02 15:55:35,280] Trial 17 finished with value: 0.1563892476359649 and parameters: {'d_c_2d': 0.02140821450090813, 'rho_c_2d': 0.000244420547581975, 'd_c_3d': 0.04214524470302307, 'rho_c_3d': 0.0005161166916389952, 'depth_scale': 53.8619718313232, 'd_o_2d_factor': 2.354263603603098, 'd_o_3d_factor': 2.561867154470488}. Best is trial 14 with value: 0.2311380219136033.
[I 2026-08-02 15:55:37,497] Trial 18 finished with value: 0.225677420327131 and parameters: {'d_c_2d': 0.006823798978991673, 'rho_c_2d': 0.0007666720302239392, 'd_c_3d': 0.009481329656190397, 'rho_c_3d': 0.0032284849933095034, 'depth_scale': 305.08733612336664, 'd_o_2d_factor': 2.436176967903438, 'd_o_3d_factor': 1.84097637798275}. Best is trial 14 with value: 0.2311380219136033.
[I 2026-08-02 15:55:39,475] Trial 19 finished with value: 0.22548058232251442 and parameters: {'d_c_2d': 0.007091463855080479, 'rho_c_2d': 0.0026338587188572404, 'd_c_3d': 0.025514998548413884, 'rho_c_3d': 0.0023310433818168586, 'depth_scale': 445.17317433060384, 'd_o_2d_factor': 2.569576640300604, 'd_o_3d_factor': 1.6406794705158332}. Best is trial 14 with value: 0.2311380219136033.
[I 2026-08-02 15:55:42,062] Trial 20 finished with value: 0.13915154344030428 and parameters: {'d_c_2d': 0.006522947357151471, 'rho_c_2d': 0.0006652887282978745, 'd_c_3d': 0.29037933868668087, 'rho_c_3d': 0.0009838437988745634, 'depth_scale': 233.72186822524176, 'd_o_2d_factor': 2.4851516689053788, 'd_o_3d_factor': 1.081399758537195}. Best is trial 14 with value: 0.2311380219136033.
[I 2026-08-02 15:55:44,031] Trial 21 finished with value: 0.22453122397986489 and parameters: {'d_c_2d': 0.007353141300314313, 'rho_c_2d': 0.002983140152774764, 'd_c_3d': 0.025469000039359747, 'rho_c_3d': 0.002808203369813839, 'depth_scale': 475.7609817797984, 'd_o_2d_factor': 2.9617174871751195, 'd_o_3d_factor': 1.6417360515718658}. Best is trial 14 with value: 0.2311380219136033.
[I 2026-08-02 15:55:45,743] Trial 22 finished with value: 0.21574234789457183 and parameters: {'d_c_2d': 0.008000018334540346, 'rho_c_2d': 0.003224859654155178, 'd_c_3d': 0.03890309519510961, 'rho_c_3d': 0.0036193001799071775, 'depth_scale': 1216.7336184320195, 'd_o_2d_factor': 2.6920868325608724, 'd_o_3d_factor': 1.7903703006150813}. Best is trial 14 with value: 0.2311380219136033.
[I 2026-08-02 15:55:47,622] Trial 23 finished with value: 0.18702037788461207 and parameters: {'d_c_2d': 0.018192059323900407, 'rho_c_2d': 0.0064708342260556655, 'd_c_3d': 0.06429363314454485, 'rho_c_3d': 0.001489442693720342, 'depth_scale': 346.4141874382793, 'd_o_2d_factor': 2.396193280010803, 'd_o_3d_factor': 1.4190120738064569}. Best is trial 14 with value: 0.2311380219136033.
[I 2026-08-02 15:55:49,807] Trial 24 finished with value: 0.19689485632383574 and parameters: {'d_c_2d': 0.015625269666997357, 'rho_c_2d': 0.0015509317565501998, 'd_c_3d': 0.01191435133461784, 'rho_c_3d': 0.00028986252570145567, 'depth_scale': 97.94540818772458, 'd_o_2d_factor': 2.585285248070201, 'd_o_3d_factor': 1.5718484507638895}. Best is trial 14 with value: 0.2311380219136033.
[I 2026-08-02 15:55:52,277] Trial 25 finished with value: 0.180194904692831 and parameters: {'d_c_2d': 0.005515516185517155, 'rho_c_2d': 0.0006698427397168411, 'd_c_3d': 0.018549038155393282, 'rho_c_3d': 0.011540992012310616, 'depth_scale': 1178.1744457863667, 'd_o_2d_factor': 2.809225571096346, 'd_o_3d_factor': 1.8817622235469658}. Best is trial 14 with value: 0.2311380219136033.
[I 2026-08-02 15:55:53,991] Trial 26 finished with value: 0.20368646418962072 and parameters: {'d_c_2d': 0.0027514239053842036, 'rho_c_2d': 0.007146109173527276, 'd_c_3d': 0.02563362343504052, 'rho_c_3d': 0.0045919629798834355, 'depth_scale': 160.28950194027172, 'd_o_2d_factor': 2.198675128749006, 'd_o_3d_factor': 1.2941687509486466}. Best is trial 14 with value: 0.2311380219136033.
[I 2026-08-02 15:55:55,995] Trial 27 finished with value: 0.2230858938823151 and parameters: {'d_c_2d': 0.02910639179606764, 'rho_c_2d': 0.0023507996005033725, 'd_c_3d': 0.05021661933364327, 'rho_c_3d': 0.00220087588602673, 'depth_scale': 401.98445139764624, 'd_o_2d_factor': 1.9223535115390245, 'd_o_3d_factor': 2.18133711733157}. Best is trial 14 with value: 0.2311380219136033.
[I 2026-08-02 15:55:57,634] Trial 28 finished with value: 0.08862513369857938 and parameters: {'d_c_2d': 0.00832937333696362, 'rho_c_2d': 0.006162263915933621, 'd_c_3d': 0.08727750038588673, 'rho_c_3d': 0.022764491265019723, 'depth_scale': 2619.056924140186, 'd_o_2d_factor': 2.2845352466521747, 'd_o_3d_factor': 1.746961667245061}. Best is trial 14 with value: 0.2311380219136033.
[I 2026-08-02 15:55:59,852] Trial 29 finished with value: 0.20865437052880415 and parameters: {'d_c_2d': 0.012583908593211781, 'rho_c_2d': 0.001809720023060341, 'd_c_3d': 0.0328062338799371, 'rho_c_3d': 0.0009223646028915183, 'depth_scale': 21.938767590062223, 'd_o_2d_factor': 2.4980588680539917, 'd_o_3d_factor': 1.2068256801741288}. Best is trial 14 with value: 0.2311380219136033.
[I 2026-08-02 15:56:02,198] Trial 30 finished with value: 0.2267972662082498 and parameters: {'d_c_2d': 0.0020145351376567888, 'rho_c_2d': 0.0005435212571205125, 'd_c_3d': 0.009179700715025083, 'rho_c_3d': 0.003252849007509514, 'depth_scale': 260.4938778252704, 'd_o_2d_factor': 2.807226524894877, 'd_o_3d_factor': 1.9351814014735225}. Best is trial 14 with value: 0.2311380219136033.
[I 2026-08-02 15:56:04,723] Trial 31 finished with value: 0.229269330014843 and parameters: {'d_c_2d': 0.0021261308335897167, 'rho_c_2d': 0.0005310173571703496, 'd_c_3d': 0.008685016519593143, 'rho_c_3d': 0.003661244730112651, 'depth_scale': 259.77753002116765, 'd_o_2d_factor': 2.7695057465552666, 'd_o_3d_factor': 1.8674110688692638}. Best is trial 14 with value: 0.2311380219136033.
[I 2026-08-02 15:56:06,999] Trial 32 finished with value: 0.22933000486328675 and parameters: {'d_c_2d': 0.0020451791545691707, 'rho_c_2d': 0.0005400384824535184, 'd_c_3d': 0.008397444116390925, 'rho_c_3d': 0.0036179535876106478, 'depth_scale': 251.49912151391902, 'd_o_2d_factor': 2.775291688819494, 'd_o_3d_factor': 1.914404770800219}. Best is trial 14 with value: 0.2311380219136033.
[I 2026-08-02 15:56:09,444] Trial 33 finished with value: 0.22534582736804817 and parameters: {'d_c_2d': 0.002051329906004589, 'rho_c_2d': 0.00042162252876704184, 'd_c_3d': 0.006068467850891421, 'rho_c_3d': 0.005103886828222874, 'depth_scale': 97.06871872875874, 'd_o_2d_factor': 2.75643670981784, 'd_o_3d_factor': 1.9928274265405377}. Best is trial 14 with value: 0.2311380219136033.
[I 2026-08-02 15:56:12,254] Trial 34 finished with value: 0.20390376354044873 and parameters: {'d_c_2d': 0.0037490931778802103, 'rho_c_2d': 0.00026070836220080154, 'd_c_3d': 0.007807991378886529, 'rho_c_3d': 0.008313608651656108, 'depth_scale': 804.9375229841364, 'd_o_2d_factor': 2.86097959249311, 'd_o_3d_factor': 2.1389918944340423}. Best is trial 14 with value: 0.2311380219136033.
[I 2026-08-02 15:56:14,991] Trial 35 finished with value: 0.21504172788218648 and parameters: {'d_c_2d': 0.0031725744431479403, 'rho_c_2d': 0.00010455721927416424, 'd_c_3d': 0.012844398320175268, 'rho_c_3d': 0.0018236466436002284, 'depth_scale': 161.23180366026475, 'd_o_2d_factor': 2.6674770095058045, 'd_o_3d_factor': 2.2750700742267984}. Best is trial 14 with value: 0.2311380219136033.
[I 2026-08-02 15:56:18,024] Trial 36 finished with value: 0.1819097579080759 and parameters: {'d_c_2d': 0.0020383775753224993, 'rho_c_2d': 4.6553413665008646e-05, 'd_c_3d': 0.015745979089700032, 'rho_c_3d': 0.0010197008695771895, 'depth_scale': 216.99616309970907, 'd_o_2d_factor': 2.941431255448628, 'd_o_3d_factor': 1.9531757720031007}. Best is trial 14 with value: 0.2311380219136033.
[I 2026-08-02 15:56:20,499] Trial 37 finished with value: 0.22766409562036458 and parameters: {'d_c_2d': 0.003747239259794901, 'rho_c_2d': 0.00041833182982722563, 'd_c_3d': 0.010374590733716956, 'rho_c_3d': 0.0035484493098349593, 'depth_scale': 71.28592364879073, 'd_o_2d_factor': 2.9965671723320066, 'd_o_3d_factor': 2.412570880068225}. Best is trial 14 with value: 0.2311380219136033.
[I 2026-08-02 15:56:22,997] Trial 38 finished with value: 0.22537443486873696 and parameters: {'d_c_2d': 0.004603112575876094, 'rho_c_2d': 0.00019477424413016776, 'd_c_3d': 0.011408855408860757, 'rho_c_3d': 0.005126522024834623, 'depth_scale': 35.14149033183518, 'd_o_2d_factor': 2.935018530286283, 'd_o_3d_factor': 2.419508272939814}. Best is trial 14 with value: 0.2311380219136033.
[I 2026-08-02 15:56:25,169] Trial 39 finished with value: 0.2009917559123988 and parameters: {'d_c_2d': 0.003546642180937396, 'rho_c_2d': 0.0012689047341013053, 'd_c_3d': 0.15027576292585676, 'rho_c_3d': 9.41786712693173e-05, 'depth_scale': 69.3598530987302, 'd_o_2d_factor': 2.9936277421614856, 'd_o_3d_factor': 2.585822967525854}. Best is trial 14 with value: 0.2311380219136033.
[I 2026-08-02 15:56:27,444] Trial 40 finished with value: 0.09095016665786132 and parameters: {'d_c_2d': 0.002773302925910958, 'rho_c_2d': 3.832524705308626e-05, 'd_c_3d': 0.007485061700425577, 'rho_c_3d': 0.02192102951382477, 'depth_scale': 2.8596444479832384, 'd_o_2d_factor': 2.721215137185682, 'd_o_3d_factor': 2.041420458593139}. Best is trial 14 with value: 0.2311380219136033.
