tuning on 50 events from /home/xucapfwi/eventstore/ttbar_pu0_20000_20050_v1

=== ecb ===
[I 2026-08-02 15:36:13,435] A new study created in memory with name: clue_etaphi_ecb
[I 2026-08-02 15:36:16,392] Trial 0 finished with value: 0.12277442917298645 and parameters: {'d_c_2d': 0.005611516415334507, 'rho_c_2d': 0.0071144760093434225, 'd_c_3d': 0.08731907739399204, 'rho_c_3d': 0.0018754120723565226, 'depth_scale': 13.564799702532712, 'd_o_2d_factor': 1.3119890406724053, 'd_o_3d_factor': 1.116167224336399}. Best is trial 0 with value: 0.12277442917298645.
[I 2026-08-02 15:36:20,320] Trial 1 finished with value: 0.20497568953121845 and parameters: {'d_c_2d': 0.05399484409787434, 'rho_c_2d': 0.0006358358856676254, 'd_c_3d': 0.078210742751123, 'rho_c_3d': 3.458396138469716e-05, 'depth_scale': 2474.721166399263, 'd_o_2d_factor': 2.6648852816008435, 'd_o_3d_factor': 1.4246782213565523}. Best is trial 1 with value: 0.20497568953121845.
[I 2026-08-02 15:36:28,813] Trial 2 finished with value: 0.141646445716556 and parameters: {'d_c_2d': 0.0023102018878452934, 'rho_c_2d': 3.5498788321965036e-05, 'd_c_3d': 0.012178834831452916, 'rho_c_3d': 0.0011256167565372838, 'depth_scale': 79.24622769875322, 'd_o_2d_factor': 1.5824582803960838, 'd_o_3d_factor': 2.223705789444759}. Best is trial 1 with value: 0.20497568953121845.
[I 2026-08-02 15:36:44,044] Trial 3 finished with value: 0.2782467242427201 and parameters: {'d_c_2d': 0.0019010245319870357, 'rho_c_2d': 7.52374288453485e-05, 'd_c_3d': 0.016212311563941973, 'rho_c_3d': 0.0007003759222804864, 'depth_scale': 759.1150177344698, 'd_o_2d_factor': 1.3993475643167195, 'd_o_3d_factor': 2.0284688768272234}. Best is trial 3 with value: 0.2782467242427201.
[I 2026-08-02 15:36:45,174] Trial 4 finished with value: 0.0 and parameters: {'d_c_2d': 0.015304852121831466, 'rho_c_2d': 1.3783237455007187e-05, 'd_c_3d': 0.049227860191943744, 'rho_c_3d': 9.743020711882335e-05, 'depth_scale': 7.580418253702252, 'd_o_2d_factor': 2.8977710745066663, 'd_o_3d_factor': 2.9312640661491187}. Best is trial 3 with value: 0.2782467242427201.
[I 2026-08-02 15:36:49,452] Trial 5 finished with value: 0.14308708583441643 and parameters: {'d_c_2d': 0.041380401125610165, 'rho_c_2d': 8.200518402245828e-05, 'd_c_3d': 0.004703980175016902, 'rho_c_3d': 0.0033870400677277978, 'depth_scale': 83.51802296468355, 'd_o_2d_factor': 1.2440764696895577, 'd_o_3d_factor': 1.9903538202225404}. Best is trial 3 with value: 0.2782467242427201.
[I 2026-08-02 15:36:52,440] Trial 6 finished with value: 0.10519440444185342 and parameters: {'d_c_2d': 0.001171593739230706, 'rho_c_2d': 0.00534516611064682, 'd_c_3d': 0.009878277403270847, 'rho_c_3d': 0.0029153325915178886, 'depth_scale': 36.72404578194204, 'd_o_2d_factor': 2.0401360423556216, 'd_o_3d_factor': 2.0934205586865593}. Best is trial 3 with value: 0.2782467242427201.
[I 2026-08-02 15:36:55,190] Trial 7 finished with value: 0.036705983961201276 and parameters: {'d_c_2d': 0.0023426581058204046, 'rho_c_2d': 0.008105016126411584, 'd_c_3d': 0.1065091457438492, 'rho_c_3d': 0.019752318480364826, 'depth_scale': 1530.8608859207643, 'd_o_2d_factor': 2.19579995762217, 'd_o_3d_factor': 2.8437484700462337}. Best is trial 3 with value: 0.2782467242427201.
[I 2026-08-02 15:36:55,374] Trial 8 finished with value: 0.0 and parameters: {'d_c_2d': 0.0015030900645056826, 'rho_c_2d': 3.872118032174584e-05, 'd_c_3d': 0.0036946715170998036, 'rho_c_3d': 0.0002838652606938443, 'depth_scale': 60.08613963065634, 'd_o_2d_factor': 1.5426980635477918, 'd_o_3d_factor': 2.6574750183038587}. Best is trial 3 with value: 0.2782467242427201.
[I 2026-08-02 15:37:05,447] Trial 9 finished with value: 0.24155200405100785 and parameters: {'d_c_2d': 0.005170191786366992, 'rho_c_2d': 6.963114377829287e-05, 'd_c_3d': 0.03651854124336728, 'rho_c_3d': 7.941342548465446e-05, 'depth_scale': 846.4368249908097, 'd_o_2d_factor': 1.1491012873595416, 'd_o_3d_factor': 2.9737738732010346}. Best is trial 3 with value: 0.2782467242427201.
[I 2026-08-02 15:37:10,234] Trial 10 finished with value: 0.05587625259264812 and parameters: {'d_c_2d': 0.01768637420355431, 'rho_c_2d': 0.0004748459024928752, 'd_c_3d': 0.2607326845837489, 'rho_c_3d': 0.01879283412414402, 'depth_scale': 365.4010236607315, 'd_o_2d_factor': 2.150416133630545, 'd_o_3d_factor': 1.6207963208281293}. Best is trial 3 with value: 0.2782467242427201.
[I 2026-08-02 15:37:18,923] Trial 11 finished with value: 0.24559759538267442 and parameters: {'d_c_2d': 0.005133652963853835, 'rho_c_2d': 0.00018469825360006314, 'd_c_3d': 0.02235040574766889, 'rho_c_3d': 0.0002919549090106438, 'depth_scale': 536.5757426367293, 'd_o_2d_factor': 1.0512854191125802, 'd_o_3d_factor': 2.4769769774761907}. Best is trial 3 with value: 0.2782467242427201.
[I 2026-08-02 15:37:24,748] Trial 12 finished with value: 0.2494459449145892 and parameters: {'d_c_2d': 0.00484208030072957, 'rho_c_2d': 0.0003290530218655147, 'd_c_3d': 0.02144597848627164, 'rho_c_3d': 0.0004595467745645658, 'depth_scale': 337.5233209543946, 'd_o_2d_factor': 1.0074867185586587, 'd_o_3d_factor': 2.48155807295921}. Best is trial 3 with value: 0.2782467242427201.
[I 2026-08-02 15:37:28,473] Trial 13 finished with value: 0.2533000354121453 and parameters: {'d_c_2d': 0.011364695031944956, 'rho_c_2d': 0.0012365125166272205, 'd_c_3d': 0.015272619480181947, 'rho_c_3d': 0.000716479749132653, 'depth_scale': 222.38520992224224, 'd_o_2d_factor': 1.6597850737142634, 'd_o_3d_factor': 2.3477282978810043}. Best is trial 3 with value: 0.2782467242427201.
[I 2026-08-02 15:37:32,218] Trial 14 finished with value: 0.22999753185732602 and parameters: {'d_c_2d': 0.01508951290010628, 'rho_c_2d': 0.001317374351083591, 'd_c_3d': 0.010621093370421626, 'rho_c_3d': 0.0007024974549092738, 'depth_scale': 169.90735091010185, 'd_o_2d_factor': 1.7572204258629867, 'd_o_3d_factor': 1.801911939364088}. Best is trial 3 with value: 0.2782467242427201.
[I 2026-08-02 15:37:35,706] Trial 15 finished with value: 0.1344331836169403 and parameters: {'d_c_2d': 0.09756634977717409, 'rho_c_2d': 0.0015470504932079173, 'd_c_3d': 0.006730051623756521, 'rho_c_3d': 0.007967450207975239, 'depth_scale': 250.2407340598944, 'd_o_2d_factor': 1.830470270016788, 'd_o_3d_factor': 2.302455862084599}. Best is trial 3 with value: 0.2782467242427201.
[I 2026-08-02 15:37:38,932] Trial 16 finished with value: 0.23105736225670392 and parameters: {'d_c_2d': 0.009383137891576802, 'rho_c_2d': 0.0023436732632306206, 'd_c_3d': 0.018950397531700965, 'rho_c_3d': 0.0009378206881567621, 'depth_scale': 887.5301376381611, 'd_o_2d_factor': 1.458193498930734, 'd_o_3d_factor': 1.8561347745347616}. Best is trial 3 with value: 0.2782467242427201.
[I 2026-08-02 15:37:50,065] Trial 17 finished with value: 0.23509690142109044 and parameters: {'d_c_2d': 0.0024858427991251942, 'rho_c_2d': 0.00018738050313074644, 'd_c_3d': 0.03670544095307497, 'rho_c_3d': 0.00013697870984225038, 'depth_scale': 168.34482495998054, 'd_o_2d_factor': 2.4118776047276502, 'd_o_3d_factor': 1.4849547503400686}. Best is trial 3 with value: 0.2782467242427201.
[I 2026-08-02 15:37:54,954] Trial 18 finished with value: 0.24188850003929452 and parameters: {'d_c_2d': 0.03154441459329157, 'rho_c_2d': 1.1825629914317779e-05, 'd_c_3d': 0.006574441587542595, 'rho_c_3d': 0.005568768713349234, 'depth_scale': 2656.5326639835316, 'd_o_2d_factor': 1.7956599101180721, 'd_o_3d_factor': 2.3707343357998933}. Best is trial 3 with value: 0.2782467242427201.
[I 2026-08-02 15:37:58,260] Trial 19 finished with value: 0.2299766415487818 and parameters: {'d_c_2d': 0.010111500761863764, 'rho_c_2d': 0.002625422938375385, 'd_c_3d': 0.015058524946722641, 'rho_c_3d': 0.00022141395826028983, 'depth_scale': 955.960938150113, 'd_o_2d_factor': 1.386319981576885, 'd_o_3d_factor': 2.631387406162375}. Best is trial 3 with value: 0.2782467242427201.
[I 2026-08-02 15:38:02,735] Trial 20 finished with value: 0.1310256190078569 and parameters: {'d_c_2d': 0.003261473678575738, 'rho_c_2d': 0.0007424279735686811, 'd_c_3d': 0.027748912908290745, 'rho_c_3d': 0.0005806151975970072, 'depth_scale': 22.87326638310979, 'd_o_2d_factor': 1.6702058951548167, 'd_o_3d_factor': 2.0542012356892534}. Best is trial 3 with value: 0.2782467242427201.
[I 2026-08-02 15:38:08,307] Trial 21 finished with value: 0.2434976154782683 and parameters: {'d_c_2d': 0.008407027266913973, 'rho_c_2d': 0.00028665671367173807, 'd_c_3d': 0.016594066782037516, 'rho_c_3d': 0.00047315692389187855, 'depth_scale': 391.06050321474453, 'd_o_2d_factor': 1.0204864648629683, 'd_o_3d_factor': 2.517879857333157}. Best is trial 3 with value: 0.2782467242427201.
[I 2026-08-02 15:38:14,800] Trial 22 finished with value: 0.2372960592261238 and parameters: {'d_c_2d': 0.004000009167270172, 'rho_c_2d': 0.00011488106066750905, 'd_c_3d': 0.007574239039050237, 'rho_c_3d': 0.0014230838113310682, 'depth_scale': 164.58306459228012, 'd_o_2d_factor': 1.2830122994628574, 'd_o_3d_factor': 2.20067488875084}. Best is trial 3 with value: 0.2782467242427201.
[I 2026-08-02 15:38:25,213] Trial 23 finished with value: 0.25052513608365173 and parameters: {'d_c_2d': 0.001609588585467941, 'rho_c_2d': 0.000360143982282076, 'd_c_3d': 0.02738146665349659, 'rho_c_3d': 0.0004156081079041667, 'depth_scale': 581.7557685832435, 'd_o_2d_factor': 1.9063255361024407, 'd_o_3d_factor': 2.746284857043744}. Best is trial 3 with value: 0.2782467242427201.
[I 2026-08-02 15:38:29,162] Trial 24 finished with value: 0.2155821651372163 and parameters: {'d_c_2d': 0.0013684316817696772, 'rho_c_2d': 0.0011094360306422436, 'd_c_3d': 0.0355050758567476, 'rho_c_3d': 0.00016706349968564007, 'depth_scale': 555.2691781912158, 'd_o_2d_factor': 1.9608476923557618, 'd_o_3d_factor': 2.776517463221907}. Best is trial 3 with value: 0.2782467242427201.
[I 2026-08-02 15:38:51,184] Trial 25 finished with value: 0.2437959431324986 and parameters: {'d_c_2d': 0.0010221940258952726, 'rho_c_2d': 4.212264373773831e-05, 'd_c_3d': 0.05437906065276751, 'rho_c_3d': 0.00221023036692745, 'depth_scale': 1510.9462383633906, 'd_o_2d_factor': 2.402045396433835, 'd_o_3d_factor': 2.69181538504838}. Best is trial 3 with value: 0.2782467242427201.
[I 2026-08-02 15:38:54,103] Trial 26 finished with value: 0.1444269888410178 and parameters: {'d_c_2d': 0.0017398288259155026, 'rho_c_2d': 0.0035730545867636437, 'd_c_3d': 0.012906000489257502, 'rho_c_3d': 0.00040714016564480593, 'depth_scale': 1407.3200988287495, 'd_o_2d_factor': 1.9348642510269631, 'd_o_3d_factor': 1.8798702918920989}. Best is trial 3 with value: 0.2782467242427201.
[I 2026-08-02 15:39:00,700] Trial 27 finished with value: 0.1609216866347702 and parameters: {'d_c_2d': 0.022979555951818227, 'rho_c_2d': 0.00016764099030346024, 'd_c_3d': 0.16228956776529083, 'rho_c_3d': 0.0008901942518915813, 'depth_scale': 212.1378326216937, 'd_o_2d_factor': 1.650067125091623, 'd_o_3d_factor': 2.413082093297717}. Best is trial 3 with value: 0.2782467242427201.
[I 2026-08-02 15:39:09,469] Trial 28 finished with value: 0.19548712451884853 and parameters: {'d_c_2d': 0.0034011160746998574, 'rho_c_2d': 2.2943976223859553e-05, 'd_c_3d': 0.028250978962627737, 'rho_c_3d': 7.272182703446942e-05, 'depth_scale': 102.79409742427202, 'd_o_2d_factor': 1.4878007873480141, 'd_o_3d_factor': 1.68845933193923}. Best is trial 3 with value: 0.2782467242427201.
[I 2026-08-02 15:39:15,316] Trial 29 finished with value: 0.23253045828199032 and parameters: {'d_c_2d': 0.006792759988049866, 'rho_c_2d': 0.000381196662504619, 'd_c_3d': 0.05816269037459992, 'rho_c_3d': 0.0018195421742720867, 'depth_scale': 557.7169531635027, 'd_o_2d_factor': 1.3497018575622393, 'd_o_3d_factor': 2.1918845656374306}. Best is trial 3 with value: 0.2782467242427201.
[I 2026-08-02 15:39:19,586] Trial 30 finished with value: 0.23559139301357637 and parameters: {'d_c_2d': 0.001731792818907818, 'rho_c_2d': 0.0008672657181489365, 'd_c_3d': 0.008773304464410088, 'rho_c_3d': 3.973694405121717e-05, 'depth_scale': 660.1796267220013, 'd_o_2d_factor': 2.3069917424235116, 'd_o_3d_factor': 1.0440086739262262}. Best is trial 3 with value: 0.2782467242427201.
[I 2026-08-02 15:39:26,670] Trial 31 finished with value: 0.2514931222335489 and parameters: {'d_c_2d': 0.0039596871678552305, 'rho_c_2d': 0.0002847109062587582, 'd_c_3d': 0.02175164647035858, 'rho_c_3d': 0.00044603206420654006, 'depth_scale': 322.38602664284923, 'd_o_2d_factor': 1.209550193376561, 'd_o_3d_factor': 2.4826876330086787}. Best is trial 3 with value: 0.2782467242427201.
[I 2026-08-02 15:39:32,453] Trial 32 finished with value: 0.23100396075229834 and parameters: {'d_c_2d': 0.0028342997687579793, 'rho_c_2d': 0.00047617290139097447, 'd_c_3d': 0.015942647028001963, 'rho_c_3d': 0.00031147474514320924, 'depth_scale': 325.94448232577724, 'd_o_2d_factor': 1.2233211109509226, 'd_o_3d_factor': 2.551396107618778}. Best is trial 3 with value: 0.2782467242427201.
[I 2026-08-02 15:39:41,816] Trial 33 finished with value: 0.2636036853231383 and parameters: {'d_c_2d': 0.00187612918476232, 'rho_c_2d': 0.0001035261754502198, 'd_c_3d': 0.02353774327189609, 'rho_c_3d': 0.0008008819464307657, 'depth_scale': 118.31617410270673, 'd_o_2d_factor': 1.416745166509176, 'd_o_3d_factor': 1.268567609592752}. Best is trial 3 with value: 0.2782467242427201.
[I 2026-08-02 15:39:49,457] Trial 34 finished with value: 0.14635423670037723 and parameters: {'d_c_2d': 0.0022931898617582036, 'rho_c_2d': 8.083821249716392e-05, 'd_c_3d': 0.012794588888130915, 'rho_c_3d': 0.001294949109720525, 'depth_scale': 46.467454397822706, 'd_o_2d_factor': 1.423846682735143, 'd_o_3d_factor': 1.3570535880429473}. Best is trial 3 with value: 0.2782467242427201.
[I 2026-08-02 15:39:58,601] Trial 35 finished with value: 0.25839080015323257 and parameters: {'d_c_2d': 0.001997297149768742, 'rho_c_2d': 5.971482838356739e-05, 'd_c_3d': 0.02343797665851832, 'rho_c_3d': 0.0007491663736992797, 'depth_scale': 110.78717995280883, 'd_o_2d_factor': 1.159268383559921, 'd_o_3d_factor': 1.2156708157474585}. Best is trial 3 with value: 0.2782467242427201.
[I 2026-08-02 15:40:02,751] Trial 36 finished with value: 0.2577910321144186 and parameters: {'d_c_2d': 0.08264415213451898, 'rho_c_2d': 2.275269940963522e-05, 'd_c_3d': 0.0714701371411289, 'rho_c_3d': 0.0007771508652606394, 'depth_scale': 105.19479036004388, 'd_o_2d_factor': 1.6174830154933766, 'd_o_3d_factor': 1.2682677903950639}. Best is trial 3 with value: 0.2782467242427201.
[I 2026-08-02 15:40:06,894] Trial 37 finished with value: 0.23708334624903538 and parameters: {'d_c_2d': 0.09486870057214407, 'rho_c_2d': 2.3307540325809556e-05, 'd_c_3d': 0.07697499159205373, 'rho_c_3d': 0.003622791154383661, 'depth_scale': 109.46037245568593, 'd_o_2d_factor': 2.9965671723320066, 'd_o_3d_factor': 1.1962114506341393}. Best is trial 3 with value: 0.2782467242427201.
[I 2026-08-02 15:40:11,341] Trial 38 finished with value: 0.12979841234406922 and parameters: {'d_c_2d': 0.0506170128033952, 'rho_c_2d': 2.077155646384009e-05, 'd_c_3d': 0.12749815128519748, 'rho_c_3d': 0.0018792993895960794, 'depth_scale': 5.806896917572093, 'd_o_2d_factor': 1.543988438363354, 'd_o_3d_factor': 1.2277228596056022}. Best is trial 3 with value: 0.2782467242427201.
[I 2026-08-02 15:40:15,574] Trial 39 finished with value: 0.2309531218306471 and parameters: {'d_c_2d': 0.06657920218161031, 'rho_c_2d': 4.8017798387567996e-05, 'd_c_3d': 0.07074787731596907, 'rho_c_3d': 0.0010939910350372744, 'depth_scale': 21.50958840860694, 'd_o_2d_factor': 1.1242692454087169, 'd_o_3d_factor': 1.3596875540356543}. Best is trial 3 with value: 0.2782467242427201.
[I 2026-08-02 15:40:23,771] Trial 40 finished with value: 0.15589494918312616 and parameters: {'d_c_2d': 0.001220179935996752, 'rho_c_2d': 6.076270192501464e-05, 'd_c_3d': 0.004689639631208898, 'rho_c_3d': 0.0028900514285181674, 'depth_scale': 32.16420345907293, 'd_o_2d_factor': 1.345430094977992, 'd_o_3d_factor': 1.4902633576288313}. Best is trial 3 with value: 0.2782467242427201.
[I 2026-08-02 15:40:32,790] Trial 41 finished with value: 0.2553048996608637 and parameters: {'d_c_2d': 0.002058297052241312, 'rho_c_2d': 0.00010582854110464028, 'd_c_3d': 0.041938015797217086, 'rho_c_3d': 0.0007545090372588246, 'depth_scale': 62.54136800953757, 'd_o_2d_factor': 1.647859975154349, 'd_o_3d_factor': 1.0194413679126646}. Best is trial 3 with value: 0.2782467242427201.
[I 2026-08-02 15:40:42,461] Trial 42 finished with value: 0.25949388805801266 and parameters: {'d_c_2d': 0.0019813726383628447, 'rho_c_2d': 0.00010252747207167757, 'd_c_3d': 0.04374230493124235, 'rho_c_3d': 0.0006376142616014657, 'depth_scale': 77.60579908394702, 'd_o_2d_factor': 1.5920278757798825, 'd_o_3d_factor': 1.0293079076865874}. Best is trial 3 with value: 0.2782467242427201.
[I 2026-08-02 15:40:56,813] Trial 43 finished with value: 0.22924277585779632 and parameters: {'d_c_2d': 0.001985453047790093, 'rho_c_2d': 2.8023832217670237e-05, 'd_c_3d': 0.09947451194589373, 'rho_c_3d': 0.001452192129176491, 'depth_scale': 113.08723922389758, 'd_o_2d_factor': 1.5624357407520413, 'd_o_3d_factor': 1.1665633156335966}. Best is trial 3 with value: 0.2782467242427201.
[I 2026-08-02 15:41:07,478] Trial 44 finished with value: 0.25404862144867574 and parameters: {'d_c_2d': 0.0010421426728157957, 'rho_c_2d': 1.4847835956245966e-05, 'd_c_3d': 0.045856920859837016, 'rho_c_3d': 0.0005838404518893675, 'depth_scale': 68.53806942254023, 'd_o_2d_factor': 1.1409043155505, 'd_o_3d_factor': 1.2660488802434025}. Best is trial 3 with value: 0.2782467242427201.
[I 2026-08-02 15:41:14,292] Trial 45 finished with value: 0.0 and parameters: {'d_c_2d': 0.0028865968496299857, 'rho_c_2d': 0.00013036909952415668, 'd_c_3d': 0.060686561418268836, 'rho_c_3d': 0.0002327936615010012, 'depth_scale': 10.335821581030398, 'd_o_2d_factor': 1.4719185434053315, 'd_o_3d_factor': 1.1131490898704572}. Best is trial 3 with value: 0.2782467242427201.
[I 2026-08-02 15:41:19,871] Trial 46 finished with value: 0.24834433065843817 and parameters: {'d_c_2d': 0.0066232562428089805, 'rho_c_2d': 5.537126432408421e-05, 'd_c_3d': 0.028847910397816125, 'rho_c_3d': 0.0010019810181738623, 'depth_scale': 49.40466862439197, 'd_o_2d_factor': 1.296191666882935, 'd_o_3d_factor': 1.5937064808836647}. Best is trial 3 with value: 0.2782467242427201.
[I 2026-08-02 15:41:30,789] Trial 47 finished with value: 0.22870366115578736 and parameters: {'d_c_2d': 0.001454666385752935, 'rho_c_2d': 8.868672093271851e-05, 'd_c_3d': 0.03534544383176233, 'rho_c_3d': 0.00034117113850121736, 'depth_scale': 86.8050128023455, 'd_o_2d_factor': 1.716422954900636, 'd_o_3d_factor': 1.3590792188777185}. Best is trial 3 with value: 0.2782467242427201.
[I 2026-08-02 15:41:43,575] Trial 48 finished with value: 0.1612220682460802 and parameters: {'d_c_2d': 0.003857510397846915, 'rho_c_2d': 1.66514357994465e-05, 'd_c_3d': 0.17322444314174493, 'rho_c_3d': 0.0006154545202659811, 'depth_scale': 123.14264721392168, 'd_o_2d_factor': 2.6639751730597814, 'd_o_3d_factor': 1.0884731603864637}. Best is trial 3 with value: 0.2782467242427201.
[I 2026-08-02 15:41:48,542] Trial 49 finished with value: 0.12594543932406274 and parameters: {'d_c_2d': 0.022578752668997004, 'rho_c_2d': 3.3102736849856585e-05, 'd_c_3d': 0.02358197956939162, 'rho_c_3d': 0.0008266298004515948, 'depth_scale': 34.71471113091134, 'd_o_2d_factor': 1.1018312218760913, 'd_o_3d_factor': 1.2607552680322214}. Best is trial 3 with value: 0.2782467242427201.
[I 2026-08-02 15:41:53,486] Trial 50 finished with value: 0.23417804152168736 and parameters: {'d_c_2d': 0.03515727571008988, 'rho_c_2d': 0.00020131910637066815, 'd_c_3d': 0.08625866973499227, 'rho_c_3d': 0.00020120127775872355, 'depth_scale': 135.4607735075106, 'd_o_2d_factor': 1.5612578390448402, 'd_o_3d_factor': 1.5677387640436313}. Best is trial 3 with value: 0.2782467242427201.
[I 2026-08-02 15:42:02,840] Trial 51 finished with value: 0.2539131698455949 and parameters: {'d_c_2d': 0.0020145156551303572, 'rho_c_2d': 0.000113579134230384, 'd_c_3d': 0.043496895040867796, 'rho_c_3d': 0.0007548376216303443, 'depth_scale': 63.24572276532717, 'd_o_2d_factor': 1.6285208630817722, 'd_o_3d_factor': 1.0068470620676004}. Best is trial 3 with value: 0.2782467242427201.
[I 2026-08-02 15:42:11,835] Trial 52 finished with value: 0.2729138949099139 and parameters: {'d_c_2d': 0.0020124832556643784, 'rho_c_2d': 8.755098179889444e-05, 'd_c_3d': 0.042969648022718854, 'rho_c_3d': 0.0012269443071641667, 'depth_scale': 50.86498840322783, 'd_o_2d_factor': 1.8385769752313537, 'd_o_3d_factor': 1.1465164287713991}. Best is trial 3 with value: 0.2782467242427201.
[I 2026-08-02 15:42:19,431] Trial 53 finished with value: 0.14348934222751397 and parameters: {'d_c_2d': 0.0027250492307918767, 'rho_c_2d': 7.070432899981106e-05, 'd_c_3d': 0.01854857432403346, 'rho_c_3d': 0.0012077113025733435, 'depth_scale': 24.842923446230298, 'd_o_2d_factor': 2.085992290840871, 'd_o_3d_factor': 1.301822234045709}. Best is trial 3 with value: 0.2782467242427201.
[I 2026-08-02 15:42:27,515] Trial 54 finished with value: 0.15047871374824684 and parameters: {'d_c_2d': 0.001810041840636162, 'rho_c_2d': 0.00015388094548623744, 'd_c_3d': 0.03482947866102169, 'rho_c_3d': 0.0023133087061386446, 'depth_scale': 15.562368827132243, 'd_o_2d_factor': 1.799949325172664, 'd_o_3d_factor': 1.4337882538960232}. Best is trial 3 with value: 0.2782467242427201.
[I 2026-08-02 15:42:39,777] Trial 55 finished with value: 0.2588169392667254 and parameters: {'d_c_2d': 0.0012383481495724792, 'rho_c_2d': 3.6357388611283206e-05, 'd_c_3d': 0.062054470369831964, 'rho_c_3d': 0.0005722708763256563, 'depth_scale': 85.62257486937128, 'd_o_2d_factor': 1.8532232331441387, 'd_o_3d_factor': 1.1186691329199037}. Best is trial 3 with value: 0.2782467242427201.
