[I 2026-08-02 15:42:49,252] Trial 56 finished with value: 0.20508420072489522 and parameters: {'d_c_2d': 0.0013838729162576238, 'rho_c_2d': 3.588677658751657e-05, 'd_c_3d': 0.02597013203334526, 'rho_c_3d': 0.000520814804484127, 'depth_scale': 46.993108721427404, 'd_o_2d_factor': 1.861958898265033, 'd_o_3d_factor': 1.1757375910814192}. Best is trial 3 with value: 0.2782467242427201.
[I 2026-08-02 15:43:00,291] Trial 57 finished with value: 0.27509097242267566 and parameters: {'d_c_2d': 0.0011985878165385465, 'rho_c_2d': 5.033123668255873e-05, 'd_c_3d': 0.04899436538897839, 'rho_c_3d': 0.0016133578243570901, 'depth_scale': 81.13746847868778, 'd_o_2d_factor': 2.045009568616505, 'd_o_3d_factor': 1.0813456406901352}. Best is trial 3 with value: 0.2782467242427201.
[I 2026-08-02 15:43:11,053] Trial 58 finished with value: 0.2682566751327799 and parameters: {'d_c_2d': 0.001148141648324594, 'rho_c_2d': 9.594793247768903e-05, 'd_c_3d': 0.06089987125754145, 'rho_c_3d': 0.0016376221555111212, 'depth_scale': 51.70330270624625, 'd_o_2d_factor': 2.0340086815370513, 'd_o_3d_factor': 1.1132917288612854}. Best is trial 3 with value: 0.2782467242427201.
[I 2026-08-02 15:43:18,580] Trial 59 finished with value: 0.19756278070263972 and parameters: {'d_c_2d': 0.0023585772712190313, 'rho_c_2d': 0.0002279069114492039, 'd_c_3d': 0.052782402043536, 'rho_c_3d': 0.0090609865832412, 'depth_scale': 39.46999691317145, 'd_o_2d_factor': 2.1723962407486996, 'd_o_3d_factor': 1.074538652015935}. Best is trial 3 with value: 0.2782467242427201.
[I 2026-08-02 15:43:27,416] Trial 60 finished with value: 0.14063618499138683 and parameters: {'d_c_2d': 0.0011549781704581284, 'rho_c_2d': 8.791213359940028e-05, 'd_c_3d': 0.03150572763534986, 'rho_c_3d': 0.004714329571667495, 'depth_scale': 29.835471433211357, 'd_o_2d_factor': 1.99894507139408, 'd_o_3d_factor': 1.7163145883959727}. Best is trial 3 with value: 0.2782467242427201.
[I 2026-08-02 15:43:39,395] Trial 61 finished with value: 0.26544984231573737 and parameters: {'d_c_2d': 0.001252959545374618, 'rho_c_2d': 4.435493859975364e-05, 'd_c_3d': 0.0627010884025052, 'rho_c_3d': 0.0015156643252387189, 'depth_scale': 79.4520442987372, 'd_o_2d_factor': 2.0583877170750533, 'd_o_3d_factor': 1.1329974030398147}. Best is trial 3 with value: 0.2782467242427201.
[I 2026-08-02 15:43:49,789] Trial 62 finished with value: 0.2862326352809787 and parameters: {'d_c_2d': 0.0015361273352155031, 'rho_c_2d': 4.7077375110272044e-05, 'd_c_3d': 0.04087006271206153, 'rho_c_3d': 0.001685116187222205, 'depth_scale': 75.47324404780238, 'd_o_2d_factor': 2.0868650855774775, 'd_o_3d_factor': 1.142767076152927}. Best is trial 62 with value: 0.2862326352809787.
[I 2026-08-02 15:44:11,173] Trial 63 finished with value: 0.24931792935726652 and parameters: {'d_c_2d': 0.0015171722329192859, 'rho_c_2d': 4.692898009851577e-05, 'd_c_3d': 0.05007812644002216, 'rho_c_3d': 0.0016242486363211473, 'depth_scale': 2132.753249321584, 'd_o_2d_factor': 2.2485579308355903, 'd_o_3d_factor': 1.1468687818641186}. Best is trial 62 with value: 0.2862326352809787.
[I 2026-08-02 15:44:21,099] Trial 64 finished with value: 0.2876347907651438 and parameters: {'d_c_2d': 0.0012879613802067261, 'rho_c_2d': 0.0001380955246015719, 'd_c_3d': 0.04000833229984089, 'rho_c_3d': 0.0024918763324231572, 'depth_scale': 54.13344404561287, 'd_o_2d_factor': 2.0849154416250606, 'd_o_3d_factor': 1.358420974185027}. Best is trial 64 with value: 0.2876347907651438.
[I 2026-08-02 15:44:35,398] Trial 65 finished with value: 0.21442040950526245 and parameters: {'d_c_2d': 0.001084428196722482, 'rho_c_2d': 0.00014269587840131685, 'd_c_3d': 0.12826406497805262, 'rho_c_3d': 0.002630342204827511, 'depth_scale': 51.63605161295772, 'd_o_2d_factor': 2.10710319182706, 'd_o_3d_factor': 1.4456765919176509}. Best is trial 64 with value: 0.2876347907651438.
[I 2026-08-02 15:44:46,947] Trial 66 finished with value: 0.2309190620339323 and parameters: {'d_c_2d': 0.0013205555926279887, 'rho_c_2d': 7.101595486520815e-05, 'd_c_3d': 0.09834572699134747, 'rho_c_3d': 0.003864986650354322, 'depth_scale': 39.446920275362245, 'd_o_2d_factor': 2.3129320822952124, 'd_o_3d_factor': 1.3247732067286149}. Best is trial 64 with value: 0.2876347907651438.
[I 2026-08-02 15:44:49,637] Trial 67 finished with value: 0.06277019382873614 and parameters: {'d_c_2d': 0.001587269714428992, 'rho_c_2d': 0.009709129677433665, 'd_c_3d': 0.06574740851953477, 'rho_c_3d': 0.006492373344293447, 'depth_scale': 14.605315803921556, 'd_o_2d_factor': 2.0333693661699725, 'd_o_3d_factor': 1.1214754698475842}. Best is trial 64 with value: 0.2876347907651438.
[I 2026-08-02 15:44:58,682] Trial 68 finished with value: 0.26615175590691786 and parameters: {'d_c_2d': 0.0010084426716845817, 'rho_c_2d': 5.269467908603166e-05, 'd_c_3d': 0.039537631022578734, 'rho_c_3d': 0.002098489141028411, 'depth_scale': 26.654233228890977, 'd_o_2d_factor': 2.508310035443157, 'd_o_3d_factor': 1.5098457375241523}. Best is trial 64 with value: 0.2876347907651438.
[I 2026-08-02 15:45:07,931] Trial 69 finished with value: 0.1496631477574467 and parameters: {'d_c_2d': 0.0010079847684597459, 'rho_c_2d': 3.0958865986683686e-05, 'd_c_3d': 0.03899721105294761, 'rho_c_3d': 0.0022627972242054368, 'depth_scale': 24.302272625813494, 'd_o_2d_factor': 2.4901493353958797, 'd_o_3d_factor': 2.0152695283961886}. Best is trial 64 with value: 0.2876347907651438.
[I 2026-08-02 15:45:17,187] Trial 70 finished with value: 0.1465000768535573 and parameters: {'d_c_2d': 0.0015555139671882086, 'rho_c_2d': 5.6397939936290925e-05, 'd_c_3d': 0.049088835714963544, 'rho_c_3d': 0.001923833748191179, 'depth_scale': 18.2443279384073, 'd_o_2d_factor': 2.6089674709993287, 'd_o_3d_factor': 1.5472994331147156}. Best is trial 64 with value: 0.2876347907651438.
[I 2026-08-02 15:45:26,359] Trial 71 finished with value: 0.13640401715805472 and parameters: {'d_c_2d': 0.001232837837783515, 'rho_c_2d': 4.263228246608204e-05, 'd_c_3d': 0.08500220454167097, 'rho_c_3d': 0.0015257121256284127, 'depth_scale': 11.172687875922586, 'd_o_2d_factor': 2.227182156197221, 'd_o_3d_factor': 1.3754740887646828}. Best is trial 64 with value: 0.2876347907651438.
[I 2026-08-02 15:45:36,081] Trial 72 finished with value: 0.27083868078509055 and parameters: {'d_c_2d': 0.0013783352688012665, 'rho_c_2d': 8.198594135459402e-05, 'd_c_3d': 0.03155664944023323, 'rho_c_3d': 0.0031146528442658793, 'depth_scale': 54.95449783047598, 'd_o_2d_factor': 2.814186203466171, 'd_o_3d_factor': 1.9398976380631774}. Best is trial 64 with value: 0.2876347907651438.
[I 2026-08-02 15:45:45,130] Trial 73 finished with value: 0.15018242501735787 and parameters: {'d_c_2d': 0.0016250595577363173, 'rho_c_2d': 8.248161671994436e-05, 'd_c_3d': 0.03148078664936271, 'rho_c_3d': 0.0031788768629209393, 'depth_scale': 28.52323695324845, 'd_o_2d_factor': 2.737932413240981, 'd_o_3d_factor': 2.1294625131564766}. Best is trial 64 with value: 0.2876347907651438.
[I 2026-08-02 15:45:54,324] Trial 74 finished with value: 0.24151855729384872 and parameters: {'d_c_2d': 0.0013976306856124227, 'rho_c_2d': 0.00013119774042230482, 'd_c_3d': 0.019177746570176242, 'rho_c_3d': 0.004911892351435237, 'depth_scale': 53.20944035440705, 'd_o_2d_factor': 2.47110901797956, 'd_o_3d_factor': 1.9359181425130718}. Best is trial 64 with value: 0.2876347907651438.
[I 2026-08-02 15:46:02,120] Trial 75 finished with value: 0.2512260384693209 and parameters: {'d_c_2d': 0.002407092626941853, 'rho_c_2d': 0.00022851167018777654, 'd_c_3d': 0.03938118318388026, 'rho_c_3d': 0.0011076613266383527, 'depth_scale': 41.14902443236465, 'd_o_2d_factor': 2.8509206107729232, 'd_o_3d_factor': 1.7148763027520255}. Best is trial 64 with value: 0.2876347907651438.
[I 2026-08-02 15:46:13,491] Trial 76 finished with value: 0.2581917076958315 and parameters: {'d_c_2d': 0.0011374993081381003, 'rho_c_2d': 7.320717121433751e-05, 'd_c_3d': 0.054658624773223655, 'rho_c_3d': 0.004099027362450128, 'depth_scale': 58.426329270735664, 'd_o_2d_factor': 1.971057681889824, 'd_o_3d_factor': 1.7924703971233678}. Best is trial 64 with value: 0.2876347907651438.
[I 2026-08-02 15:46:21,991] Trial 77 finished with value: 0.15118564303543353 and parameters: {'d_c_2d': 0.0017270953280118047, 'rho_c_2d': 5.6304816686813074e-05, 'd_c_3d': 0.03269666932331575, 'rho_c_3d': 0.002706524113306621, 'depth_scale': 18.98269495023923, 'd_o_2d_factor': 1.907595916708144, 'd_o_3d_factor': 2.115199007431133}. Best is trial 64 with value: 0.2876347907651438.
[I 2026-08-02 15:46:30,324] Trial 78 finished with value: 0.291075167458857 and parameters: {'d_c_2d': 0.0021258152892433915, 'rho_c_2d': 9.653696320237502e-05, 'd_c_3d': 0.0111231729387881, 'rho_c_3d': 0.0020139644831424497, 'depth_scale': 146.4222903065219, 'd_o_2d_factor': 2.119628415190915, 'd_o_3d_factor': 1.503806399057465}. Best is trial 78 with value: 0.291075167458857.
[I 2026-08-02 15:46:38,141] Trial 79 finished with value: 0.07406317596691767 and parameters: {'d_c_2d': 0.0032299706609863004, 'rho_c_2d': 8.990068949955756e-05, 'd_c_3d': 0.01401572496800841, 'rho_c_3d': 0.029290344217411023, 'depth_scale': 152.47950624129285, 'd_o_2d_factor': 2.1051752024070405, 'd_o_3d_factor': 1.9431309699328208}. Best is trial 78 with value: 0.291075167458857.
  best f1 0.2911  d_c_2d=0.002126  rho_c_2d=9.654e-05  d_c_3d=0.01112  rho_c_3d=0.002014  depth_scale=146.4  d_o_2d=0.004506  d_o_3d=0.01673

=== ece ===
[I 2026-08-02 15:46:38,143] A new study created in memory with name: clue_etaphi_ece
[I 2026-08-02 15:46:41,075] Trial 0 finished with value: 0.12002473586800376 and parameters: {'d_c_2d': 0.005611516415334507, 'rho_c_2d': 0.0071144760093434225, 'd_c_3d': 0.08731907739399204, 'rho_c_3d': 0.0018754120723565226, 'depth_scale': 13.564799702532712, 'd_o_2d_factor': 1.3119890406724053, 'd_o_3d_factor': 1.116167224336399}. Best is trial 0 with value: 0.12002473586800376.
[I 2026-08-02 15:46:45,471] Trial 1 finished with value: 0.16484830123896263 and parameters: {'d_c_2d': 0.05399484409787434, 'rho_c_2d': 0.0006358358856676254, 'd_c_3d': 0.078210742751123, 'rho_c_3d': 3.458396138469716e-05, 'depth_scale': 2474.721166399263, 'd_o_2d_factor': 2.6648852816008435, 'd_o_3d_factor': 1.4246782213565523}. Best is trial 1 with value: 0.16484830123896263.
[I 2026-08-02 15:46:56,856] Trial 2 finished with value: 0.08854063800158783 and parameters: {'d_c_2d': 0.0023102018878452934, 'rho_c_2d': 3.5498788321965036e-05, 'd_c_3d': 0.012178834831452916, 'rho_c_3d': 0.0011256167565372838, 'depth_scale': 79.24622769875322, 'd_o_2d_factor': 1.5824582803960838, 'd_o_3d_factor': 2.223705789444759}. Best is trial 1 with value: 0.16484830123896263.
[I 2026-08-02 15:47:19,241] Trial 3 finished with value: 0.15712389308230687 and parameters: {'d_c_2d': 0.0019010245319870357, 'rho_c_2d': 7.52374288453485e-05, 'd_c_3d': 0.016212311563941973, 'rho_c_3d': 0.0007003759222804864, 'depth_scale': 759.1150177344698, 'd_o_2d_factor': 1.3993475643167195, 'd_o_3d_factor': 2.0284688768272234}. Best is trial 1 with value: 0.16484830123896263.
[I 2026-08-02 15:47:20,111] Trial 4 finished with value: 0.0 and parameters: {'d_c_2d': 0.015304852121831466, 'rho_c_2d': 1.3783237455007187e-05, 'd_c_3d': 0.049227860191943744, 'rho_c_3d': 9.743020711882335e-05, 'depth_scale': 7.580418253702252, 'd_o_2d_factor': 2.8977710745066663, 'd_o_3d_factor': 2.9312640661491187}. Best is trial 1 with value: 0.16484830123896263.
[I 2026-08-02 15:47:24,905] Trial 5 finished with value: 0.1102229682011208 and parameters: {'d_c_2d': 0.041380401125610165, 'rho_c_2d': 8.200518402245828e-05, 'd_c_3d': 0.004703980175016902, 'rho_c_3d': 0.0033870400677277978, 'depth_scale': 83.51802296468355, 'd_o_2d_factor': 1.2440764696895577, 'd_o_3d_factor': 1.9903538202225404}. Best is trial 1 with value: 0.16484830123896263.
[I 2026-08-02 15:47:27,903] Trial 6 finished with value: 0.11445914536586994 and parameters: {'d_c_2d': 0.001171593739230706, 'rho_c_2d': 0.00534516611064682, 'd_c_3d': 0.009878277403270847, 'rho_c_3d': 0.0029153325915178886, 'depth_scale': 36.72404578194204, 'd_o_2d_factor': 2.0401360423556216, 'd_o_3d_factor': 2.0934205586865593}. Best is trial 1 with value: 0.16484830123896263.
[I 2026-08-02 15:47:30,890] Trial 7 finished with value: 0.04556308258308719 and parameters: {'d_c_2d': 0.0023426581058204046, 'rho_c_2d': 0.008105016126411584, 'd_c_3d': 0.1065091457438492, 'rho_c_3d': 0.019752318480364826, 'depth_scale': 1530.8608859207643, 'd_o_2d_factor': 2.19579995762217, 'd_o_3d_factor': 2.8437484700462337}. Best is trial 1 with value: 0.16484830123896263.
[I 2026-08-02 15:47:31,052] Trial 8 finished with value: 0.0 and parameters: {'d_c_2d': 0.0015030900645056826, 'rho_c_2d': 3.872118032174584e-05, 'd_c_3d': 0.0036946715170998036, 'rho_c_3d': 0.0002838652606938443, 'depth_scale': 60.08613963065634, 'd_o_2d_factor': 1.5426980635477918, 'd_o_3d_factor': 2.6574750183038587}. Best is trial 1 with value: 0.16484830123896263.
[I 2026-08-02 15:47:57,030] Trial 9 finished with value: 0.1477365299569985 and parameters: {'d_c_2d': 0.005170191786366992, 'rho_c_2d': 6.963114377829287e-05, 'd_c_3d': 0.03651854124336728, 'rho_c_3d': 7.941342548465446e-05, 'depth_scale': 846.4368249908097, 'd_o_2d_factor': 1.1491012873595416, 'd_o_3d_factor': 2.9737738732010346}. Best is trial 1 with value: 0.16484830123896263.
[I 2026-08-02 15:48:01,198] Trial 10 finished with value: 0.09739848130695777 and parameters: {'d_c_2d': 0.08696142413290002, 'rho_c_2d': 0.0008255473227402418, 'd_c_3d': 0.2607326845837489, 'rho_c_3d': 3.39630654126911e-05, 'depth_scale': 280.01750234556533, 'd_o_2d_factor': 2.8153295905650353, 'd_o_3d_factor': 1.0311895993169122}. Best is trial 1 with value: 0.16484830123896263.
[I 2026-08-02 15:48:07,221] Trial 11 finished with value: 0.13632720841918192 and parameters: {'d_c_2d': 0.018877457901429095, 'rho_c_2d': 0.0004392125319176161, 'd_c_3d': 0.021751190591431786, 'rho_c_3d': 0.0003990956544356372, 'depth_scale': 2121.155270860097, 'd_o_2d_factor': 2.391717895131279, 'd_o_3d_factor': 1.5216518758134217}. Best is trial 1 with value: 0.16484830123896263.
[I 2026-08-02 15:48:11,943] Trial 12 finished with value: 0.06589957816320269 and parameters: {'d_c_2d': 0.09616981650858135, 'rho_c_2d': 0.00039063565012797626, 'd_c_3d': 0.2360802342473629, 'rho_c_3d': 0.019366631660855664, 'depth_scale': 461.7613111332255, 'd_o_2d_factor': 1.7751884081279217, 'd_o_3d_factor': 1.6570134438592554}. Best is trial 1 with value: 0.16484830123896263.
[I 2026-08-02 15:48:15,404] Trial 13 finished with value: 0.21441149764260203 and parameters: {'d_c_2d': 0.011364695031944956, 'rho_c_2d': 0.0020653441542827305, 'd_c_3d': 0.017065138820034225, 'rho_c_3d': 0.0004154208444132959, 'depth_scale': 2788.044758678917, 'd_o_2d_factor': 2.5438591675203863, 'd_o_3d_factor': 1.454278023301757}. Best is trial 13 with value: 0.21441149764260203.
[I 2026-08-02 15:48:18,888] Trial 14 finished with value: 0.17525641811118975 and parameters: {'d_c_2d': 0.023796802717563837, 'rho_c_2d': 0.002292637103838012, 'd_c_3d': 0.08688481071804603, 'rho_c_3d': 3.204694538136593e-05, 'depth_scale': 2254.512957075518, 'd_o_2d_factor': 2.565409717113061, 'd_o_3d_factor': 1.4282522848583272}. Best is trial 13 with value: 0.21441149764260203.
[I 2026-08-02 15:48:22,618] Trial 15 finished with value: 0.19865677056538933 and parameters: {'d_c_2d': 0.01557933333433644, 'rho_c_2d': 0.0015470504932079173, 'd_c_3d': 0.03138384260724352, 'rho_c_3d': 0.00012835395354209684, 'depth_scale': 2924.5284376688123, 'd_o_2d_factor': 2.50484615950196, 'd_o_3d_factor': 1.2941343751662204}. Best is trial 13 with value: 0.21441149764260203.
[I 2026-08-02 15:48:26,238] Trial 16 finished with value: 0.16200716777823895 and parameters: {'d_c_2d': 0.009345884130938795, 'rho_c_2d': 0.001843327959114121, 'd_c_3d': 0.00720080636271887, 'rho_c_3d': 0.00018909341552253165, 'depth_scale': 237.54577577357938, 'd_o_2d_factor': 2.3847672888135034, 'd_o_3d_factor': 1.747955411483169}. Best is trial 13 with value: 0.21441149764260203.
[I 2026-08-02 15:48:29,800] Trial 17 finished with value: 0.21110065083937488 and parameters: {'d_c_2d': 0.00922687409557606, 'rho_c_2d': 0.0016817111087884147, 'd_c_3d': 0.02899935501521874, 'rho_c_3d': 0.00012115617591144992, 'depth_scale': 1000.1932086977824, 'd_o_2d_factor': 1.9982908627714162, 'd_o_3d_factor': 1.236041317015149}. Best is trial 13 with value: 0.21441149764260203.
[I 2026-08-02 15:48:52,305] Trial 18 finished with value: 0.15367415460353392 and parameters: {'d_c_2d': 0.004945381209756668, 'rho_c_2d': 0.00021215587182037154, 'd_c_3d': 0.02391715751315944, 'rho_c_3d': 0.0004658048846533622, 'depth_scale': 1050.5107198021133, 'd_o_2d_factor': 1.9496885232862837, 'd_o_3d_factor': 1.2541110002429263}. Best is trial 13 with value: 0.21441149764260203.
[I 2026-08-02 15:48:55,293] Trial 19 finished with value: 0.1934267692197356 and parameters: {'d_c_2d': 0.008902557669366895, 'rho_c_2d': 0.003399349282264068, 'd_c_3d': 0.051415212438509085, 'rho_c_3d': 0.0059745829727170215, 'depth_scale': 412.08790799742616, 'd_o_2d_factor': 2.228120053279479, 'd_o_3d_factor': 1.792623993383339}. Best is trial 13 with value: 0.21441149764260203.
[I 2026-08-02 15:48:59,321] Trial 20 finished with value: 0.10468050882362927 and parameters: {'d_c_2d': 0.030465371009448603, 'rho_c_2d': 0.001127651691241762, 'd_c_3d': 0.006852922330045119, 'rho_c_3d': 0.0007173188211661628, 'depth_scale': 169.2525414326863, 'd_o_2d_factor': 1.8654912223609827, 'd_o_3d_factor': 1.2086569452381724}. Best is trial 13 with value: 0.21441149764260203.
[I 2026-08-02 15:49:03,020] Trial 21 finished with value: 0.2041731416408662 and parameters: {'d_c_2d': 0.010067323651504654, 'rho_c_2d': 0.0015018580927677818, 'd_c_3d': 0.027721616272116407, 'rho_c_3d': 0.00012793144565514968, 'depth_scale': 2953.120819577481, 'd_o_2d_factor': 2.558856404623357, 'd_o_3d_factor': 1.305091573042813}. Best is trial 13 with value: 0.21441149764260203.
[I 2026-08-02 15:49:06,200] Trial 22 finished with value: 0.21505399025097435 and parameters: {'d_c_2d': 0.007306604028787639, 'rho_c_2d': 0.003428432579345549, 'd_c_3d': 0.01595202911004658, 'rho_c_3d': 0.00018903803324931803, 'depth_scale': 1246.0759738414888, 'd_o_2d_factor': 2.7312231578581314, 'd_o_3d_factor': 1.5395399624869437}. Best is trial 22 with value: 0.21505399025097435.
[I 2026-08-02 15:49:09,225] Trial 23 finished with value: 0.19815833596166837 and parameters: {'d_c_2d': 0.0033157373286429115, 'rho_c_2d': 0.002961400587454447, 'd_c_3d': 0.017177734263259803, 'rho_c_3d': 6.845035560503488e-05, 'depth_scale': 1242.320090620738, 'd_o_2d_factor': 2.7688977850239147, 'd_o_3d_factor': 1.5891087248317486}. Best is trial 22 with value: 0.21505399025097435.
[I 2026-08-02 15:49:12,226] Trial 24 finished with value: 0.20922616611434353 and parameters: {'d_c_2d': 0.007812634833498679, 'rho_c_2d': 0.004046300871922788, 'd_c_3d': 0.012644905970620735, 'rho_c_3d': 0.00024859574630022003, 'depth_scale': 608.8309096340831, 'd_o_2d_factor': 2.9468582820569833, 'd_o_3d_factor': 1.801895510304082}. Best is trial 22 with value: 0.21505399025097435.
[I 2026-08-02 15:49:13,369] Trial 25 finished with value: 0.0 and parameters: {'d_c_2d': 0.013327752155211474, 'rho_c_2d': 0.00023564162288731183, 'd_c_3d': 0.008236741231956814, 'rho_c_3d': 0.0002146822152660484, 'depth_scale': 1381.6024640070254, 'd_o_2d_factor': 2.130275788473287, 'd_o_3d_factor': 1.4613390984193688}. Best is trial 22 with value: 0.21505399025097435.
[I 2026-08-02 15:49:16,234] Trial 26 finished with value: 0.08201242176446608 and parameters: {'d_c_2d': 0.0036446390832397184, 'rho_c_2d': 0.009194412234832791, 'd_c_3d': 0.04534902810280267, 'rho_c_3d': 5.723703028956858e-05, 'depth_scale': 588.0852587028519, 'd_o_2d_factor': 2.3256695135437426, 'd_o_3d_factor': 2.2810602667312603}. Best is trial 22 with value: 0.21505399025097435.
[I 2026-08-02 15:49:21,601] Trial 27 finished with value: 0.17591746269185443 and parameters: {'d_c_2d': 0.006439399251063801, 'rho_c_2d': 0.0008929930584449218, 'd_c_3d': 0.01985707280571876, 'rho_c_3d': 0.0004683485748480265, 'depth_scale': 1539.6522771751384, 'd_o_2d_factor': 2.662079418227332, 'd_o_3d_factor': 1.1024167936972367}. Best is trial 22 with value: 0.21505399025097435.
[I 2026-08-02 15:49:24,653] Trial 28 finished with value: 0.20379366204049532 and parameters: {'d_c_2d': 0.012569357673101224, 'rho_c_2d': 0.005121101294772004, 'd_c_3d': 0.011631860614029536, 'rho_c_3d': 0.00014845136342073282, 'depth_scale': 325.3868398210308, 'd_o_2d_factor': 1.6885027897848828, 'd_o_3d_factor': 1.6608180700545294}. Best is trial 22 with value: 0.21505399025097435.
[I 2026-08-02 15:49:27,981] Trial 29 finished with value: 0.11639513311843665 and parameters: {'d_c_2d': 0.0034642064748018845, 'rho_c_2d': 0.0025933191601164164, 'd_c_3d': 0.0053198622398761, 'rho_c_3d': 0.0014093431091892399, 'depth_scale': 168.53436697261066, 'd_o_2d_factor': 2.7743397533828533, 'd_o_3d_factor': 1.1580272292221017}. Best is trial 22 with value: 0.21505399025097435.
[I 2026-08-02 15:49:31,209] Trial 30 finished with value: 0.17339985547956863 and parameters: {'d_c_2d': 0.023619063439340095, 'rho_c_2d': 0.005250457946246764, 'd_c_3d': 0.06767701840083985, 'rho_c_3d': 0.0008479251005489692, 'depth_scale': 898.8190426282409, 'd_o_2d_factor': 1.0005242246094257, 'd_o_3d_factor': 1.8914013615246423}. Best is trial 22 with value: 0.21505399025097435.
[I 2026-08-02 15:49:34,219] Trial 31 finished with value: 0.20767307279331332 and parameters: {'d_c_2d': 0.006973161170250585, 'rho_c_2d': 0.003831280895956012, 'd_c_3d': 0.014258192334865761, 'rho_c_3d': 0.0002949054721421938, 'depth_scale': 622.3022822033435, 'd_o_2d_factor': 2.972588611985519, 'd_o_3d_factor': 1.3680912408405652}. Best is trial 22 with value: 0.21505399025097435.
