[I 2026-08-02 15:56:29,970] Trial 41 finished with value: 0.22851258018360043 and parameters: {'d_c_2d': 0.0024821953078307617, 'rho_c_2d': 0.0005136730533198938, 'd_c_3d': 0.009053108105553431, 'rho_c_3d': 0.003653885596774999, 'depth_scale': 112.84291079082907, 'd_o_2d_factor': 2.828422816998386, 'd_o_3d_factor': 2.113151784087967}. Best is trial 14 with value: 0.2311380219136033.
[I 2026-08-02 15:56:32,416] Trial 42 finished with value: 0.23205426789858138 and parameters: {'d_c_2d': 0.004503995236053704, 'rho_c_2d': 0.00040626737649434425, 'd_c_3d': 0.019745526173184067, 'rho_c_3d': 0.006874033931346372, 'depth_scale': 119.94650912948013, 'd_o_2d_factor': 2.586094857924518, 'd_o_3d_factor': 2.335211758093556}. Best is trial 42 with value: 0.23205426789858138.
[I 2026-08-02 15:56:34,540] Trial 43 finished with value: 0.23337531061366476 and parameters: {'d_c_2d': 0.004641922877521158, 'rho_c_2d': 0.0009543660085117615, 'd_c_3d': 0.01900401917950588, 'rho_c_3d': 0.006605400280254119, 'depth_scale': 106.44980830201828, 'd_o_2d_factor': 2.5826383951587615, 'd_o_3d_factor': 2.13437405372885}. Best is trial 43 with value: 0.23337531061366476.
[I 2026-08-02 15:56:36,400] Trial 44 finished with value: 0.20599797619793858 and parameters: {'d_c_2d': 0.004972002408900864, 'rho_c_2d': 0.0011491497778214174, 'd_c_3d': 0.01930064165425519, 'rho_c_3d': 0.008028100872676911, 'depth_scale': 41.70289044084028, 'd_o_2d_factor': 2.5970355591659904, 'd_o_3d_factor': 2.2969756159220527}. Best is trial 43 with value: 0.23337531061366476.
[I 2026-08-02 15:56:39,122] Trial 45 finished with value: 0.20068858351787883 and parameters: {'d_c_2d': 0.00564168649980704, 'rho_c_2d': 9.247670667997527e-05, 'd_c_3d': 0.021577558790830773, 'rho_c_3d': 0.010511271500163741, 'depth_scale': 130.31644409467802, 'd_o_2d_factor': 1.4921365627044163, 'd_o_3d_factor': 2.0817051558967252}. Best is trial 43 with value: 0.23337531061366476.
[I 2026-08-02 15:56:41,189] Trial 46 finished with value: 0.21041446852481338 and parameters: {'d_c_2d': 0.004281038087183248, 'rho_c_2d': 0.0008595849767728902, 'd_c_3d': 0.0156549471139455, 'rho_c_3d': 0.007343436200750738, 'depth_scale': 28.82548205958199, 'd_o_2d_factor': 2.300940918680312, 'd_o_3d_factor': 2.2476648642506563}. Best is trial 43 with value: 0.23337531061366476.
[I 2026-08-02 15:56:43,834] Trial 47 finished with value: 0.12863140442064566 and parameters: {'d_c_2d': 0.010052804435111345, 'rho_c_2d': 2.0386748079426927e-05, 'd_c_3d': 0.03162598527481647, 'rho_c_3d': 0.021503187073336934, 'depth_scale': 55.426357661158015, 'd_o_2d_factor': 1.6688269760201715, 'd_o_3d_factor': 2.3640889585555342}. Best is trial 43 with value: 0.23337531061366476.
[I 2026-08-02 15:56:46,484] Trial 48 finished with value: 0.0336210190146847 and parameters: {'d_c_2d': 0.003082142232668367, 'rho_c_2d': 0.00013188491700421494, 'd_c_3d': 0.02244124645613461, 'rho_c_3d': 0.05703904897799473, 'depth_scale': 200.4433234005185, 'd_o_2d_factor': 1.3697975951106218, 'd_o_3d_factor': 1.6955795767667212}. Best is trial 43 with value: 0.23337531061366476.
[I 2026-08-02 15:56:49,350] Trial 49 finished with value: 0.23000404676835207 and parameters: {'d_c_2d': 0.009258649959846299, 'rho_c_2d': 0.0003143225203860532, 'd_c_3d': 0.014053572915955242, 'rho_c_3d': 0.005961158828254889, 'depth_scale': 689.3028923764001, 'd_o_2d_factor': 2.0878970036828006, 'd_o_3d_factor': 2.744794956429879}. Best is trial 43 with value: 0.23337531061366476.
[I 2026-08-02 15:56:52,526] Trial 50 finished with value: 0.2264607059164593 and parameters: {'d_c_2d': 0.008906452243397747, 'rho_c_2d': 0.0003511058785040094, 'd_c_3d': 0.029786316343251875, 'rho_c_3d': 0.006237278280769159, 'depth_scale': 872.7799013806921, 'd_o_2d_factor': 1.9319113069907348, 'd_o_3d_factor': 2.8101876273751767}. Best is trial 43 with value: 0.23337531061366476.
[I 2026-08-02 15:56:55,734] Trial 51 finished with value: 0.23056009093812938 and parameters: {'d_c_2d': 0.002586098468370557, 'rho_c_2d': 0.00021412557862895664, 'd_c_3d': 0.014075173014865282, 'rho_c_3d': 0.002628139150678539, 'depth_scale': 1938.673220606881, 'd_o_2d_factor': 1.8167238034084792, 'd_o_3d_factor': 2.857392027751613}. Best is trial 43 with value: 0.23337531061366476.
[I 2026-08-02 15:56:58,976] Trial 52 finished with value: 0.22130434135900645 and parameters: {'d_c_2d': 0.013235934842505466, 'rho_c_2d': 0.00021878459978681144, 'd_c_3d': 0.014668984539017072, 'rho_c_3d': 0.001993907897255716, 'depth_scale': 1991.5272323342583, 'd_o_2d_factor': 2.07958942924758, 'd_o_3d_factor': 2.7732309638399433}. Best is trial 43 with value: 0.23337531061366476.
[I 2026-08-02 15:57:02,205] Trial 53 finished with value: 0.23041984868742657 and parameters: {'d_c_2d': 0.005959957706604996, 'rho_c_2d': 0.000293071165048517, 'd_c_3d': 0.013883334335161358, 'rho_c_3d': 0.0025868269444009498, 'depth_scale': 1694.5387428949664, 'd_o_2d_factor': 1.8004499852174274, 'd_o_3d_factor': 2.9303653994016785}. Best is trial 43 with value: 0.23337531061366476.
[I 2026-08-02 15:57:05,474] Trial 54 finished with value: 0.23205130199742371 and parameters: {'d_c_2d': 0.006237049696301028, 'rho_c_2d': 0.00017259560240307165, 'd_c_3d': 0.018836336555425076, 'rho_c_3d': 0.0026044653111574056, 'depth_scale': 1812.02632474347, 'd_o_2d_factor': 1.7979823323337174, 'd_o_3d_factor': 2.9094635992099978}. Best is trial 43 with value: 0.23337531061366476.
[I 2026-08-02 15:57:08,810] Trial 55 finished with value: 0.20070538363843918 and parameters: {'d_c_2d': 0.006285874233894892, 'rho_c_2d': 7.219438149776288e-05, 'd_c_3d': 0.017488624304396405, 'rho_c_3d': 0.0012993894097242838, 'depth_scale': 1856.659759332808, 'd_o_2d_factor': 1.828400598912061, 'd_o_3d_factor': 2.884483094473022}. Best is trial 43 with value: 0.23337531061366476.
[I 2026-08-02 15:57:12,022] Trial 56 finished with value: 0.23021230584718824 and parameters: {'d_c_2d': 0.005566714159309336, 'rho_c_2d': 0.0001667200262665724, 'd_c_3d': 0.022178595895480428, 'rho_c_3d': 0.002397808025801067, 'depth_scale': 2662.3816394931096, 'd_o_2d_factor': 1.625343918491142, 'd_o_3d_factor': 2.99861200808273}. Best is trial 43 with value: 0.23337531061366476.
[I 2026-08-02 15:57:15,443] Trial 57 finished with value: 0.2337987243732283 and parameters: {'d_c_2d': 0.004014371639003207, 'rho_c_2d': 0.00011617073328165539, 'd_c_3d': 0.02689134653730683, 'rho_c_3d': 0.002669805978461916, 'depth_scale': 1787.2024309587985, 'd_o_2d_factor': 1.757005443572839, 'd_o_3d_factor': 2.6752920596236365}. Best is trial 57 with value: 0.2337987243732283.
[I 2026-08-02 15:57:17,800] Trial 58 finished with value: 0.13480608995181767 and parameters: {'d_c_2d': 0.19733573606423932, 'rho_c_2d': 0.0001178032348596912, 'd_c_3d': 0.04665161060113232, 'rho_c_3d': 0.00040677684416857215, 'depth_scale': 5.115544905629391, 'd_o_2d_factor': 1.4933401000065578, 'd_o_3d_factor': 2.6643536293773575}. Best is trial 57 with value: 0.2337987243732283.
[I 2026-08-02 15:57:21,242] Trial 59 finished with value: 0.183625432528187 and parameters: {'d_c_2d': 0.0038382284261605, 'rho_c_2d': 5.6264401017558504e-05, 'd_c_3d': 0.03651285558656835, 'rho_c_3d': 0.0007405064893066105, 'depth_scale': 1469.7995562525587, 'd_o_2d_factor': 1.7491682150497179, 'd_o_3d_factor': 2.4759707050134026}. Best is trial 57 with value: 0.2337987243732283.
[I 2026-08-02 15:57:24,544] Trial 60 finished with value: 0.21697073259452596 and parameters: {'d_c_2d': 0.004797881693065198, 'rho_c_2d': 0.00017531007778398826, 'd_c_3d': 0.026202285075570993, 'rho_c_3d': 0.0016454690790411687, 'depth_scale': 975.3339743274323, 'd_o_2d_factor': 1.9914470496462418, 'd_o_3d_factor': 2.6851200221851914}. Best is trial 57 with value: 0.2337987243732283.
[I 2026-08-02 15:57:27,882] Trial 61 finished with value: 0.23314133108119675 and parameters: {'d_c_2d': 0.0059905344311344845, 'rho_c_2d': 8.445451823771383e-05, 'd_c_3d': 0.018817759475168862, 'rho_c_3d': 0.002676055688183413, 'depth_scale': 1781.803397831969, 'd_o_2d_factor': 1.7947512879126843, 'd_o_3d_factor': 2.921450336773268}. Best is trial 57 with value: 0.2337987243732283.
[I 2026-08-02 15:57:31,273] Trial 62 finished with value: 0.2044429516580182 and parameters: {'d_c_2d': 0.0073074577461970415, 'rho_c_2d': 8.599856376997017e-05, 'd_c_3d': 0.01941774239153203, 'rho_c_3d': 0.0013706408644982258, 'depth_scale': 2102.6304863906485, 'd_o_2d_factor': 1.8398800744319666, 'd_o_3d_factor': 2.862119578584267}. Best is trial 57 with value: 0.2337987243732283.
[I 2026-08-02 15:57:34,481] Trial 63 finished with value: 0.23287816658148053 and parameters: {'d_c_2d': 0.004396650495944481, 'rho_c_2d': 3.3608675265493296e-05, 'd_c_3d': 0.01696376817958219, 'rho_c_3d': 0.004230644794215134, 'depth_scale': 1201.9241877625489, 'd_o_2d_factor': 1.668689684403178, 'd_o_3d_factor': 2.520566400232076}. Best is trial 57 with value: 0.2337987243732283.
[I 2026-08-02 15:57:37,649] Trial 64 finished with value: 0.23687204665284844 and parameters: {'d_c_2d': 0.004564005629909141, 'rho_c_2d': 3.290296026315859e-05, 'd_c_3d': 0.028476175895914675, 'rho_c_3d': 0.004661313560061156, 'depth_scale': 563.1866913422792, 'd_o_2d_factor': 1.6501704656610192, 'd_o_3d_factor': 2.5297151578788997}. Best is trial 64 with value: 0.23687204665284844.
[I 2026-08-02 15:57:40,747] Trial 65 finished with value: 0.19310204691547553 and parameters: {'d_c_2d': 0.004207101353967221, 'rho_c_2d': 3.8019231583488974e-05, 'd_c_3d': 0.017046693697988138, 'rho_c_3d': 0.010360019193490598, 'depth_scale': 1120.9563498527327, 'd_o_2d_factor': 1.5648046360632986, 'd_o_3d_factor': 2.569339117832671}. Best is trial 64 with value: 0.23687204665284844.
[I 2026-08-02 15:57:43,935] Trial 66 finished with value: 0.15894000817378282 and parameters: {'d_c_2d': 0.005048424572594901, 'rho_c_2d': 3.0980654746565286e-05, 'd_c_3d': 0.023474347439965855, 'rho_c_3d': 0.014552295502604718, 'depth_scale': 2972.76840846555, 'd_o_2d_factor': 1.6726132479107028, 'd_o_3d_factor': 2.7301240717102493}. Best is trial 64 with value: 0.23687204665284844.
[I 2026-08-02 15:57:47,142] Trial 67 finished with value: 0.23537287692694595 and parameters: {'d_c_2d': 0.0034538112910620904, 'rho_c_2d': 4.5673011004003584e-05, 'd_c_3d': 0.028864055237096044, 'rho_c_3d': 0.0049620672281689765, 'depth_scale': 607.5866936364982, 'd_o_2d_factor': 1.1966365198341966, 'd_o_3d_factor': 2.5986953033764575}. Best is trial 64 with value: 0.23687204665284844.
[I 2026-08-02 15:57:50,277] Trial 68 finished with value: 0.2371248726655884 and parameters: {'d_c_2d': 0.0041235746251320066, 'rho_c_2d': 2.675106134783407e-05, 'd_c_3d': 0.027861897891072795, 'rho_c_3d': 0.004478664277214266, 'depth_scale': 553.971382399846, 'd_o_2d_factor': 1.0528017285233489, 'd_o_3d_factor': 2.511577723458096}. Best is trial 68 with value: 0.2371248726655884.
[I 2026-08-02 15:57:53,449] Trial 69 finished with value: 0.23579960392893418 and parameters: {'d_c_2d': 0.003294676737586705, 'rho_c_2d': 2.486733259168871e-05, 'd_c_3d': 0.029626062130683986, 'rho_c_3d': 0.004873000509384543, 'depth_scale': 569.9499815828194, 'd_o_2d_factor': 1.1029370882859182, 'd_o_3d_factor': 2.5214953161087554}. Best is trial 68 with value: 0.2371248726655884.
[I 2026-08-02 15:57:56,656] Trial 70 finished with value: 0.23700070520907338 and parameters: {'d_c_2d': 0.0033411520094617756, 'rho_c_2d': 2.6403574560129418e-05, 'd_c_3d': 0.02860432153126131, 'rho_c_3d': 0.004580543799126339, 'depth_scale': 606.6591587008921, 'd_o_2d_factor': 1.1173187790338752, 'd_o_3d_factor': 2.48307580359605}. Best is trial 68 with value: 0.2371248726655884.
[I 2026-08-02 15:57:59,749] Trial 71 finished with value: 0.23449671059295124 and parameters: {'d_c_2d': 0.00319528893562099, 'rho_c_2d': 2.2048677063306434e-05, 'd_c_3d': 0.02843574666041245, 'rho_c_3d': 0.005163431165938818, 'depth_scale': 560.6958239034892, 'd_o_2d_factor': 1.092806012484208, 'd_o_3d_factor': 2.6099603495746164}. Best is trial 68 with value: 0.2371248726655884.
[I 2026-08-02 15:58:02,890] Trial 72 finished with value: 0.236913093703863 and parameters: {'d_c_2d': 0.0033592014061230814, 'rho_c_2d': 2.0953824353790695e-05, 'd_c_3d': 0.02860911389644959, 'rho_c_3d': 0.004670136992749352, 'depth_scale': 563.4070776719074, 'd_o_2d_factor': 1.0488391043569707, 'd_o_3d_factor': 2.6230945255873013}. Best is trial 68 with value: 0.2371248726655884.
[I 2026-08-02 15:58:06,289] Trial 73 finished with value: 0.22836594448685532 and parameters: {'d_c_2d': 0.0033066558536170502, 'rho_c_2d': 2.2550542720618005e-05, 'd_c_3d': 0.04177848098839861, 'rho_c_3d': 0.005201222013940169, 'depth_scale': 584.9400355371749, 'd_o_2d_factor': 1.110190674291322, 'd_o_3d_factor': 2.4970566098633844}. Best is trial 68 with value: 0.2371248726655884.
[I 2026-08-02 15:58:09,442] Trial 74 finished with value: 0.2392290503460864 and parameters: {'d_c_2d': 0.0024076865790859667, 'rho_c_2d': 2.5178519186516697e-05, 'd_c_3d': 0.029537833250913678, 'rho_c_3d': 0.0043960721919960415, 'depth_scale': 536.4727149619729, 'd_o_2d_factor': 1.0441269836466793, 'd_o_3d_factor': 2.616842362859032}. Best is trial 74 with value: 0.2392290503460864.
[I 2026-08-02 15:58:12,657] Trial 75 finished with value: 0.23277845856255944 and parameters: {'d_c_2d': 0.002331526852251432, 'rho_c_2d': 2.627109531348598e-05, 'd_c_3d': 0.05742603617459918, 'rho_c_3d': 0.004375394496774492, 'depth_scale': 556.7750477317987, 'd_o_2d_factor': 1.0057120974747977, 'd_o_3d_factor': 2.612440077288606}. Best is trial 74 with value: 0.2392290503460864.
[I 2026-08-02 15:58:15,803] Trial 76 finished with value: 0.24032143044487325 and parameters: {'d_c_2d': 0.0028916659418099524, 'rho_c_2d': 4.633208635175972e-05, 'd_c_3d': 0.03465570580278903, 'rho_c_3d': 0.004375645861796027, 'depth_scale': 341.8591872003738, 'd_o_2d_factor': 1.158564325113023, 'd_o_3d_factor': 2.470490142307219}. Best is trial 76 with value: 0.24032143044487325.
[I 2026-08-02 15:58:18,944] Trial 77 finished with value: 0.20314899350339968 and parameters: {'d_c_2d': 0.002851378468315887, 'rho_c_2d': 4.5313791297018495e-05, 'd_c_3d': 0.034015308272296915, 'rho_c_3d': 0.009406041501221018, 'depth_scale': 360.65892873348554, 'd_o_2d_factor': 1.2126469617823747, 'd_o_3d_factor': 2.4510854961342186}. Best is trial 76 with value: 0.24032143044487325.
[I 2026-08-02 15:58:22,157] Trial 78 finished with value: 0.23341615476880428 and parameters: {'d_c_2d': 0.002420826620961109, 'rho_c_2d': 2.9403256538291223e-05, 'd_c_3d': 0.04922279412569763, 'rho_c_3d': 0.0041528159836700315, 'depth_scale': 469.2308075733214, 'd_o_2d_factor': 1.2030526715307797, 'd_o_3d_factor': 2.5309710104420904}. Best is trial 76 with value: 0.24032143044487325.
[I 2026-08-02 15:58:25,292] Trial 79 finished with value: 0.24421608124023797 and parameters: {'d_c_2d': 0.003513316061365158, 'rho_c_2d': 4.496901425950501e-05, 'd_c_3d': 0.04077445912317418, 'rho_c_3d': 0.0033019576754636723, 'depth_scale': 335.13024733627736, 'd_o_2d_factor': 1.061526403683803, 'd_o_3d_factor': 2.3730125382140055}. Best is trial 79 with value: 0.24421608124023797.
  best f1 0.2442  d_c_2d=0.003513  rho_c_2d=4.497e-05  d_c_3d=0.04077  rho_c_3d=0.003302  depth_scale=335.1  d_o_2d=0.003729  d_o_3d=0.09676

wrote /home/xucapfwi/MSc_Thesis_SDIC/results/clue_parameters.json
