[I 2026-08-02 15:49:38,282] Trial 32 finished with value: 0.173608559489934 and parameters: {'d_c_2d': 0.007847972300084, 'rho_c_2d': 0.0013047831765345215, 'd_c_3d': 0.010260160834491347, 'rho_c_3d': 0.00026539484209145284, 'depth_scale': 1812.4405194859773, 'd_o_2d_factor': 2.9239008591005637, 'd_o_3d_factor': 1.7908833679073377}. Best is trial 22 with value: 0.21505399025097435.
[I 2026-08-02 15:49:41,711] Trial 33 finished with value: 0.2146565075020475 and parameters: {'d_c_2d': 0.0114321246951035, 'rho_c_2d': 0.002178239175201501, 'd_c_3d': 0.013922072628603196, 'rho_c_3d': 6.0856627430640356e-05, 'depth_scale': 1020.9804903337932, 'd_o_2d_factor': 2.606880224842249, 'd_o_3d_factor': 1.5306237284386166}. Best is trial 22 with value: 0.21505399025097435.
[I 2026-08-02 15:49:48,678] Trial 34 finished with value: 0.13630290430725103 and parameters: {'d_c_2d': 0.011235946741827657, 'rho_c_2d': 0.0005278071767299962, 'd_c_3d': 0.017457705411812935, 'rho_c_3d': 9.937654087864788e-05, 'depth_scale': 1268.6241417301346, 'd_o_2d_factor': 2.6749339668132004, 'd_o_3d_factor': 1.5493018651253587}. Best is trial 22 with value: 0.21505399025097435.
[I 2026-08-02 15:49:52,197] Trial 35 finished with value: 0.20810984622437345 and parameters: {'d_c_2d': 0.005013801569110895, 'rho_c_2d': 0.001878336511690916, 'd_c_3d': 0.035703774780628875, 'rho_c_3d': 0.0001463691779569593, 'depth_scale': 949.9571155387242, 'd_o_2d_factor': 2.449788470410092, 'd_o_3d_factor': 1.3853872303370405}. Best is trial 22 with value: 0.21505399025097435.
[I 2026-08-02 15:49:56,708] Trial 36 finished with value: 0.16725221308455265 and parameters: {'d_c_2d': 0.019439618558321783, 'rho_c_2d': 0.0007904333753299456, 'd_c_3d': 0.02475950023440087, 'rho_c_3d': 5.622205332931643e-05, 'depth_scale': 1900.9756746740018, 'd_o_2d_factor': 2.6529650589117946, 'd_o_3d_factor': 1.0748577669008013}. Best is trial 22 with value: 0.21505399025097435.
[I 2026-08-02 15:49:59,893] Trial 37 finished with value: 0.1220851024825165 and parameters: {'d_c_2d': 0.030934854600639387, 'rho_c_2d': 0.006378256450034449, 'd_c_3d': 0.01649839605607156, 'rho_c_3d': 5.131302149044035e-05, 'depth_scale': 15.066273026039184, 'd_o_2d_factor': 2.2516421976532133, 'd_o_3d_factor': 1.600819513879088}. Best is trial 22 with value: 0.21505399025097435.
[I 2026-08-02 15:50:03,206] Trial 38 finished with value: 0.13998548894240576 and parameters: {'d_c_2d': 0.016987311298485595, 'rho_c_2d': 0.00253422068930168, 'd_c_3d': 0.16293364408268082, 'rho_c_3d': 9.257302831684007e-05, 'depth_scale': 483.3480070531074, 'd_o_2d_factor': 2.0159561360479294, 'd_o_3d_factor': 1.4730447875168302}. Best is trial 22 with value: 0.21505399025097435.
[I 2026-08-02 15:50:05,284] Trial 39 finished with value: 0.0 and parameters: {'d_c_2d': 0.006220365055470741, 'rho_c_2d': 1.1183713484599438e-05, 'd_c_3d': 0.00885315685595109, 'rho_c_3d': 4.48779477071804e-05, 'depth_scale': 788.7121185364351, 'd_o_2d_factor': 1.4897219625070144, 'd_o_3d_factor': 2.22155087169575}. Best is trial 22 with value: 0.21505399025097435.
[I 2026-08-02 15:50:23,382] Trial 40 finished with value: 0.18269068793513743 and parameters: {'d_c_2d': 0.004104845130000483, 'rho_c_2d': 0.0002832160812826093, 'd_c_3d': 0.013870302169852383, 'rho_c_3d': 0.0011189698631113975, 'depth_scale': 2237.1837306071075, 'd_o_2d_factor': 2.7927003194948394, 'd_o_3d_factor': 1.1892919787018799}. Best is trial 22 with value: 0.21505399025097435.
[I 2026-08-02 15:50:26,430] Trial 41 finished with value: 0.20840535056843754 and parameters: {'d_c_2d': 0.008150354692626613, 'rho_c_2d': 0.004068551226715714, 'd_c_3d': 0.012093697999025897, 'rho_c_3d': 0.00043865990118338366, 'depth_scale': 676.8077848773543, 'd_o_2d_factor': 2.889028896955412, 'd_o_3d_factor': 1.9004330192685401}. Best is trial 22 with value: 0.21505399025097435.
[I 2026-08-02 15:50:30,753] Trial 42 finished with value: 0.13057282752307314 and parameters: {'d_c_2d': 0.011473861485128842, 'rho_c_2d': 0.0010268364307193432, 'd_c_3d': 0.006009956203503505, 'rho_c_3d': 0.000208674599384754, 'depth_scale': 1072.9321232372215, 'd_o_2d_factor': 2.6391141116946595, 'd_o_3d_factor': 1.7034293662381423}. Best is trial 22 with value: 0.21505399025097435.
[I 2026-08-02 15:50:33,795] Trial 43 finished with value: 0.1696157626073662 and parameters: {'d_c_2d': 0.013600070451568297, 'rho_c_2d': 0.006881567483255397, 'd_c_3d': 0.020161281792106158, 'rho_c_3d': 0.0003120506920303545, 'depth_scale': 1574.3405796732475, 'd_o_2d_factor': 2.8566467603043217, 'd_o_3d_factor': 1.3670827802491847}. Best is trial 22 with value: 0.21505399025097435.
[I 2026-08-02 15:50:37,267] Trial 44 finished with value: 0.10530798097244076 and parameters: {'d_c_2d': 0.002330518674949308, 'rho_c_2d': 0.0020988785905436116, 'd_c_3d': 0.003262839055888022, 'rho_c_3d': 0.0006200130161500094, 'depth_scale': 336.90966086172244, 'd_o_2d_factor': 2.9790092321284907, 'd_o_3d_factor': 1.8810816618398039}. Best is trial 22 with value: 0.21505399025097435.
[I 2026-08-02 15:50:40,499] Trial 45 finished with value: 0.13066213361918597 and parameters: {'d_c_2d': 0.007747181423530473, 'rho_c_2d': 0.004432427265902637, 'd_c_3d': 0.014455880842441782, 'rho_c_3d': 0.00010784034701604868, 'depth_scale': 5.131861741754928, 'd_o_2d_factor': 2.7399766469981763, 'd_o_3d_factor': 2.0081323401394235}. Best is trial 22 with value: 0.21505399025097435.
[I 2026-08-02 15:50:43,635] Trial 46 finished with value: 0.20571231136920878 and parameters: {'d_c_2d': 0.005454370646229053, 'rho_c_2d': 0.0031328315001246027, 'd_c_3d': 0.028847910397816125, 'rho_c_3d': 0.00019309876853184575, 'depth_scale': 538.5057196210397, 'd_o_2d_factor': 2.5226801907457217, 'd_o_3d_factor': 2.1404992136340835}. Best is trial 22 with value: 0.21505399025097435.
[I 2026-08-02 15:50:50,750] Trial 47 finished with value: 0.11774410677075804 and parameters: {'d_c_2d': 0.0028261339562007954, 'rho_c_2d': 0.0006312205200792057, 'd_c_3d': 0.010414507628796742, 'rho_c_3d': 7.793140568777334e-05, 'depth_scale': 706.3181525051153, 'd_o_2d_factor': 2.43459389100255, 'd_o_3d_factor': 2.4846562726824666}. Best is trial 22 with value: 0.21505399025097435.
[I 2026-08-02 15:50:54,699] Trial 48 finished with value: 0.10245225613824578 and parameters: {'d_c_2d': 0.010170020948820455, 'rho_c_2d': 0.0015604969452214187, 'd_c_3d': 0.004360372621612967, 'rho_c_3d': 0.00033781780566216087, 'depth_scale': 201.89371491719936, 'd_o_2d_factor': 2.314546264068234, 'd_o_3d_factor': 1.0032721634900785}. Best is trial 22 with value: 0.21505399025097435.
[I 2026-08-02 15:50:57,701] Trial 49 finished with value: 0.07725586419028388 and parameters: {'d_c_2d': 0.004524406096733289, 'rho_c_2d': 0.009848661851786235, 'd_c_3d': 0.062096978477716315, 'rho_c_3d': 3.877896882960576e-05, 'depth_scale': 389.9887516804247, 'd_o_2d_factor': 2.1075187404572158, 'd_o_3d_factor': 1.5052593127206468}. Best is trial 22 with value: 0.21505399025097435.
[I 2026-08-02 15:51:03,639] Trial 50 finished with value: 0.11655525778395585 and parameters: {'d_c_2d': 0.0221745676514293, 'rho_c_2d': 1.8446540758042012e-05, 'd_c_3d': 0.02119806304211929, 'rho_c_3d': 0.0005755118224784793, 'depth_scale': 101.3954341466163, 'd_o_2d_factor': 1.3176710274128216, 'd_o_3d_factor': 1.299988958113998}. Best is trial 22 with value: 0.21505399025097435.
[I 2026-08-02 15:51:06,817] Trial 51 finished with value: 0.21046175462855837 and parameters: {'d_c_2d': 0.008015089649443611, 'rho_c_2d': 0.003922143752459019, 'd_c_3d': 0.01293089259152705, 'rho_c_3d': 0.0004459782023617495, 'depth_scale': 743.64357583867, 'd_o_2d_factor': 2.875269383434587, 'd_o_3d_factor': 1.9356770231360976}. Best is trial 22 with value: 0.21505399025097435.
[I 2026-08-02 15:51:09,814] Trial 52 finished with value: 0.13168461403871543 and parameters: {'d_c_2d': 0.006150050663712864, 'rho_c_2d': 0.006520193891516498, 'd_c_3d': 0.03968691256540082, 'rho_c_3d': 0.002352017690485866, 'depth_scale': 1077.9820019190836, 'd_o_2d_factor': 2.8623157352146738, 'd_o_3d_factor': 1.8329424520990714}. Best is trial 22 with value: 0.21505399025097435.
[I 2026-08-02 15:51:13,129] Trial 53 finished with value: 0.21479021496596826 and parameters: {'d_c_2d': 0.0095534477897921, 'rho_c_2d': 0.002216624445004858, 'd_c_3d': 0.013227803110482744, 'rho_c_3d': 0.00016212698049894832, 'depth_scale': 812.8602728507935, 'd_o_2d_factor': 2.7092643279939526, 'd_o_3d_factor': 1.6379117478492355}. Best is trial 22 with value: 0.21505399025097435.
[I 2026-08-02 15:51:16,627] Trial 54 finished with value: 0.21166584453225187 and parameters: {'d_c_2d': 0.015178063129888961, 'rho_c_2d': 0.0021393962437262354, 'd_c_3d': 0.024556796185897393, 'rho_c_3d': 0.0001677686989316529, 'depth_scale': 2500.234038380451, 'd_o_2d_factor': 2.711341771054876, 'd_o_3d_factor': 1.6253352719901915}. Best is trial 22 with value: 0.21505399025097435.
[I 2026-08-02 15:51:20,145] Trial 55 finished with value: 0.2081934490503742 and parameters: {'d_c_2d': 0.01502412573424428, 'rho_c_2d': 0.001942456206181134, 'd_c_3d': 0.030170560192757125, 'rho_c_3d': 0.00015935958274191563, 'depth_scale': 2460.7599922173795, 'd_o_2d_factor': 2.5925904179326875, 'd_o_3d_factor': 1.6050649631732887}. Best is trial 22 with value: 0.21505399025097435.
[I 2026-08-02 15:51:24,367] Trial 56 finished with value: 0.19114035810934082 and parameters: {'d_c_2d': 0.00993770484510714, 'rho_c_2d': 0.0011454534763731643, 'd_c_3d': 0.02493646914284201, 'rho_c_3d': 7.115363973783035e-05, 'depth_scale': 1725.1800597133717, 'd_o_2d_factor': 2.7201742737978067, 'd_o_3d_factor': 1.6934317968488148}. Best is trial 22 with value: 0.21505399025097435.
[I 2026-08-02 15:51:28,192] Trial 57 finished with value: 0.18334890875140408 and parameters: {'d_c_2d': 0.052699458693396484, 'rho_c_2d': 0.0015085564706745966, 'd_c_3d': 0.01704422204756725, 'rho_c_3d': 0.00011747702443951293, 'depth_scale': 2899.2015420014654, 'd_o_2d_factor': 2.526584710085807, 'd_o_3d_factor': 1.4439677059649776}. Best is trial 22 with value: 0.21505399025097435.
[I 2026-08-02 15:51:31,460] Trial 58 finished with value: 0.2129948036121777 and parameters: {'d_c_2d': 0.017154476680985967, 'rho_c_2d': 0.002711222787733028, 'd_c_3d': 0.008107754133403781, 'rho_c_3d': 0.00017298286292994938, 'depth_scale': 1386.0280663118122, 'd_o_2d_factor': 2.62130864195546, 'd_o_3d_factor': 1.521395081340398}. Best is trial 22 with value: 0.21505399025097435.
[I 2026-08-02 15:51:34,836] Trial 59 finished with value: 0.2032291312819707 and parameters: {'d_c_2d': 0.02626390030732227, 'rho_c_2d': 0.0027243078251676526, 'd_c_3d': 0.007304800567433273, 'rho_c_3d': 0.0001714174540586059, 'depth_scale': 2103.6598278891097, 'd_o_2d_factor': 2.6014996447238286, 'd_o_3d_factor': 1.5750466591149548}. Best is trial 22 with value: 0.21505399025097435.
[I 2026-08-02 15:51:38,243] Trial 60 finished with value: 0.21317192950450417 and parameters: {'d_c_2d': 0.019064303516028596, 'rho_c_2d': 0.0023025580744081555, 'd_c_3d': 0.008120427120616962, 'rho_c_3d': 0.01016110125247488, 'depth_scale': 1373.6277438435584, 'd_o_2d_factor': 2.455074431816057, 'd_o_3d_factor': 1.7424975371189444}. Best is trial 22 with value: 0.21505399025097435.
[I 2026-08-02 15:51:41,756] Trial 61 finished with value: 0.21116798024754393 and parameters: {'d_c_2d': 0.018282151933582715, 'rho_c_2d': 0.002246391498458242, 'd_c_3d': 0.008499286878587711, 'rho_c_3d': 0.011044170041767486, 'depth_scale': 1500.839226234228, 'd_o_2d_factor': 2.4373638125274955, 'd_o_3d_factor': 1.7113324306195294}. Best is trial 22 with value: 0.21505399025097435.
[I 2026-08-02 15:51:45,069] Trial 62 finished with value: 0.13582321230752656 and parameters: {'d_c_2d': 0.035263686614012996, 'rho_c_2d': 0.0031858382447988104, 'd_c_3d': 0.009459990368865164, 'rho_c_3d': 0.028573892352276763, 'depth_scale': 1267.1898385113839, 'd_o_2d_factor': 2.4851590142234548, 'd_o_3d_factor': 1.6499158600578487}. Best is trial 22 with value: 0.21505399025097435.
[I 2026-08-02 15:51:48,682] Trial 63 finished with value: 0.2010237980671062 and parameters: {'d_c_2d': 0.015204472225844914, 'rho_c_2d': 0.0013825833069677639, 'd_c_3d': 0.006050143933271331, 'rho_c_3d': 0.0032824321983016525, 'depth_scale': 2001.1425135306445, 'd_o_2d_factor': 2.362584229059814, 'd_o_3d_factor': 1.5200771302103193}. Best is trial 22 with value: 0.21505399025097435.
[I 2026-08-02 15:51:52,070] Trial 64 finished with value: 0.229395534842206 and parameters: {'d_c_2d': 0.012581999555296207, 'rho_c_2d': 0.002040675811876308, 'd_c_3d': 0.010821035215980788, 'rho_c_3d': 0.006800560959843896, 'depth_scale': 2589.0536277420833, 'd_o_2d_factor': 2.71860989179727, 'd_o_3d_factor': 1.73614708852699}. Best is trial 64 with value: 0.229395534842206.
[I 2026-08-02 15:51:55,240] Trial 65 finished with value: 0.19979017704670762 and parameters: {'d_c_2d': 0.011804108812070595, 'rho_c_2d': 0.0053210397241809605, 'd_c_3d': 0.011054055011355897, 'rho_c_3d': 0.0049801890522548405, 'depth_scale': 1285.2712699448969, 'd_o_2d_factor': 2.589304003729306, 'd_o_3d_factor': 1.742630579048198}. Best is trial 64 with value: 0.229395534842206.
[I 2026-08-02 15:51:58,518] Trial 66 finished with value: 0.20553696430691348 and parameters: {'d_c_2d': 0.02032469518416627, 'rho_c_2d': 0.00295316524572105, 'd_c_3d': 0.007456149278479903, 'rho_c_3d': 0.009007239479801163, 'depth_scale': 897.0227095574522, 'd_o_2d_factor': 2.8264421969882156, 'd_o_3d_factor': 1.412203290621258}. Best is trial 64 with value: 0.229395534842206.
[I 2026-08-02 15:52:05,629] Trial 67 finished with value: 0.20173935233781334 and parameters: {'d_c_2d': 0.026991170791464583, 'rho_c_2d': 0.00012612651860620177, 'd_c_3d': 0.006228314725661603, 'rho_c_3d': 0.007198276534184402, 'depth_scale': 2642.681234831854, 'd_o_2d_factor': 2.700295069472782, 'd_o_3d_factor': 1.534410177028406}. Best is trial 64 with value: 0.229395534842206.
[I 2026-08-02 15:52:09,806] Trial 68 finished with value: 0.19792276330016764 and parameters: {'d_c_2d': 0.013303764634121848, 'rho_c_2d': 0.0008166037468485282, 'd_c_3d': 0.004857317988772585, 'rho_c_3d': 0.013400726201068197, 'depth_scale': 1679.919607104159, 'd_o_2d_factor': 2.4971083536667145, 'd_o_3d_factor': 1.7851683318507279}. Best is trial 64 with value: 0.229395534842206.
[I 2026-08-02 15:52:13,665] Trial 69 finished with value: 0.1965223445603387 and parameters: {'d_c_2d': 0.01745902401646015, 'rho_c_2d': 0.0011580497106653622, 'd_c_3d': 0.014828712565028922, 'rho_c_3d': 0.015872806580215615, 'depth_scale': 1109.8115032493718, 'd_o_2d_factor': 2.622916594446042, 'd_o_3d_factor': 1.3472289281000973}. Best is trial 64 with value: 0.229395534842206.
[I 2026-08-02 15:52:17,290] Trial 70 finished with value: 0.1630689059213218 and parameters: {'d_c_2d': 0.011250429828261296, 'rho_c_2d': 0.0017439983930627842, 'd_c_3d': 0.018615140749110675, 'rho_c_3d': 0.027108708807985583, 'depth_scale': 1479.7662991157408, 'd_o_2d_factor': 2.779036527033842, 'd_o_3d_factor': 1.9591711019857858}. Best is trial 64 with value: 0.229395534842206.
[I 2026-08-02 15:52:20,755] Trial 71 finished with value: 0.212839583611324 and parameters: {'d_c_2d': 0.014535602307981553, 'rho_c_2d': 0.0024106647276562415, 'd_c_3d': 0.009526842784520513, 'rho_c_3d': 0.0002441857083280154, 'depth_scale': 2241.4088919102874, 'd_o_2d_factor': 2.6822319003407142, 'd_o_3d_factor': 1.6187656809752604}. Best is trial 64 with value: 0.229395534842206.
[I 2026-08-02 15:52:24,001] Trial 72 finished with value: 0.22534006370288395 and parameters: {'d_c_2d': 0.008983199192619551, 'rho_c_2d': 0.0024663817641544486, 'd_c_3d': 0.009897118307468823, 'rho_c_3d': 0.004782889558831593, 'depth_scale': 1998.147480811038, 'd_o_2d_factor': 2.558511093769378, 'd_o_3d_factor': 1.474619172297658}. Best is trial 64 with value: 0.229395534842206.
[I 2026-08-02 15:52:27,005] Trial 73 finished with value: 0.18210721732854568 and parameters: {'d_c_2d': 0.008708995104237335, 'rho_c_2d': 0.004735229413122719, 'd_c_3d': 0.011513943394637021, 'rho_c_3d': 0.007092296005465481, 'depth_scale': 1801.2576064174284, 'd_o_2d_factor': 2.553298474781895, 'd_o_3d_factor': 1.4711617714052072}. Best is trial 64 with value: 0.229395534842206.
[I 2026-08-02 15:52:30,172] Trial 74 finished with value: 0.20274162864379425 and parameters: {'d_c_2d': 0.007212622136358623, 'rho_c_2d': 0.003728382611101049, 'd_c_3d': 0.008153647346496878, 'rho_c_3d': 0.0037888242178704436, 'depth_scale': 916.8563051296277, 'd_o_2d_factor': 2.326262389240244, 'd_o_3d_factor': 1.5593401225077985}. Best is trial 64 with value: 0.229395534842206.
[I 2026-08-02 15:52:33,390] Trial 75 finished with value: 0.21966753777687228 and parameters: {'d_c_2d': 0.009788878078601567, 'rho_c_2d': 0.003362463525911974, 'd_c_3d': 0.0157087431749645, 'rho_c_3d': 0.0046544066796432105, 'depth_scale': 1193.6254857294123, 'd_o_2d_factor': 2.390871604305059, 'd_o_3d_factor': 1.8348332904811095}. Best is trial 64 with value: 0.229395534842206.
[I 2026-08-02 15:52:36,634] Trial 76 finished with value: 0.12885021388792517 and parameters: {'d_c_2d': 0.009808433366990015, 'rho_c_2d': 0.0033499078273079136, 'd_c_3d': 0.014797884172105601, 'rho_c_3d': 0.00452369132555431, 'depth_scale': 23.620758077895672, 'd_o_2d_factor': 2.395594463455623, 'd_o_3d_factor': 2.0579416612419434}. Best is trial 64 with value: 0.229395534842206.
[I 2026-08-02 15:52:39,528] Trial 77 finished with value: 0.10353826189731231 and parameters: {'d_c_2d': 0.0011073994591315024, 'rho_c_2d': 0.007957877553747994, 'd_c_3d': 0.013447306754556163, 'rho_c_3d': 0.0026497516906159647, 'depth_scale': 1101.5611110407672, 'd_o_2d_factor': 2.231064806163269, 'd_o_3d_factor': 1.8272762172398116}. Best is trial 64 with value: 0.229395534842206.
[I 2026-08-02 15:52:43,062] Trial 78 finished with value: 0.22755458505451187 and parameters: {'d_c_2d': 0.01257714060416415, 'rho_c_2d': 0.0018059514782695282, 'd_c_3d': 0.01614882460315809, 'rho_c_3d': 0.00789759894142305, 'depth_scale': 1846.4496117321162, 'd_o_2d_factor': 2.2864028280765796, 'd_o_3d_factor': 1.7391011116436668}. Best is trial 64 with value: 0.229395534842206.
[I 2026-08-02 15:52:48,067] Trial 79 finished with value: 0.21198382784460848 and parameters: {'d_c_2d': 0.0063318193439746056, 'rho_c_2d': 0.0009582041662355036, 'd_c_3d': 0.019416372719383818, 'rho_c_3d': 0.0017595665078110024, 'depth_scale': 2807.756126551972, 'd_o_2d_factor': 2.197046223456879, 'd_o_3d_factor': 1.6883253355252323}. Best is trial 64 with value: 0.229395534842206.
  WARNING ece.depth_scale = 2589 sits in the upper 5% of its search range [5, 3000]; widen it and re-run before reporting.
  best f1 0.2294  d_c_2d=0.01258  rho_c_2d=0.002041  d_c_3d=0.01082  rho_c_3d=0.006801  depth_scale=2589  d_o_2d=0.03421  d_o_3d=0.01879

=== hcb ===
[I 2026-08-02 15:52:48,069] A new study created in memory with name: clue_etaphi_hcb
[I 2026-08-02 15:52:49,461] Trial 0 finished with value: 0.07893036244587981 and parameters: {'d_c_2d': 0.011223032830669005, 'rho_c_2d': 0.014228952018686835, 'd_c_3d': 0.1297900498304256, 'rho_c_3d': 0.0037508241447130456, 'depth_scale': 6.259785270018362, 'd_o_2d_factor': 1.3119890406724053, 'd_o_3d_factor': 1.116167224336399}. Best is trial 0 with value: 0.07893036244587981.
[I 2026-08-02 15:52:50,854] Trial 1 finished with value: 0.3063037280120471 and parameters: {'d_c_2d': 0.1079896881957486, 'rho_c_2d': 0.0012716717713352498, 'd_c_3d': 0.1173845702294355, 'rho_c_3d': 6.916792276939434e-05, 'depth_scale': 2407.421857088805, 'd_o_2d_factor': 2.6648852816008435, 'd_o_3d_factor': 1.4246782213565523}. Best is trial 1 with value: 0.3063037280120471.
[I 2026-08-02 15:52:52,383] Trial 2 finished with value: 0.3424522318495409 and parameters: {'d_c_2d': 0.004620403775690588, 'rho_c_2d': 7.099757664393009e-05, 'd_c_3d': 0.021530857998673606, 'rho_c_3d': 0.0022512335130745677, 'depth_scale': 47.08979434618054, 'd_o_2d_factor': 1.5824582803960838, 'd_o_3d_factor': 2.223705789444759}. Best is trial 2 with value: 0.3424522318495409.
[I 2026-08-02 15:52:54,096] Trial 3 finished with value: 0.41001901413156533 and parameters: {'d_c_2d': 0.0038020490639740718, 'rho_c_2d': 0.00015047485769069703, 'd_c_3d': 0.02794871330242506, 'rho_c_3d': 0.001400751844560973, 'depth_scale': 623.4770953703814, 'd_o_2d_factor': 1.3993475643167195, 'd_o_3d_factor': 2.0284688768272234}. Best is trial 3 with value: 0.41001901413156533.
[I 2026-08-02 15:52:55,614] Trial 4 finished with value: 0.3204986794613439 and parameters: {'d_c_2d': 0.03060970424366292, 'rho_c_2d': 2.7566474910014377e-05, 'd_c_3d': 0.07695868110475171, 'rho_c_3d': 0.00019486041423764672, 'depth_scale': 3.2183983101446056, 'd_o_2d_factor': 2.8977710745066663, 'd_o_3d_factor': 2.9312640661491187}. Best is trial 3 with value: 0.41001901413156533.
[I 2026-08-02 15:52:57,030] Trial 5 finished with value: 0.2466403254997371 and parameters: {'d_c_2d': 0.08276080225122026, 'rho_c_2d': 0.0001640103680449166, 'd_c_3d': 0.00904266147828176, 'rho_c_3d': 0.006774080135455596, 'depth_scale': 50.002818368273395, 'd_o_2d_factor': 1.2440764696895577, 'd_o_3d_factor': 1.9903538202225404}. Best is trial 3 with value: 0.41001901413156533.
[I 2026-08-02 15:52:58,493] Trial 6 finished with value: 0.12108470164692735 and parameters: {'d_c_2d': 0.002343187478461412, 'rho_c_2d': 0.010690332221293631, 'd_c_3d': 0.017788622579490466, 'rho_c_3d': 0.005830665183035777, 'depth_scale': 19.545771609886366, 'd_o_2d_factor': 2.0401360423556216, 'd_o_3d_factor': 2.0934205586865593}. Best is trial 3 with value: 0.41001901413156533.
[I 2026-08-02 15:52:59,841] Trial 7 finished with value: 0.01255501839959593 and parameters: {'d_c_2d': 0.00468531621164081, 'rho_c_2d': 0.016210032252823154, 'd_c_3d': 0.15556890050203634, 'rho_c_3d': 0.03950463696072965, 'depth_scale': 1390.2193266489144, 'd_o_2d_factor': 2.19579995762217, 'd_o_3d_factor': 2.8437484700462337}. Best is trial 3 with value: 0.41001901413156533.
