tuning on 50 events from /home/xucapfwi/eventstore/ttbar_pu0_20000_20050_v1

=== ecb ===
[I 2026-08-02 15:02:43,015] A new study created in RDB with name: clue_etaphi_ecb
[I 2026-08-02 15:02:46,320] Trial 0 finished with value: 0.11682549790144797 and parameters: {'d_c_2d': 0.015355286838886862, 'rho_c_2d': 0.007969454818643935, 'd_c_3d': 0.1205712628744377, 'rho_c_3d': 0.004725396149933918, 'depth_scale': 10.256691315437248, 'd_o_2d_factor': 1.3119890406724053, 'd_o_3d_factor': 1.116167224336399}. Best is trial 0 with value: 0.11682549790144797.
[I 2026-08-02 15:02:50,301] Trial 1 finished with value: 0.1707190337955018 and parameters: {'d_c_2d': 0.06697167353375243, 'rho_c_2d': 0.0015930522616241021, 'd_c_3d': 0.11114989443094977, 'rho_c_3d': 0.0003298300672429858, 'depth_scale': 435.3010439152425, 'd_o_2d_factor': 2.6648852816008435, 'd_o_3d_factor': 1.4246782213565523}. Best is trial 1 with value: 0.1707190337955018.
[I 2026-08-02 15:02:55,456] Trial 2 finished with value: 0.2537533370191706 and parameters: {'d_c_2d': 0.008620446097910767, 'rho_c_2d': 0.00023270677083837802, 'd_c_3d': 0.028145092716060652, 'rho_c_3d': 0.003362281863558168, 'depth_scale': 36.54769917956454, 'd_o_2d_factor': 1.5824582803960838, 'd_o_3d_factor': 2.223705789444759}. Best is trial 2 with value: 0.2537533370191706.
[I 2026-08-02 15:03:00,417] Trial 3 finished with value: 0.2774686229960829 and parameters: {'d_c_2d': 0.007593739613361234, 'rho_c_2d': 0.0003839629299804173, 'd_c_3d': 0.03476649150592621, 'rho_c_3d': 0.0024505367684280496, 'depth_scale': 185.91820902866027, 'd_o_2d_factor': 1.3993475643167195, 'd_o_3d_factor': 2.0284688768272234}. Best is trial 3 with value: 0.2774686229960829.
[I 2026-08-02 15:03:05,582] Trial 4 finished with value: 0.11602913864714562 and parameters: {'d_c_2d': 0.029493012052163467, 'rho_c_2d': 0.0001238513729886094, 'd_c_3d': 0.07896186801026692, 'rho_c_3d': 0.0006579145666993107, 'depth_scale': 6.746417134006622, 'd_o_2d_factor': 2.8977710745066663, 'd_o_3d_factor': 2.9312640661491187}. Best is trial 3 with value: 0.2774686229960829.
[I 2026-08-02 15:03:09,586] Trial 5 finished with value: 0.12364962926861034 and parameters: {'d_c_2d': 0.05632733481673016, 'rho_c_2d': 0.0004066563313514797, 'd_c_3d': 0.013940346079873234, 'rho_c_3d': 0.007007890507878478, 'depth_scale': 37.95552402641344, 'd_o_2d_factor': 1.2440764696895577, 'd_o_3d_factor': 1.9903538202225404}. Best is trial 3 with value: 0.2774686229960829.
[I 2026-08-02 15:03:12,710] Trial 6 finished with value: 0.12246306936348769 and parameters: {'d_c_2d': 0.005542561258655853, 'rho_c_2d': 0.006586289317583112, 'd_c_3d': 0.024112898115291985, 'rho_c_3d': 0.00634111783219372, 'depth_scale': 21.008360271862635, 'd_o_2d_factor': 2.0401360423556216, 'd_o_3d_factor': 2.0934205586865593}. Best is trial 3 with value: 0.2774686229960829.
[I 2026-08-02 15:03:15,862] Trial 7 finished with value: 0.04630298209249652 and parameters: {'d_c_2d': 0.008699037355645861, 'rho_c_2d': 0.00869299151113955, 'd_c_3d': 0.13962563737015762, 'rho_c_3d': 0.022704876180502844, 'depth_scale': 308.052476969048, 'd_o_2d_factor': 2.19579995762217, 'd_o_3d_factor': 2.8437484700462337}. Best is trial 3 with value: 0.2774686229960829.
[I 2026-08-02 15:03:21,269] Trial 8 finished with value: 0.14162365365555693 and parameters: {'d_c_2d': 0.006517805612564439, 'rho_c_2d': 0.0002465844721448739, 'd_c_3d': 0.011662890273931383, 'rho_c_3d': 0.00134209085238638, 'depth_scale': 29.945018361271487, 'd_o_2d_factor': 1.5426980635477918, 'd_o_3d_factor': 2.6574750183038587}. Best is trial 3 with value: 0.2774686229960829.
[I 2026-08-02 15:03:26,447] Trial 9 finished with value: 0.24214484027539634 and parameters: {'d_c_2d': 0.014558505116213708, 'rho_c_2d': 0.0003646439558980723, 'd_c_3d': 0.06333268775321842, 'rho_c_3d': 0.000574076414630769, 'depth_scale': 201.07772633451418, 'd_o_2d_factor': 1.1491012873595416, 'd_o_3d_factor': 2.9737738732010346}. Best is trial 3 with value: 0.2774686229960829.
[I 2026-08-02 15:03:30,208] Trial 10 finished with value: 0.05367777982439983 and parameters: {'d_c_2d': 0.03240244348169896, 'rho_c_2d': 0.0013112992007873715, 'd_c_3d': 0.27047297227177763, 'rho_c_3d': 0.02196351972975781, 'depth_scale': 109.83112421134354, 'd_o_2d_factor': 2.150416133630545, 'd_o_3d_factor': 1.6207963208281293}. Best is trial 3 with value: 0.2774686229960829.
[I 2026-08-02 15:03:34,300] Trial 11 finished with value: 0.27627973089161495 and parameters: {'d_c_2d': 0.01153768086147706, 'rho_c_2d': 0.0007277370898027749, 'd_c_3d': 0.036368174009388174, 'rho_c_3d': 0.0023120824180969824, 'depth_scale': 85.20088130840077, 'd_o_2d_factor': 1.6406363994859414, 'd_o_3d_factor': 2.3145757200589276}. Best is trial 3 with value: 0.2774686229960829.
[I 2026-08-02 15:03:38,138] Trial 12 finished with value: 0.2573629877412035 and parameters: {'d_c_2d': 0.013950622474261558, 'rho_c_2d': 0.001063379626867955, 'd_c_3d': 0.0391407661874566, 'rho_c_3d': 0.0019910021639239915, 'depth_scale': 100.32625226682255, 'd_o_2d_factor': 1.7751884081279217, 'd_o_3d_factor': 2.366922164977767}. Best is trial 3 with value: 0.2774686229960829.
[I 2026-08-02 15:03:42,228] Trial 13 finished with value: 0.2634092374712996 and parameters: {'d_c_2d': 0.010286517143509593, 'rho_c_2d': 0.0006809484451299323, 'd_c_3d': 0.04251752795129624, 'rho_c_3d': 0.0016371714406400284, 'depth_scale': 108.69800754618562, 'd_o_2d_factor': 1.024196215342444, 'd_o_3d_factor': 1.8681439176597714}. Best is trial 3 with value: 0.2774686229960829.
[I 2026-08-02 15:03:45,705] Trial 14 finished with value: 0.17489413220071715 and parameters: {'d_c_2d': 0.023334013878685392, 'rho_c_2d': 0.0025721335817455743, 'd_c_3d': 0.027180166905229723, 'rho_c_3d': 0.012106164065142895, 'depth_scale': 69.02988118852969, 'd_o_2d_factor': 1.8335185495390636, 'd_o_3d_factor': 2.4039350457614437}. Best is trial 3 with value: 0.2774686229960829.
[I 2026-08-02 15:03:49,874] Trial 15 finished with value: 0.29134547347030265 and parameters: {'d_c_2d': 0.005459994713156359, 'rho_c_2d': 0.0006717830889400997, 'd_c_3d': 0.01919732879294896, 'rho_c_3d': 0.00285234506550967, 'depth_scale': 176.54569684523346, 'd_o_2d_factor': 1.4670354284676776, 'd_o_3d_factor': 1.736047641795373}. Best is trial 15 with value: 0.29134547347030265.
[I 2026-08-02 15:03:53,088] Trial 16 finished with value: 0.21293286070851777 and parameters: {'d_c_2d': 0.005493047499014035, 'rho_c_2d': 0.0031656621591683084, 'd_c_3d': 0.018485562823904858, 'rho_c_3d': 0.0007835889454348035, 'depth_scale': 208.05863076357008, 'd_o_2d_factor': 1.4017926727715073, 'd_o_3d_factor': 1.7154451778863553}. Best is trial 15 with value: 0.29134547347030265.
[I 2026-08-02 15:03:57,388] Trial 17 finished with value: 0.28376650103943324 and parameters: {'d_c_2d': 0.0068729913615637305, 'rho_c_2d': 0.0005199829577253819, 'd_c_3d': 0.01702467266990793, 'rho_c_3d': 0.003945300922970729, 'depth_scale': 194.61056893242545, 'd_o_2d_factor': 2.4118776047276502, 'd_o_3d_factor': 1.3096714403447438}. Best is trial 15 with value: 0.29134547347030265.
[I 2026-08-02 15:04:03,793] Trial 18 finished with value: 0.23144443716295665 and parameters: {'d_c_2d': 0.00500924177801679, 'rho_c_2d': 0.00010575915190461237, 'd_c_3d': 0.010172356810621685, 'rho_c_3d': 0.009530500900931743, 'depth_scale': 476.71879025863586, 'd_o_2d_factor': 2.4539295035760893, 'd_o_3d_factor': 1.026358428761847}. Best is trial 15 with value: 0.29134547347030265.
[I 2026-08-02 15:04:07,752] Trial 19 finished with value: 0.14678343221854956 and parameters: {'d_c_2d': 0.007223234258508743, 'rho_c_2d': 0.000745439397478521, 'd_c_3d': 0.01654781430619116, 'rho_c_3d': 0.004395747950607766, 'depth_scale': 58.24387802611705, 'd_o_2d_factor': 2.994618109600917, 'd_o_3d_factor': 1.3281110719544595}. Best is trial 15 with value: 0.29134547347030265.
[I 2026-08-02 15:04:11,292] Trial 20 finished with value: 0.24138109570200977 and parameters: {'d_c_2d': 0.018170778156934707, 'rho_c_2d': 0.0022002596514397827, 'd_c_3d': 0.020054282947649348, 'rho_c_3d': 0.00111787716097436, 'depth_scale': 264.74512978464423, 'd_o_2d_factor': 2.4851516689053788, 'd_o_3d_factor': 1.362581502783343}. Best is trial 15 with value: 0.29134547347030265.
[I 2026-08-02 15:04:16,072] Trial 21 finished with value: 0.2525468663495114 and parameters: {'d_c_2d': 0.007515798580154442, 'rho_c_2d': 0.0004585881927599096, 'd_c_3d': 0.051668517235843696, 'rho_c_3d': 0.0028745566584956637, 'depth_scale': 166.98249742155818, 'd_o_2d_factor': 1.9145916877810438, 'd_o_3d_factor': 1.6297123258411514}. Best is trial 15 with value: 0.29134547347030265.
[I 2026-08-02 15:04:21,119] Trial 22 finished with value: 0.28331525270669744 and parameters: {'d_c_2d': 0.010387725477514279, 'rho_c_2d': 0.00026538981670869047, 'd_c_3d': 0.029836879610011975, 'rho_c_3d': 0.003708640346419735, 'depth_scale': 159.68762901539336, 'd_o_2d_factor': 1.4597685019802802, 'd_o_3d_factor': 1.831748136361606}. Best is trial 15 with value: 0.29134547347030265.
[I 2026-08-02 15:04:26,415] Trial 23 finished with value: 0.28084050550834394 and parameters: {'d_c_2d': 0.011138110244047135, 'rho_c_2d': 0.0001970256274929137, 'd_c_3d': 0.015381064313129623, 'rho_c_3d': 0.004190944935014828, 'depth_scale': 138.92874524618063, 'd_o_2d_factor': 2.396193280010803, 'd_o_3d_factor': 1.7657136777889282}. Best is trial 15 with value: 0.29134547347030265.
[I 2026-08-02 15:04:30,675] Trial 24 finished with value: 0.17016084007127857 and parameters: {'d_c_2d': 0.09817237071061363, 'rho_c_2d': 0.0001683848556284199, 'd_c_3d': 0.023692107639311243, 'rho_c_3d': 0.01156407377840066, 'depth_scale': 280.07431729785674, 'd_o_2d_factor': 1.0045259178042, 'd_o_3d_factor': 1.525886379346424}. Best is trial 15 with value: 0.29134547347030265.
[I 2026-08-02 15:04:34,775] Trial 25 finished with value: 0.26203593237104905 and parameters: {'d_c_2d': 0.010272475869448221, 'rho_c_2d': 0.0005798275187093718, 'd_c_3d': 0.013687017499645945, 'rho_c_3d': 0.006233052767281795, 'depth_scale': 342.7904800347844, 'd_o_2d_factor': 2.683736457629561, 'd_o_3d_factor': 1.2605094573268962}. Best is trial 15 with value: 0.29134547347030265.
[I 2026-08-02 15:04:39,912] Trial 26 finished with value: 0.27298054842631364 and parameters: {'d_c_2d': 0.0061609654792253565, 'rho_c_2d': 0.0003153326224226543, 'd_c_3d': 0.020651351312633563, 'rho_c_3d': 0.0010597901221022317, 'depth_scale': 138.83993495152646, 'd_o_2d_factor': 1.987548435641474, 'd_o_3d_factor': 1.9041213686460081}. Best is trial 15 with value: 0.29134547347030265.
[I 2026-08-02 15:04:43,602] Trial 27 finished with value: 0.26157257388114785 and parameters: {'d_c_2d': 0.008745953162351768, 'rho_c_2d': 0.0010029280301838124, 'd_c_3d': 0.031241957510458822, 'rho_c_3d': 0.0033240685044860856, 'depth_scale': 59.66281142360812, 'd_o_2d_factor': 2.280883304627222, 'd_o_3d_factor': 1.2146316265548556}. Best is trial 15 with value: 0.29134547347030265.
[I 2026-08-02 15:04:47,748] Trial 28 finished with value: 0.27506827908856807 and parameters: {'d_c_2d': 0.019969249482584925, 'rho_c_2d': 0.0005415706022006553, 'd_c_3d': 0.012262086373715111, 'rho_c_3d': 0.0018451037146544247, 'depth_scale': 234.7271006636865, 'd_o_2d_factor': 1.7118522136102765, 'd_o_3d_factor': 1.462420148277259}. Best is trial 15 with value: 0.29134547347030265.
[I 2026-08-02 15:04:52,800] Trial 29 finished with value: 0.24171764238337864 and parameters: {'d_c_2d': 0.014775074930573995, 'rho_c_2d': 0.00026032494603148946, 'd_c_3d': 0.05086737526359561, 'rho_c_3d': 0.005350584452659546, 'depth_scale': 141.49040027385283, 'd_o_2d_factor': 1.4715038686123187, 'd_o_3d_factor': 1.0974441398749375}. Best is trial 15 with value: 0.29134547347030265.
[I 2026-08-02 15:04:56,446] Trial 30 finished with value: 0.11478748674681512 and parameters: {'d_c_2d': 0.012695517120140755, 'rho_c_2d': 0.0009039082680444443, 'd_c_3d': 0.018113971698235087, 'rho_c_3d': 0.00892449537482716, 'depth_scale': 16.14101924789277, 'd_o_2d_factor': 1.289404206032313, 'd_o_3d_factor': 1.7750343954886796}. Best is trial 15 with value: 0.29134547347030265.
[I 2026-08-02 15:05:01,639] Trial 31 finished with value: 0.2836362985782871 and parameters: {'d_c_2d': 0.010994845134713473, 'rho_c_2d': 0.00015716312802976793, 'd_c_3d': 0.015794877742455825, 'rho_c_3d': 0.003984240997423605, 'depth_scale': 144.08815137139862, 'd_o_2d_factor': 2.3814464963516477, 'd_o_3d_factor': 1.7528544141156792}. Best is trial 15 with value: 0.29134547347030265.
[I 2026-08-02 15:05:07,920] Trial 32 finished with value: 0.2904513547233996 and parameters: {'d_c_2d': 0.009652802299396449, 'rho_c_2d': 0.0001510271431656572, 'd_c_3d': 0.023422948037673898, 'rho_c_3d': 0.0040115547899633895, 'depth_scale': 373.88465572391607, 'd_o_2d_factor': 2.7552930263482684, 'd_o_3d_factor': 1.8793163853208867}. Best is trial 15 with value: 0.29134547347030265.
[I 2026-08-02 15:05:15,206] Trial 33 finished with value: 0.30159470344477485 and parameters: {'d_c_2d': 0.0064201664452643616, 'rho_c_2d': 0.00015788044842479548, 'd_c_3d': 0.0225600602135872, 'rho_c_3d': 0.002876049245267168, 'depth_scale': 390.88940834945595, 'd_o_2d_factor': 2.6314722130392174, 'd_o_3d_factor': 1.5554683127836517}. Best is trial 33 with value: 0.30159470344477485.
[I 2026-08-02 15:05:22,305] Trial 34 finished with value: 0.30482356316887727 and parameters: {'d_c_2d': 0.0065780558274732255, 'rho_c_2d': 0.00014365658303277766, 'd_c_3d': 0.021075483168291873, 'rho_c_3d': 0.0024258413695951424, 'depth_scale': 381.4730355492998, 'd_o_2d_factor': 2.6695972770730334, 'd_o_3d_factor': 1.5665820722986468}. Best is trial 34 with value: 0.30482356316887727.
[I 2026-08-02 15:05:28,909] Trial 35 finished with value: 0.29926911437889253 and parameters: {'d_c_2d': 0.008241598855642, 'rho_c_2d': 0.00013660706433943129, 'd_c_3d': 0.023624079809277356, 'rho_c_3d': 0.002660924015443487, 'depth_scale': 412.91959727885757, 'd_o_2d_factor': 2.693667736551261, 'd_o_3d_factor': 1.5486107932433426}. Best is trial 34 with value: 0.30482356316887727.
[I 2026-08-02 15:05:36,722] Trial 36 finished with value: 0.29544417266227674 and parameters: {'d_c_2d': 0.00603969504338083, 'rho_c_2d': 0.0001060108393332453, 'd_c_3d': 0.025548412044575, 'rho_c_3d': 0.0025612528638254443, 'depth_scale': 421.4064758594951, 'd_o_2d_factor': 2.827565538017774, 'd_o_3d_factor': 1.5470635862000763}. Best is trial 34 with value: 0.30482356316887727.
[I 2026-08-02 15:05:43,681] Trial 37 finished with value: 0.2947234029792943 and parameters: {'d_c_2d': 0.008149364098262174, 'rho_c_2d': 0.00011375167222462554, 'd_c_3d': 0.02616031422499142, 'rho_c_3d': 0.0014484611807564867, 'depth_scale': 468.494557471261, 'd_o_2d_factor': 2.778349153663443, 'd_o_3d_factor': 1.5549818381874745}. Best is trial 34 with value: 0.30482356316887727.
[I 2026-08-02 15:05:53,529] Trial 38 finished with value: 0.2248066911575445 and parameters: {'d_c_2d': 0.006304987952746923, 'rho_c_2d': 0.00010057771268453241, 'd_c_3d': 0.07866483871259698, 'rho_c_3d': 0.0022570230577218567, 'depth_scale': 380.7344727081853, 'd_o_2d_factor': 2.5682993675592987, 'd_o_3d_factor': 1.4248672959518318}. Best is trial 34 with value: 0.30482356316887727.
[I 2026-08-02 15:06:01,544] Trial 39 finished with value: 0.2604094768418257 and parameters: {'d_c_2d': 0.00770964117465398, 'rho_c_2d': 0.00019974706388271778, 'd_c_3d': 0.0315202155025898, 'rho_c_3d': 0.0003924212869527811, 'depth_scale': 484.7286740759359, 'd_o_2d_factor': 2.8877590600760836, 'd_o_3d_factor': 2.0825387390635677}. Best is trial 34 with value: 0.30482356316887727.
[I 2026-08-02 15:06:08,674] Trial 40 finished with value: 0.30080277095992247 and parameters: {'d_c_2d': 0.006146700295774073, 'rho_c_2d': 0.00013521721922875408, 'd_c_3d': 0.023804746121471095, 'rho_c_3d': 0.0026717347909731054, 'depth_scale': 318.7515640872134, 'd_o_2d_factor': 2.5930599640268954, 'd_o_3d_factor': 1.6043818044931952}. Best is trial 34 with value: 0.30482356316887727.
[I 2026-08-02 15:06:15,530] Trial 41 finished with value: 0.3035422519025607 and parameters: {'d_c_2d': 0.006028607321264161, 'rho_c_2d': 0.00013345956365332036, 'd_c_3d': 0.02188751004572522, 'rho_c_3d': 0.002673312731437968, 'depth_scale': 322.9522745717426, 'd_o_2d_factor': 2.604227009438547, 'd_o_3d_factor': 1.6312761718160693}. Best is trial 34 with value: 0.30482356316887727.
[I 2026-08-02 15:06:22,950] Trial 42 finished with value: 0.3014789414174299 and parameters: {'d_c_2d': 0.005042831811306362, 'rho_c_2d': 0.000140408365674926, 'd_c_3d': 0.022954301383997025, 'rho_c_3d': 0.003036895009783974, 'depth_scale': 299.8054153499116, 'd_o_2d_factor': 2.605395226952523, 'd_o_3d_factor': 1.6590315005236238}. Best is trial 34 with value: 0.30482356316887727.
[I 2026-08-02 15:06:31,590] Trial 43 finished with value: 0.24049888637342692 and parameters: {'d_c_2d': 0.005088052543628364, 'rho_c_2d': 0.00019011169819898614, 'd_c_3d': 0.04504529296359072, 'rho_c_3d': 0.005550240158262239, 'depth_scale': 297.1503366877699, 'd_o_2d_factor': 2.5791455053931767, 'd_o_3d_factor': 1.657428325044614}. Best is trial 34 with value: 0.30482356316887727.
[I 2026-08-02 15:06:38,811] Trial 44 finished with value: 0.2907753041244468 and parameters: {'d_c_2d': 0.00647934550958437, 'rho_c_2d': 0.0001301493810605332, 'd_c_3d': 0.034292029313705466, 'rho_c_3d': 0.0018077165962219345, 'depth_scale': 242.36716675241158, 'd_o_2d_factor': 2.5714865998141443, 'd_o_3d_factor': 1.9670410195422394}. Best is trial 34 with value: 0.30482356316887727.
[I 2026-08-02 15:06:44,093] Trial 45 finished with value: 0.13784727693361642 and parameters: {'d_c_2d': 0.005832883882605008, 'rho_c_2d': 0.00029764160247353554, 'd_c_3d': 0.020611715634062444, 'rho_c_3d': 0.001088313426342429, 'depth_scale': 5.094580971695872, 'd_o_2d_factor': 2.618228179237828, 'd_o_3d_factor': 1.412329783967554}. Best is trial 34 with value: 0.30482356316887727.
[I 2026-08-02 15:06:54,409] Trial 46 finished with value: 0.12268845397583403 and parameters: {'d_c_2d': 0.0069263515950771844, 'rho_c_2d': 0.00022122765338516482, 'd_c_3d': 0.207814613365991, 'rho_c_3d': 0.0031666550539262077, 'depth_scale': 324.9726587345354, 'd_o_2d_factor': 2.2155518167691324, 'd_o_3d_factor': 2.1859795635701516}. Best is trial 34 with value: 0.30482356316887727.
[I 2026-08-02 15:06:59,998] Trial 47 finished with value: 0.30489736524678285 and parameters: {'d_c_2d': 0.008682229216977979, 'rho_c_2d': 0.00016905107936799262, 'd_c_3d': 0.013427998386950435, 'rho_c_3d': 0.0020648058174885017, 'depth_scale': 235.01311430543115, 'd_o_2d_factor': 2.3020396812872677, 'd_o_3d_factor': 1.1941515437559542}. Best is trial 47 with value: 0.30489736524678285.
[I 2026-08-02 15:07:05,468] Trial 48 finished with value: 0.27627876739841023 and parameters: {'d_c_2d': 0.008420315463917076, 'rho_c_2d': 0.00017275437278731548, 'd_c_3d': 0.010441278554725951, 'rho_c_3d': 0.0014444211285621783, 'depth_scale': 236.3204649501484, 'd_o_2d_factor': 2.3260936440786475, 'd_o_3d_factor': 1.1538262021437282}. Best is trial 47 with value: 0.30489736524678285.
[I 2026-08-02 15:07:10,237] Trial 49 finished with value: 0.30021714341077466 and parameters: {'d_c_2d': 0.00924824256768125, 'rho_c_2d': 0.00032011738528116724, 'd_c_3d': 0.013567385503975063, 'rho_c_3d': 0.0021166514163348375, 'depth_scale': 215.12823477843784, 'd_o_2d_factor': 2.5116731824665077, 'd_o_3d_factor': 1.4909329102019153}. Best is trial 47 with value: 0.30489736524678285.
[I 2026-08-02 15:07:14,535] Trial 50 finished with value: 0.2172560557314333 and parameters: {'d_c_2d': 0.05066127183874363, 'rho_c_2d': 0.0003925126064836346, 'd_c_3d': 0.012182182490999324, 'rho_c_3d': 0.0008505034156002828, 'depth_scale': 278.3033771088545, 'd_o_2d_factor': 2.1149402433279585, 'd_o_3d_factor': 1.6684984184864156}. Best is trial 47 with value: 0.30489736524678285.
[I 2026-08-02 15:07:22,070] Trial 51 finished with value: 0.3034799180285743 and parameters: {'d_c_2d': 0.0050404111101705045, 'rho_c_2d': 0.00013434551464290892, 'd_c_3d': 0.0220146798559299, 'rho_c_3d': 0.0023109918440925564, 'depth_scale': 332.68818186560554, 'd_o_2d_factor': 2.711403347066175, 'd_o_3d_factor': 1.618418566123554}. Best is trial 47 with value: 0.30489736524678285.
[I 2026-08-02 15:07:29,147] Trial 52 finished with value: 0.29712890111670537 and parameters: {'d_c_2d': 0.00505656356163967, 'rho_c_2d': 0.00023593187241520124, 'd_c_3d': 0.021525157705983292, 'rho_c_3d': 0.0016313663316470846, 'depth_scale': 492.8579656232508, 'd_o_2d_factor': 2.9323942972332655, 'd_o_3d_factor': 1.2261307728412483}. Best is trial 47 with value: 0.30489736524678285.
[I 2026-08-02 15:07:35,776] Trial 53 finished with value: 0.3125787929885946 and parameters: {'d_c_2d': 0.006932588899551846, 'rho_c_2d': 0.00012656493977500536, 'd_c_3d': 0.015060240430184568, 'rho_c_3d': 0.002206326523241372, 'depth_scale': 356.8057117968711, 'd_o_2d_factor': 2.7139141693492186, 'd_o_3d_factor': 1.974178584026789}. Best is trial 53 with value: 0.3125787929885946.
[I 2026-08-02 15:07:42,551] Trial 54 finished with value: 0.31291887786266487 and parameters: {'d_c_2d': 0.007248249536163696, 'rho_c_2d': 0.00012278825426668754, 'd_c_3d': 0.014593814278646958, 'rho_c_3d': 0.00208275189155558, 'depth_scale': 386.12998235481757, 'd_o_2d_factor': 2.737163819141516, 'd_o_3d_factor': 2.2218040735951448}. Best is trial 54 with value: 0.31291887786266487.
[I 2026-08-02 15:07:48,565] Trial 55 finished with value: 0.30539336378203036 and parameters: {'d_c_2d': 0.0073936677793531875, 'rho_c_2d': 0.0001174339516205719, 'd_c_3d': 0.015548280503727781, 'rho_c_3d': 0.0021366781779070974, 'depth_scale': 189.3030825459718, 'd_o_2d_factor': 2.7569577172121242, 'd_o_3d_factor': 2.5793011164272373}. Best is trial 54 with value: 0.31291887786266487.
