[I 2026-08-02 15:17:22,148] Trial 8 finished with value: 0.32565962146799415 and parameters: {'d_c_2d': 0.01303561122512888, 'rho_c_2d': 0.0004931689442897471, 'd_c_3d': 0.022901928536653276, 'rho_c_3d': 0.002684181704772758, 'depth_scale': 11.978007344508594, 'd_o_2d_factor': 1.5426980635477918, 'd_o_3d_factor': 2.6574750183038587}. Best is trial 4 with value: 0.3558777706092545.
[I 2026-08-02 15:17:24,025] Trial 9 finished with value: 0.3461621565560098 and parameters: {'d_c_2d': 0.02911701023242742, 'rho_c_2d': 0.0007292879117961433, 'd_c_3d': 0.10164683919442911, 'rho_c_3d': 0.0011481528292615372, 'depth_scale': 80.43109053380567, 'd_o_2d_factor': 1.1491012873595416, 'd_o_3d_factor': 2.9737738732010346}. Best is trial 4 with value: 0.3558777706092545.
[I 2026-08-02 15:17:25,540] Trial 10 finished with value: 0.05362426035502959 and parameters: {'d_c_2d': 0.06462696214409765, 'rho_c_2d': 0.0002056005923581117, 'd_c_3d': 0.3651126319804125, 'rho_c_3d': 0.04392703945951555, 'depth_scale': 2.203775341452609, 'd_o_2d_factor': 2.8153295905650353, 'd_o_3d_factor': 1.5158539052029838}. Best is trial 4 with value: 0.3558777706092545.
[I 2026-08-02 15:17:27,287] Trial 11 finished with value: 0.40715841027889194 and parameters: {'d_c_2d': 0.04348863132318235, 'rho_c_2d': 0.0002202188012702954, 'd_c_3d': 0.09685946261458525, 'rho_c_3d': 0.0008418508781896702, 'depth_scale': 38.48596382045677, 'd_o_2d_factor': 2.3648327572977546, 'd_o_3d_factor': 2.9905493919815913}. Best is trial 11 with value: 0.40715841027889194.
[I 2026-08-02 15:17:28,902] Trial 12 finished with value: 0.3827262933147255 and parameters: {'d_c_2d': 0.06002660081128427, 'rho_c_2d': 0.00021061348053709212, 'd_c_3d': 0.0968300391821292, 'rho_c_3d': 0.001636282998890502, 'depth_scale': 35.244410656668634, 'd_o_2d_factor': 2.485000939857487, 'd_o_3d_factor': 2.5389884885426115}. Best is trial 11 with value: 0.40715841027889194.
[I 2026-08-02 15:17:30,377] Trial 13 finished with value: 0.3193476793358607 and parameters: {'d_c_2d': 0.054901361786257395, 'rho_c_2d': 0.00190100865570093, 'd_c_3d': 0.08838826760515274, 'rho_c_3d': 0.0019452771943661597, 'depth_scale': 26.296441073018936, 'd_o_2d_factor': 2.3892293570214416, 'd_o_3d_factor': 2.423955604426823}. Best is trial 11 with value: 0.40715841027889194.
[I 2026-08-02 15:17:32,144] Trial 14 finished with value: 0.43217278443035656 and parameters: {'d_c_2d': 0.03625395811158326, 'rho_c_2d': 0.0003235569699193359, 'd_c_3d': 0.07431055169103717, 'rho_c_3d': 0.0006155046125853387, 'depth_scale': 37.5337408822116, 'd_o_2d_factor': 1.91278976069602, 'd_o_3d_factor': 2.557472300273262}. Best is trial 14 with value: 0.43217278443035656.
[I 2026-08-02 15:17:33,871] Trial 15 finished with value: 0.4380528548932348 and parameters: {'d_c_2d': 0.033532151833475826, 'rho_c_2d': 0.0004131144107963665, 'd_c_3d': 0.061244168108973034, 'rho_c_3d': 0.000639273498577005, 'depth_scale': 39.324499741971614, 'd_o_2d_factor': 1.8533392885094035, 'd_o_3d_factor': 2.6493279624339205}. Best is trial 15 with value: 0.4380528548932348.
[I 2026-08-02 15:17:35,467] Trial 16 finished with value: 0.35543368052930885 and parameters: {'d_c_2d': 0.03271702136690833, 'rho_c_2d': 0.0017449189791169562, 'd_c_3d': 0.03618608016733758, 'rho_c_3d': 0.0006392264009348978, 'depth_scale': 53.69228381092161, 'd_o_2d_factor': 1.8527618662728285, 'd_o_3d_factor': 2.3521867956684472}. Best is trial 15 with value: 0.4380528548932348.
[I 2026-08-02 15:17:37,235] Trial 17 finished with value: 0.3355274305137087 and parameters: {'d_c_2d': 0.09291702857027626, 'rho_c_2d': 0.0004211174301489245, 'd_c_3d': 0.06303491225947278, 'rho_c_3d': 0.003001966257910748, 'depth_scale': 22.991165585248336, 'd_o_2d_factor': 1.8456701656541468, 'd_o_3d_factor': 2.6840614594299}. Best is trial 15 with value: 0.4380528548932348.
[I 2026-08-02 15:17:38,812] Trial 18 finished with value: 0.3588304259344905 and parameters: {'d_c_2d': 0.022322350442592842, 'rho_c_2d': 0.001485823751105127, 'd_c_3d': 0.03331846043106692, 'rho_c_3d': 0.001035302797798155, 'depth_scale': 8.325906991738046, 'd_o_2d_factor': 1.828675731634968, 'd_o_3d_factor': 1.7644098340583936}. Best is trial 15 with value: 0.4380528548932348.
[I 2026-08-02 15:17:40,396] Trial 19 finished with value: 0.2430440407546398 and parameters: {'d_c_2d': 0.04261173791132614, 'rho_c_2d': 0.003889917455851009, 'd_c_3d': 0.07262080641622207, 'rho_c_3d': 0.0022751288906112917, 'depth_scale': 60.94109205759098, 'd_o_2d_factor': 2.0801900402271873, 'd_o_3d_factor': 2.7052965223240286}. Best is trial 15 with value: 0.4380528548932348.
[I 2026-08-02 15:17:42,091] Trial 20 finished with value: 0.23073276071196622 and parameters: {'d_c_2d': 0.19497142747427879, 'rho_c_2d': 0.00038984840695488796, 'd_c_3d': 0.2788025520297183, 'rho_c_3d': 0.0006775810058355177, 'depth_scale': 100.58006691013955, 'd_o_2d_factor': 1.0040922246564983, 'd_o_3d_factor': 2.3221038942410517}. Best is trial 15 with value: 0.4380528548932348.
[I 2026-08-02 15:17:43,915] Trial 21 finished with value: 0.3380050381506572 and parameters: {'d_c_2d': 0.0411229616715677, 'rho_c_2d': 0.00031475132772341676, 'd_c_3d': 0.13520077121111956, 'rho_c_3d': 0.0009979503620180688, 'depth_scale': 40.02900136027902, 'd_o_2d_factor': 2.2986906029746996, 'd_o_3d_factor': 2.8110409253883812}. Best is trial 15 with value: 0.4380528548932348.
[I 2026-08-02 15:17:45,597] Trial 22 finished with value: 0.4003921719823753 and parameters: {'d_c_2d': 0.0231807898112994, 'rho_c_2d': 0.0006462012273574306, 'd_c_3d': 0.077654517295064, 'rho_c_3d': 0.0008794033900480524, 'depth_scale': 24.904554675879307, 'd_o_2d_factor': 2.5911810185104596, 'd_o_3d_factor': 2.5376294847673884}. Best is trial 15 with value: 0.4380528548932348.
[I 2026-08-02 15:17:47,248] Trial 23 finished with value: 0.42277310568243526 and parameters: {'d_c_2d': 0.038105652994168085, 'rho_c_2d': 0.000295039909802913, 'd_c_3d': 0.053815699523761834, 'rho_c_3d': 0.001460083187515219, 'depth_scale': 42.677175277032184, 'd_o_2d_factor': 1.6389093246980762, 'd_o_3d_factor': 2.534932207827822}. Best is trial 15 with value: 0.4380528548932348.
[I 2026-08-02 15:17:49,069] Trial 24 finished with value: 0.3637302685646592 and parameters: {'d_c_2d': 0.02234525037031001, 'rho_c_2d': 0.001159039435187966, 'd_c_3d': 0.051681494582166226, 'rho_c_3d': 0.0015395882439201494, 'depth_scale': 44.88862052736873, 'd_o_2d_factor': 1.6427847174786343, 'd_o_3d_factor': 2.497936789313516}. Best is trial 15 with value: 0.4380528548932348.
[I 2026-08-02 15:17:50,638] Trial 25 finished with value: 0.2873101917055497 and parameters: {'d_c_2d': 0.03680345895973072, 'rho_c_2d': 0.000323680124321604, 'd_c_3d': 0.03917961262562047, 'rho_c_3d': 0.004695682337143406, 'depth_scale': 19.322916329540014, 'd_o_2d_factor': 1.9949614174685995, 'd_o_3d_factor': 2.197531250123511}. Best is trial 15 with value: 0.4380528548932348.
[I 2026-08-02 15:17:52,277] Trial 26 finished with value: 0.31602144529894893 and parameters: {'d_c_2d': 0.08058592426553852, 'rho_c_2d': 0.0005788027971618369, 'd_c_3d': 0.06191621976209267, 'rho_c_3d': 0.0036105378732625994, 'depth_scale': 31.539258511511566, 'd_o_2d_factor': 1.764885324805562, 'd_o_3d_factor': 2.626400388972591}. Best is trial 15 with value: 0.4380528548932348.
[I 2026-08-02 15:17:54,114] Trial 27 finished with value: 0.4230424657523686 and parameters: {'d_c_2d': 0.024431135344108335, 'rho_c_2d': 0.00032000921764931595, 'd_c_3d': 0.03155056218499419, 'rho_c_3d': 0.0013782440137735733, 'depth_scale': 148.35945035523966, 'd_o_2d_factor': 1.450360816788997, 'd_o_3d_factor': 2.826110008040721}. Best is trial 15 with value: 0.4380528548932348.
[I 2026-08-02 15:17:55,637] Trial 28 finished with value: 0.3873688834505392 and parameters: {'d_c_2d': 0.027486990122052284, 'rho_c_2d': 0.001051805467895924, 'd_c_3d': 0.026871248312385996, 'rho_c_3d': 0.0007831165955796684, 'depth_scale': 192.69609854361258, 'd_o_2d_factor': 1.5237454182680787, 'd_o_3d_factor': 2.789089416775786}. Best is trial 15 with value: 0.4380528548932348.
[I 2026-08-02 15:17:57,390] Trial 29 finished with value: 0.4357552505337602 and parameters: {'d_c_2d': 0.02553412111442944, 'rho_c_2d': 0.000356201152911104, 'd_c_3d': 0.03199363524280094, 'rho_c_3d': 0.0006099760820571168, 'depth_scale': 136.7307658699782, 'd_o_2d_factor': 1.3588647295929852, 'd_o_3d_factor': 1.8804879603201947}. Best is trial 15 with value: 0.4380528548932348.
[I 2026-08-02 15:17:59,160] Trial 30 finished with value: 0.35183424464367447 and parameters: {'d_c_2d': 0.01957643929402401, 'rho_c_2d': 0.001043642539338921, 'd_c_3d': 0.021298169541167245, 'rho_c_3d': 0.0006026832499912513, 'depth_scale': 5.093107254183393, 'd_o_2d_factor': 1.275310338379238, 'd_o_3d_factor': 1.0440086739262262}. Best is trial 15 with value: 0.4380528548932348.
[I 2026-08-02 15:18:00,924] Trial 31 finished with value: 0.4282509473518264 and parameters: {'d_c_2d': 0.027820529297109323, 'rho_c_2d': 0.0003685546699707933, 'd_c_3d': 0.032197115402412685, 'rho_c_3d': 0.0010744757768278096, 'depth_scale': 123.49120132649294, 'd_o_2d_factor': 1.4229594378045447, 'd_o_3d_factor': 1.2422791938590358}. Best is trial 15 with value: 0.4380528548932348.
[I 2026-08-02 15:18:02,654] Trial 32 finished with value: 0.4377670681939349 and parameters: {'d_c_2d': 0.048397797234824985, 'rho_c_2d': 0.0004278415513862318, 'd_c_3d': 0.04450680466414581, 'rho_c_3d': 0.0008963331341068518, 'depth_scale': 100.89185029692199, 'd_o_2d_factor': 1.0970350213035733, 'd_o_3d_factor': 1.525628729585095}. Best is trial 15 with value: 0.4380528548932348.
[I 2026-08-02 15:18:04,274] Trial 33 finished with value: 0.4422876449977149 and parameters: {'d_c_2d': 0.050721466311989524, 'rho_c_2d': 0.0005011371533498975, 'd_c_3d': 0.043332692640807566, 'rho_c_3d': 0.0006013931407557159, 'depth_scale': 85.93739558231964, 'd_o_2d_factor': 1.0210911693454219, 'd_o_3d_factor': 1.8498179690809848}. Best is trial 33 with value: 0.4422876449977149.
[I 2026-08-02 15:18:06,040] Trial 34 finished with value: 0.43102747233070327 and parameters: {'d_c_2d': 0.050344800240693044, 'rho_c_2d': 0.0005335036393843985, 'd_c_3d': 0.04471726513764389, 'rho_c_3d': 0.0009097658488389271, 'depth_scale': 83.28037897679665, 'd_o_2d_factor': 1.0174581419569706, 'd_o_3d_factor': 1.7209881699782068}. Best is trial 33 with value: 0.4422876449977149.
[I 2026-08-02 15:18:07,745] Trial 35 finished with value: 0.43913990701638805 and parameters: {'d_c_2d': 0.03218828410157936, 'rho_c_2d': 0.00044575920543909987, 'd_c_3d': 0.04210665116590527, 'rho_c_3d': 0.0007924615562969551, 'depth_scale': 62.283120348442964, 'd_o_2d_factor': 1.160293527405011, 'd_o_3d_factor': 1.8138071470065222}. Best is trial 33 with value: 0.4422876449977149.
[I 2026-08-02 15:18:09,387] Trial 36 finished with value: 0.3777640144026843 and parameters: {'d_c_2d': 0.07252032151458952, 'rho_c_2d': 0.0007344369483569391, 'd_c_3d': 0.045319018823756045, 'rho_c_3d': 0.0017967666352088254, 'depth_scale': 61.94862159912249, 'd_o_2d_factor': 1.1487467010917083, 'd_o_3d_factor': 1.521519977681981}. Best is trial 33 with value: 0.4422876449977149.
[I 2026-08-02 15:18:11,149] Trial 37 finished with value: 0.4383440859368542 and parameters: {'d_c_2d': 0.04847435608684445, 'rho_c_2d': 0.0004814576714000043, 'd_c_3d': 0.055363712766592695, 'rho_c_3d': 0.0008368385695927828, 'depth_scale': 93.36820959571388, 'd_o_2d_factor': 1.138717082877557, 'd_o_3d_factor': 1.389097891764468}. Best is trial 33 with value: 0.4422876449977149.
[I 2026-08-02 15:18:12,655] Trial 38 finished with value: 0.2169255993878016 and parameters: {'d_c_2d': 0.0827724626909621, 'rho_c_2d': 0.0057287435521864065, 'd_c_3d': 0.05949272626327748, 'rho_c_3d': 0.001211258154512101, 'depth_scale': 54.063088060716375, 'd_o_2d_factor': 1.2221257341122658, 'd_o_3d_factor': 1.1580279327635394}. Best is trial 33 with value: 0.4422876449977149.
[I 2026-08-02 15:18:14,256] Trial 39 finished with value: 0.07046453067546068 and parameters: {'d_c_2d': 0.032250162609266435, 'rho_c_2d': 0.000876921087666678, 'd_c_3d': 0.026552431421850247, 'rho_c_3d': 0.027115491671864684, 'depth_scale': 94.54408256903798, 'd_o_2d_factor': 1.2550050800619106, 'd_o_3d_factor': 1.3111412978210533}. Best is trial 33 with value: 0.4422876449977149.
[I 2026-08-02 15:18:16,078] Trial 40 finished with value: 0.43461754561858174 and parameters: {'d_c_2d': 0.05014900435022702, 'rho_c_2d': 0.0005421651259812883, 'd_c_3d': 0.05240371118501628, 'rho_c_3d': 0.0008155013369122691, 'depth_scale': 72.60916877197837, 'd_o_2d_factor': 1.1104580032038793, 'd_o_3d_factor': 1.7084664353965615}. Best is trial 33 with value: 0.4422876449977149.
[I 2026-08-02 15:18:17,765] Trial 41 finished with value: 0.4393326557904045 and parameters: {'d_c_2d': 0.047232409659883616, 'rho_c_2d': 0.0004684357666185354, 'd_c_3d': 0.0402708285892392, 'rho_c_3d': 0.0007987710976920625, 'depth_scale': 107.20694572188381, 'd_o_2d_factor': 1.094608584609995, 'd_o_3d_factor': 1.5941241731070246}. Best is trial 33 with value: 0.4422876449977149.
[I 2026-08-02 15:18:19,398] Trial 42 finished with value: 0.4389943328068728 and parameters: {'d_c_2d': 0.06808137165000898, 'rho_c_2d': 0.0002679822836388917, 'd_c_3d': 0.03723650222007916, 'rho_c_3d': 0.0007573435167817588, 'depth_scale': 167.2062401706955, 'd_o_2d_factor': 1.0053359225545626, 'd_o_3d_factor': 1.6236359528859985}. Best is trial 33 with value: 0.4422876449977149.
[I 2026-08-02 15:18:21,078] Trial 43 finished with value: 0.40158946757195213 and parameters: {'d_c_2d': 0.11057189999132475, 'rho_c_2d': 0.00025439102312873186, 'd_c_3d': 0.03887390004797364, 'rho_c_3d': 0.0012552378014071607, 'depth_scale': 159.47998479065043, 'd_o_2d_factor': 1.0506476369723952, 'd_o_3d_factor': 1.6220402992340375}. Best is trial 33 with value: 0.4422876449977149.
[I 2026-08-02 15:18:22,600] Trial 44 finished with value: 0.44200578794085 and parameters: {'d_c_2d': 0.06451799000353554, 'rho_c_2d': 0.00026029876212106597, 'd_c_3d': 0.0408112939866721, 'rho_c_3d': 0.0007560424785293036, 'depth_scale': 199.40764825221498, 'd_o_2d_factor': 1.1844245081716362, 'd_o_3d_factor': 1.9323726280284543}. Best is trial 33 with value: 0.4422876449977149.
[I 2026-08-02 15:18:24,183] Trial 45 finished with value: 0.3878440089011054 and parameters: {'d_c_2d': 0.05849807042474245, 'rho_c_2d': 0.00025290491450368814, 'd_c_3d': 0.02742588261041348, 'rho_c_3d': 0.0021766268526848542, 'depth_scale': 186.70753071674548, 'd_o_2d_factor': 1.316398367459029, 'd_o_3d_factor': 1.9668821555371852}. Best is trial 33 with value: 0.4422876449977149.
[I 2026-08-02 15:18:25,966] Trial 46 finished with value: 0.4390284295079 and parameters: {'d_c_2d': 0.07131545501919012, 'rho_c_2d': 0.0002595658967922691, 'd_c_3d': 0.03770541444951149, 'rho_c_3d': 0.0007551289170673499, 'depth_scale': 119.75242916062648, 'd_o_2d_factor': 1.201122381387889, 'd_o_3d_factor': 1.8821244543702238}. Best is trial 33 with value: 0.4422876449977149.
[I 2026-08-02 15:18:27,590] Trial 47 finished with value: 0.4022829550198287 and parameters: {'d_c_2d': 0.0755698268330832, 'rho_c_2d': 0.00020028207716563115, 'd_c_3d': 0.024214975476185986, 'rho_c_3d': 0.0011711986340265912, 'depth_scale': 117.24529413117375, 'd_o_2d_factor': 1.2551752543936836, 'd_o_3d_factor': 1.8460216049334424}. Best is trial 33 with value: 0.4422876449977149.
[I 2026-08-02 15:18:29,295] Trial 48 finished with value: 0.23144989288527754 and parameters: {'d_c_2d': 0.09760581783449115, 'rho_c_2d': 0.0006158722781440902, 'd_c_3d': 0.04112710872361162, 'rho_c_3d': 0.007756140048054046, 'depth_scale': 74.98524736150286, 'd_o_2d_factor': 1.209317184977161, 'd_o_3d_factor': 1.9050536102912299}. Best is trial 33 with value: 0.4422876449977149.
[I 2026-08-02 15:18:31,063] Trial 49 finished with value: 0.41197556862650175 and parameters: {'d_c_2d': 0.06471183272140768, 'rho_c_2d': 0.0008277420262475297, 'd_c_3d': 0.047064624783029335, 'rho_c_3d': 0.0007225713464084702, 'depth_scale': 114.82064635440294, 'd_o_2d_factor': 1.3492134805119882, 'd_o_3d_factor': 2.0693354121713385}. Best is trial 33 with value: 0.4422876449977149.
[I 2026-08-02 15:18:32,855] Trial 50 finished with value: 0.4242284665876625 and parameters: {'d_c_2d': 0.05619223837601611, 'rho_c_2d': 0.00046565251846029666, 'd_c_3d': 0.028846553963966685, 'rho_c_3d': 0.0010251305028914925, 'depth_scale': 142.5565208303107, 'd_o_2d_factor': 1.4626659311059977, 'd_o_3d_factor': 2.144190142966304}. Best is trial 33 with value: 0.4422876449977149.
[I 2026-08-02 15:18:34,428] Trial 51 finished with value: 0.43931908950479404 and parameters: {'d_c_2d': 0.06948322577330783, 'rho_c_2d': 0.00026941012842860785, 'd_c_3d': 0.03761127985983361, 'rho_c_3d': 0.0007678010088895462, 'depth_scale': 174.9643002316642, 'd_o_2d_factor': 1.176348334173217, 'd_o_3d_factor': 1.636006705911028}. Best is trial 33 with value: 0.4422876449977149.
[I 2026-08-02 15:18:36,080] Trial 52 finished with value: 0.42565419426817663 and parameters: {'d_c_2d': 0.10007848450390802, 'rho_c_2d': 0.000234153276163592, 'd_c_3d': 0.03784212404302857, 'rho_c_3d': 0.0007727607627802419, 'depth_scale': 198.21082340078274, 'd_o_2d_factor': 1.1860746310880192, 'd_o_3d_factor': 1.779318308389626}. Best is trial 33 with value: 0.4422876449977149.
[I 2026-08-02 15:18:37,880] Trial 53 finished with value: 0.39745006227941415 and parameters: {'d_c_2d': 0.12954339762565384, 'rho_c_2d': 0.0002782644157001187, 'd_c_3d': 0.035295658385463974, 'rho_c_3d': 0.0010180427728297455, 'depth_scale': 111.38179991595884, 'd_o_2d_factor': 1.0835321759340182, 'd_o_3d_factor': 1.973648082552549}. Best is trial 33 with value: 0.4422876449977149.
[I 2026-08-02 15:18:39,419] Trial 54 finished with value: 0.4044648370058077 and parameters: {'d_c_2d': 0.0887468520849345, 'rho_c_2d': 0.0003806261052629324, 'd_c_3d': 0.04218832187088603, 'rho_c_3d': 0.001380786418385374, 'depth_scale': 67.61411882140371, 'd_o_2d_factor': 1.3309500714091338, 'd_o_3d_factor': 1.627268550264004}. Best is trial 33 with value: 0.4422876449977149.
[I 2026-08-02 15:18:41,215] Trial 55 finished with value: 0.444103976822975 and parameters: {'d_c_2d': 0.04317000580191753, 'rho_c_2d': 0.00046151043439307245, 'd_c_3d': 0.04862252199820653, 'rho_c_3d': 0.0007456243085376674, 'depth_scale': 157.15586271687178, 'd_o_2d_factor': 1.188868207110499, 'd_o_3d_factor': 1.814529176405631}. Best is trial 55 with value: 0.444103976822975.
[I 2026-08-02 15:18:42,779] Trial 56 finished with value: 0.37197919814149044 and parameters: {'d_c_2d': 0.04453993318101616, 'rho_c_2d': 0.0006369232080666847, 'd_c_3d': 0.06672453380174723, 'rho_c_3d': 0.001673512152873483, 'depth_scale': 154.64264791085196, 'd_o_2d_factor': 1.0867384857680142, 'd_o_3d_factor': 1.7814112529130601}. Best is trial 55 with value: 0.444103976822975.
[I 2026-08-02 15:18:44,453] Trial 57 finished with value: 0.4270654030381682 and parameters: {'d_c_2d': 0.03973984867787915, 'rho_c_2d': 0.00044810403791658757, 'd_c_3d': 0.02964508894816826, 'rho_c_3d': 0.0006995708218761508, 'depth_scale': 82.82764607901181, 'd_o_2d_factor': 1.149778382815448, 'd_o_3d_factor': 1.475589557832718}. Best is trial 55 with value: 0.444103976822975.
[I 2026-08-02 15:18:46,205] Trial 58 finished with value: 0.4122783724012592 and parameters: {'d_c_2d': 0.06114276697359659, 'rho_c_2d': 0.0006993915322987536, 'd_c_3d': 0.049192211789619036, 'rho_c_3d': 0.0009731204315654279, 'depth_scale': 142.7132167483586, 'd_o_2d_factor': 1.400817028410487, 'd_o_3d_factor': 2.0491899256971613}. Best is trial 55 with value: 0.444103976822975.
[I 2026-08-02 15:18:47,780] Trial 59 finished with value: 0.37261362524594804 and parameters: {'d_c_2d': 0.035142904253073246, 'rho_c_2d': 0.0005033413437876093, 'd_c_3d': 0.08021667027931897, 'rho_c_3d': 0.0011877606110531395, 'depth_scale': 175.97600053871753, 'd_o_2d_factor': 1.5289233446225068, 'd_o_3d_factor': 1.5854543200509594}. Best is trial 55 with value: 0.444103976822975.
[I 2026-08-02 15:18:49,515] Trial 60 finished with value: 0.4119098304933279 and parameters: {'d_c_2d': 0.04450655665373776, 'rho_c_2d': 0.00034977422504728285, 'd_c_3d': 0.02411952794181574, 'rho_c_3d': 0.0006045426925972492, 'depth_scale': 90.30583397187958, 'd_o_2d_factor': 1.2894192617149143, 'd_o_3d_factor': 1.3790916739995884}. Best is trial 55 with value: 0.444103976822975.
[I 2026-08-02 15:18:51,238] Trial 61 finished with value: 0.4436735953448396 and parameters: {'d_c_2d': 0.05471244369213994, 'rho_c_2d': 0.0002299368006727879, 'd_c_3d': 0.03541906372349578, 'rho_c_3d': 0.0007160862168560549, 'depth_scale': 122.7990776754209, 'd_o_2d_factor': 1.197782549406725, 'd_o_3d_factor': 1.8498505608364608}. Best is trial 55 with value: 0.444103976822975.
[I 2026-08-02 15:18:52,689] Trial 62 finished with value: 0.12085922143459887 and parameters: {'d_c_2d': 0.05249385846957427, 'rho_c_2d': 0.012199726132689968, 'd_c_3d': 0.03397659282955409, 'rho_c_3d': 0.0008821567719917869, 'depth_scale': 137.81020819717216, 'd_o_2d_factor': 1.0660450045527912, 'd_o_3d_factor': 1.711114279445394}. Best is trial 55 with value: 0.444103976822975.
[I 2026-08-02 15:18:54,550] Trial 63 finished with value: 0.4439985255209516 and parameters: {'d_c_2d': 0.0612947375177956, 'rho_c_2d': 0.0002900777826861096, 'd_c_3d': 0.05661679053880541, 'rho_c_3d': 0.0007187696931491603, 'depth_scale': 105.88348713755731, 'd_o_2d_factor': 1.1799992537508672, 'd_o_3d_factor': 1.8164177835431847}. Best is trial 55 with value: 0.444103976822975.
[I 2026-08-02 15:18:56,071] Trial 64 finished with value: 0.43674908405072144 and parameters: {'d_c_2d': 0.06474631631908476, 'rho_c_2d': 0.0002247766163339355, 'd_c_3d': 0.07042227874507281, 'rho_c_3d': 0.0006930942578133421, 'depth_scale': 104.69349025870724, 'd_o_2d_factor': 1.2343968225286435, 'd_o_3d_factor': 1.942107984933308}. Best is trial 55 with value: 0.444103976822975.
