[I 2026-08-02 15:07:54,071] Trial 56 finished with value: 0.28056880350200447 and parameters: {'d_c_2d': 0.013096558362213323, 'rho_c_2d': 0.0001241907761618272, 'd_c_3d': 0.015085930199236954, 'rho_c_3d': 0.001313699738319313, 'depth_scale': 185.45032032582674, 'd_o_2d_factor': 2.8368969083304414, 'd_o_3d_factor': 2.5062666637866324}. Best is trial 54 with value: 0.31291887786266487.
[I 2026-08-02 15:07:59,747] Trial 57 finished with value: 0.20677714999102526 and parameters: {'d_c_2d': 0.0077264674141578745, 'rho_c_2d': 0.00019996291242358057, 'd_c_3d': 0.011195544415576724, 'rho_c_3d': 0.001969588458660496, 'depth_scale': 92.10815724875619, 'd_o_2d_factor': 2.9686657913533683, 'd_o_3d_factor': 2.7320631578021963}. Best is trial 54 with value: 0.31291887786266487.
[I 2026-08-02 15:08:06,075] Trial 58 finished with value: 0.30072578973671915 and parameters: {'d_c_2d': 0.007144309795324057, 'rho_c_2d': 0.00016418479631553413, 'd_c_3d': 0.013204667923279591, 'rho_c_3d': 0.0016423801989671684, 'depth_scale': 254.8401974062603, 'd_o_2d_factor': 2.77266494630748, 'd_o_3d_factor': 2.489939917713257}. Best is trial 54 with value: 0.31291887786266487.
[I 2026-08-02 15:08:11,727] Trial 59 finished with value: 0.25672159919160464 and parameters: {'d_c_2d': 0.009922680764645059, 'rho_c_2d': 0.00011712584787448338, 'd_c_3d': 0.01758356066060248, 'rho_c_3d': 0.0011871155603269666, 'depth_scale': 112.85160449897789, 'd_o_2d_factor': 2.862232678197522, 'd_o_3d_factor': 2.2196283625706976}. Best is trial 54 with value: 0.31291887786266487.
[I 2026-08-02 15:08:17,571] Trial 60 finished with value: 0.26740635397343104 and parameters: {'d_c_2d': 0.009130120687745234, 'rho_c_2d': 0.00010087204945431989, 'd_c_3d': 0.01548603011782617, 'rho_c_3d': 0.0009462217657252848, 'depth_scale': 203.92127566519153, 'd_o_2d_factor': 2.4870110182104446, 'd_o_3d_factor': 2.2963507231990676}. Best is trial 54 with value: 0.31291887786266487.
[I 2026-08-02 15:08:24,761] Trial 61 finished with value: 0.3087390677139147 and parameters: {'d_c_2d': 0.005642145453813623, 'rho_c_2d': 0.00012253985733817548, 'd_c_3d': 0.01849085260584314, 'rho_c_3d': 0.002323369738921748, 'depth_scale': 338.0242763090451, 'd_o_2d_factor': 2.704651803344102, 'd_o_3d_factor': 2.052847689024063}. Best is trial 54 with value: 0.31291887786266487.
[I 2026-08-02 15:08:27,988] Trial 62 finished with value: 0.14731641536740697 and parameters: {'d_c_2d': 0.00571169775917452, 'rho_c_2d': 0.006099863066344994, 'd_c_3d': 0.018697896250892843, 'rho_c_3d': 0.0021442610028201393, 'depth_scale': 359.69575566193186, 'd_o_2d_factor': 2.735732472742655, 'd_o_3d_factor': 2.0345112150578797}. Best is trial 54 with value: 0.31291887786266487.
[I 2026-08-02 15:08:34,363] Trial 63 finished with value: 0.29721754037651277 and parameters: {'d_c_2d': 0.0075662965269935375, 'rho_c_2d': 0.00018030635087028503, 'd_c_3d': 0.014116524847401122, 'rho_c_3d': 0.003484999556999717, 'depth_scale': 267.06490364182514, 'd_o_2d_factor': 2.6698876459124983, 'd_o_3d_factor': 2.6243189680985584}. Best is trial 54 with value: 0.31291887786266487.
[I 2026-08-02 15:08:40,833] Trial 64 finished with value: 0.3019598516720753 and parameters: {'d_c_2d': 0.006630504683955035, 'rho_c_2d': 0.00022310396549563667, 'd_c_3d': 0.012062756452582153, 'rho_c_3d': 0.0016822366781440686, 'depth_scale': 413.59017206993326, 'd_o_2d_factor': 2.8076403007300836, 'd_o_3d_factor': 2.1453216000471986}. Best is trial 54 with value: 0.31291887786266487.
[I 2026-08-02 15:08:46,806] Trial 65 finished with value: 0.2768393469645513 and parameters: {'d_c_2d': 0.0070190558052227675, 'rho_c_2d': 0.0001199865165987108, 'd_c_3d': 0.016745765208355134, 'rho_c_3d': 0.004961683605301527, 'depth_scale': 169.4262106420406, 'd_o_2d_factor': 2.5155796812445184, 'd_o_3d_factor': 1.9506526075899}. Best is trial 54 with value: 0.31291887786266487.
[I 2026-08-02 15:08:54,047] Trial 66 finished with value: 0.2974586981881443 and parameters: {'d_c_2d': 0.005511293384635797, 'rho_c_2d': 0.0001489986874822979, 'd_c_3d': 0.027751488641304712, 'rho_c_3d': 0.0022843271291412086, 'depth_scale': 222.1394367647629, 'd_o_2d_factor': 2.9062968235051527, 'd_o_3d_factor': 2.3284294420831557}. Best is trial 54 with value: 0.31291887786266487.
[I 2026-08-02 15:08:59,446] Trial 67 finished with value: 0.3005115959045669 and parameters: {'d_c_2d': 0.012044367984404569, 'rho_c_2d': 0.00011732601053247572, 'd_c_3d': 0.019506863246707536, 'rho_c_3d': 0.00247621735870504, 'depth_scale': 124.62658823497475, 'd_o_2d_factor': 2.4289939876781372, 'd_o_3d_factor': 2.852333629860979}. Best is trial 54 with value: 0.31291887786266487.
[I 2026-08-02 15:09:04,760] Trial 68 finished with value: 0.2751961635735867 and parameters: {'d_c_2d': 0.008655276418992847, 'rho_c_2d': 0.00026043827785359136, 'd_c_3d': 0.010267248684399361, 'rho_c_3d': 0.0013127565173891623, 'depth_scale': 354.4167241591269, 'd_o_2d_factor': 2.333977163517628, 'd_o_3d_factor': 2.046613578462542}. Best is trial 54 with value: 0.31291887786266487.
[I 2026-08-02 15:09:11,032] Trial 69 finished with value: 0.30955082126059724 and parameters: {'d_c_2d': 0.007881806760886555, 'rho_c_2d': 0.00017828306218792647, 'd_c_3d': 0.014198154448865654, 'rho_c_3d': 0.0019754955771397772, 'depth_scale': 291.03532912194885, 'd_o_2d_factor': 2.6581272259811235, 'd_o_3d_factor': 2.477711277318841}. Best is trial 54 with value: 0.31291887786266487.
[I 2026-08-02 15:09:17,199] Trial 70 finished with value: 0.3043795624138023 and parameters: {'d_c_2d': 0.0077578160108395635, 'rho_c_2d': 0.00021044764832103846, 'd_c_3d': 0.013039292083010327, 'rho_c_3d': 0.0019148917144564631, 'depth_scale': 260.4089909570827, 'd_o_2d_factor': 2.6727805047274846, 'd_o_3d_factor': 2.43204630470558}. Best is trial 54 with value: 0.31291887786266487.
[I 2026-08-02 15:09:23,100] Trial 71 finished with value: 0.2992534728476699 and parameters: {'d_c_2d': 0.008043858596890375, 'rho_c_2d': 0.000211806577005908, 'd_c_3d': 0.01430537082400719, 'rho_c_3d': 0.0019030638110161288, 'depth_scale': 190.90426499284655, 'd_o_2d_factor': 2.6716161305635877, 'd_o_3d_factor': 2.460506307163289}. Best is trial 54 with value: 0.31291887786266487.
[I 2026-08-02 15:09:28,877] Trial 72 finished with value: 0.28425405684633903 and parameters: {'d_c_2d': 0.00920699804045043, 'rho_c_2d': 0.00016733546110546954, 'd_c_3d': 0.011387707296015785, 'rho_c_3d': 0.0015244641722070202, 'depth_scale': 262.770338904806, 'd_o_2d_factor': 2.723611621466374, 'd_o_3d_factor': 2.5882339862791883}. Best is trial 54 with value: 0.31291887786266487.
[I 2026-08-02 15:09:34,491] Trial 73 finished with value: 0.10171189901403842 and parameters: {'d_c_2d': 0.0072014980845767265, 'rho_c_2d': 0.0002887630833395084, 'd_c_3d': 0.013023318030944777, 'rho_c_3d': 0.029711722945399623, 'depth_scale': 434.8951113373511, 'd_o_2d_factor': 2.814120377239799, 'd_o_3d_factor': 2.3934388776665947}. Best is trial 54 with value: 0.31291887786266487.
[I 2026-08-02 15:09:39,569] Trial 74 finished with value: 0.3000307406549139 and parameters: {'d_c_2d': 0.010970202762784955, 'rho_c_2d': 0.0003444802672393424, 'd_c_3d': 0.016720694702053417, 'rho_c_3d': 0.0019858482211235697, 'depth_scale': 295.1044746248476, 'd_o_2d_factor': 2.5425077099194864, 'd_o_3d_factor': 2.737379069550225}. Best is trial 54 with value: 0.31291887786266487.
[I 2026-08-02 15:09:44,928] Trial 75 finished with value: 0.15125466413634017 and parameters: {'d_c_2d': 0.006903757320546182, 'rho_c_2d': 0.00017938211824856858, 'd_c_3d': 0.014655725403779584, 'rho_c_3d': 0.003407441705776564, 'depth_scale': 12.940055676203096, 'd_o_2d_factor': 2.9453931293412694, 'd_o_3d_factor': 2.260145522009445}. Best is trial 54 with value: 0.31291887786266487.
[I 2026-08-02 15:09:51,059] Trial 76 finished with value: 0.2974233997391547 and parameters: {'d_c_2d': 0.007988712709962485, 'rho_c_2d': 0.00014417735290948413, 'd_c_3d': 0.018706771727224222, 'rho_c_3d': 0.0017813105515401147, 'depth_scale': 155.73979313571039, 'd_o_2d_factor': 2.64910697923536, 'd_o_3d_factor': 2.566804625701724}. Best is trial 54 with value: 0.31291887786266487.
[I 2026-08-02 15:09:56,619] Trial 77 finished with value: 0.28225076846306035 and parameters: {'d_c_2d': 0.009969219299693577, 'rho_c_2d': 0.00023973451306094377, 'd_c_3d': 0.01644098245038058, 'rho_c_3d': 0.0012110562715865552, 'depth_scale': 220.10232753279524, 'd_o_2d_factor': 2.769913038444756, 'd_o_3d_factor': 2.699643436143869}. Best is trial 54 with value: 0.31291887786266487.
[I 2026-08-02 15:10:01,950] Trial 78 finished with value: 0.2368920198754429 and parameters: {'d_c_2d': 0.01669936980726238, 'rho_c_2d': 0.00010821042941945653, 'd_c_3d': 0.01108609517574106, 'rho_c_3d': 0.0006262906434736163, 'depth_scale': 381.33396137175214, 'd_o_2d_factor': 2.8767191136925647, 'd_o_3d_factor': 2.1174791368235417}. Best is trial 54 with value: 0.31291887786266487.
[I 2026-08-02 15:10:07,509] Trial 79 finished with value: 0.15258896766587837 and parameters: {'d_c_2d': 0.0056011625999573544, 'rho_c_2d': 0.000156001377375474, 'd_c_3d': 0.012391760917017422, 'rho_c_3d': 0.0030006099262937696, 'depth_scale': 24.793738029155882, 'd_o_2d_factor': 2.442924101414608, 'd_o_3d_factor': 2.435557031286118}. Best is trial 54 with value: 0.31291887786266487.
  best f1 0.3129  d_c_2d=0.007248  rho_c_2d=0.0001228  d_c_3d=0.01459  rho_c_3d=0.002083  depth_scale=386.1  d_o_2d=0.01984  d_o_3d=0.03242

=== ece ===
[I 2026-08-02 15:10:07,626] A new study created in RDB with name: clue_etaphi_ece
[I 2026-08-02 15:10:10,796] Trial 0 finished with value: 0.13952637601507564 and parameters: {'d_c_2d': 0.015355286838886862, 'rho_c_2d': 0.007969454818643935, 'd_c_3d': 0.1205712628744377, 'rho_c_3d': 0.004725396149933918, 'depth_scale': 10.256691315437248, 'd_o_2d_factor': 1.3119890406724053, 'd_o_3d_factor': 1.116167224336399}. Best is trial 0 with value: 0.13952637601507564.
[I 2026-08-02 15:10:14,800] Trial 1 finished with value: 0.1601202270075735 and parameters: {'d_c_2d': 0.06697167353375243, 'rho_c_2d': 0.0015930522616241021, 'd_c_3d': 0.11114989443094977, 'rho_c_3d': 0.0003298300672429858, 'depth_scale': 435.3010439152425, 'd_o_2d_factor': 2.6648852816008435, 'd_o_3d_factor': 1.4246782213565523}. Best is trial 1 with value: 0.1601202270075735.
[I 2026-08-02 15:10:22,790] Trial 2 finished with value: 0.19506602771648843 and parameters: {'d_c_2d': 0.008620446097910767, 'rho_c_2d': 0.00023270677083837802, 'd_c_3d': 0.028145092716060652, 'rho_c_3d': 0.003362281863558168, 'depth_scale': 36.54769917956454, 'd_o_2d_factor': 1.5824582803960838, 'd_o_3d_factor': 2.223705789444759}. Best is trial 2 with value: 0.19506602771648843.
[I 2026-08-02 15:10:31,311] Trial 3 finished with value: 0.2158173899254814 and parameters: {'d_c_2d': 0.007593739613361234, 'rho_c_2d': 0.0003839629299804173, 'd_c_3d': 0.03476649150592621, 'rho_c_3d': 0.0024505367684280496, 'depth_scale': 185.91820902866027, 'd_o_2d_factor': 1.3993475643167195, 'd_o_3d_factor': 2.0284688768272234}. Best is trial 3 with value: 0.2158173899254814.
[I 2026-08-02 15:10:37,545] Trial 4 finished with value: 0.0736186613990203 and parameters: {'d_c_2d': 0.029493012052163467, 'rho_c_2d': 0.0001238513729886094, 'd_c_3d': 0.07896186801026692, 'rho_c_3d': 0.0006579145666993107, 'depth_scale': 6.746417134006622, 'd_o_2d_factor': 2.8977710745066663, 'd_o_3d_factor': 2.9312640661491187}. Best is trial 3 with value: 0.2158173899254814.
[I 2026-08-02 15:10:41,831] Trial 5 finished with value: 0.11190473389750002 and parameters: {'d_c_2d': 0.05632733481673016, 'rho_c_2d': 0.0004066563313514797, 'd_c_3d': 0.013940346079873234, 'rho_c_3d': 0.007007890507878478, 'depth_scale': 37.95552402641344, 'd_o_2d_factor': 1.2440764696895577, 'd_o_3d_factor': 1.9903538202225404}. Best is trial 3 with value: 0.2158173899254814.
[I 2026-08-02 15:10:44,864] Trial 6 finished with value: 0.11245472267752404 and parameters: {'d_c_2d': 0.005542561258655853, 'rho_c_2d': 0.006586289317583112, 'd_c_3d': 0.024112898115291985, 'rho_c_3d': 0.00634111783219372, 'depth_scale': 21.008360271862635, 'd_o_2d_factor': 2.0401360423556216, 'd_o_3d_factor': 2.0934205586865593}. Best is trial 3 with value: 0.2158173899254814.
[I 2026-08-02 15:10:47,940] Trial 7 finished with value: 0.052947803545390984 and parameters: {'d_c_2d': 0.008699037355645861, 'rho_c_2d': 0.00869299151113955, 'd_c_3d': 0.13962563737015762, 'rho_c_3d': 0.022704876180502844, 'depth_scale': 308.052476969048, 'd_o_2d_factor': 2.19579995762217, 'd_o_3d_factor': 2.8437484700462337}. Best is trial 3 with value: 0.2158173899254814.
[I 2026-08-02 15:10:56,138] Trial 8 finished with value: 0.09440771913851917 and parameters: {'d_c_2d': 0.006517805612564439, 'rho_c_2d': 0.0002465844721448739, 'd_c_3d': 0.011662890273931383, 'rho_c_3d': 0.00134209085238638, 'depth_scale': 29.945018361271487, 'd_o_2d_factor': 1.5426980635477918, 'd_o_3d_factor': 2.6574750183038587}. Best is trial 3 with value: 0.2158173899254814.
[I 2026-08-02 15:11:03,520] Trial 9 finished with value: 0.17712450312925054 and parameters: {'d_c_2d': 0.014558505116213708, 'rho_c_2d': 0.0003646439558980723, 'd_c_3d': 0.06333268775321842, 'rho_c_3d': 0.000574076414630769, 'depth_scale': 201.07772633451418, 'd_o_2d_factor': 1.1491012873595416, 'd_o_3d_factor': 2.9737738732010346}. Best is trial 3 with value: 0.2158173899254814.
[I 2026-08-02 15:11:07,774] Trial 10 finished with value: 0.07949516901887879 and parameters: {'d_c_2d': 0.03240244348169896, 'rho_c_2d': 0.0013112992007873715, 'd_c_3d': 0.27047297227177763, 'rho_c_3d': 0.02196351972975781, 'depth_scale': 109.83112421134354, 'd_o_2d_factor': 2.150416133630545, 'd_o_3d_factor': 1.6207963208281293}. Best is trial 3 with value: 0.2158173899254814.
[I 2026-08-02 15:11:12,319] Trial 11 finished with value: 0.2183638294502894 and parameters: {'d_c_2d': 0.01153768086147706, 'rho_c_2d': 0.0007277370898027749, 'd_c_3d': 0.036368174009388174, 'rho_c_3d': 0.0023120824180969824, 'depth_scale': 85.20088130840077, 'd_o_2d_factor': 1.6406363994859414, 'd_o_3d_factor': 2.3145757200589276}. Best is trial 11 with value: 0.2183638294502894.
[I 2026-08-02 15:11:16,357] Trial 12 finished with value: 0.2089078215087721 and parameters: {'d_c_2d': 0.013950622474261558, 'rho_c_2d': 0.001063379626867955, 'd_c_3d': 0.0391407661874566, 'rho_c_3d': 0.0019910021639239915, 'depth_scale': 100.32625226682255, 'd_o_2d_factor': 1.7751884081279217, 'd_o_3d_factor': 2.366922164977767}. Best is trial 11 with value: 0.2183638294502894.
[I 2026-08-02 15:11:21,246] Trial 13 finished with value: 0.203379967610808 and parameters: {'d_c_2d': 0.010286517143509593, 'rho_c_2d': 0.0006809484451299323, 'd_c_3d': 0.04251752795129624, 'rho_c_3d': 0.0016371714406400284, 'depth_scale': 108.69800754618562, 'd_o_2d_factor': 1.024196215342444, 'd_o_3d_factor': 1.8681439176597714}. Best is trial 11 with value: 0.2183638294502894.
[I 2026-08-02 15:11:24,666] Trial 14 finished with value: 0.1976929065188385 and parameters: {'d_c_2d': 0.023334013878685392, 'rho_c_2d': 0.0025721335817455743, 'd_c_3d': 0.027180166905229723, 'rho_c_3d': 0.012106164065142895, 'depth_scale': 69.02988118852969, 'd_o_2d_factor': 1.8335185495390636, 'd_o_3d_factor': 2.4039350457614437}. Best is trial 11 with value: 0.2183638294502894.
[I 2026-08-02 15:11:30,021] Trial 15 finished with value: 0.2388599308319772 and parameters: {'d_c_2d': 0.005459994713156359, 'rho_c_2d': 0.0006717830889400997, 'd_c_3d': 0.01919732879294896, 'rho_c_3d': 0.00285234506550967, 'depth_scale': 176.54569684523346, 'd_o_2d_factor': 1.4670354284676776, 'd_o_3d_factor': 1.736047641795373}. Best is trial 15 with value: 0.2388599308319772.
[I 2026-08-02 15:11:33,284] Trial 16 finished with value: 0.19679345550712213 and parameters: {'d_c_2d': 0.005626244396965024, 'rho_c_2d': 0.003364781359535851, 'd_c_3d': 0.018485562823904858, 'rho_c_3d': 0.0007835889454348035, 'depth_scale': 72.12770325367082, 'd_o_2d_factor': 1.698486725673327, 'd_o_3d_factor': 1.6121680678790478}. Best is trial 15 with value: 0.2388599308319772.
[I 2026-08-02 15:11:37,786] Trial 17 finished with value: 0.16582522558364443 and parameters: {'d_c_2d': 0.01146288557721942, 'rho_c_2d': 0.0007963811693454031, 'd_c_3d': 0.01702467266990793, 'rho_c_3d': 0.0011198577700111422, 'depth_scale': 201.48232413335973, 'd_o_2d_factor': 2.4118776047276502, 'd_o_3d_factor': 1.0418271329668078}. Best is trial 15 with value: 0.2388599308319772.
[I 2026-08-02 15:11:41,469] Trial 18 finished with value: 0.20668975692170494 and parameters: {'d_c_2d': 0.02053781049281017, 'rho_c_2d': 0.002220974547463389, 'd_c_3d': 0.010201309860156766, 'rho_c_3d': 0.0032298215811022196, 'depth_scale': 474.38589075853207, 'd_o_2d_factor': 1.9300704874811632, 'd_o_3d_factor': 2.5516497720992506}. Best is trial 15 with value: 0.2388599308319772.
[I 2026-08-02 15:11:53,738] Trial 19 finished with value: 0.1917442558870894 and parameters: {'d_c_2d': 0.005226696843179653, 'rho_c_2d': 0.00010710029903163939, 'd_c_3d': 0.053202968028185825, 'rho_c_3d': 0.01276801836163597, 'depth_scale': 59.9122406705608, 'd_o_2d_factor': 1.461919561490589, 'd_o_3d_factor': 1.7658485358805585}. Best is trial 15 with value: 0.2388599308319772.
[I 2026-08-02 15:11:58,063] Trial 20 finished with value: 0.10100628367771729 and parameters: {'d_c_2d': 0.09089516392013258, 'rho_c_2d': 0.0006289273168721725, 'd_c_3d': 0.020054282947649348, 'rho_c_3d': 0.002855131100064231, 'depth_scale': 14.940460362358763, 'd_o_2d_factor': 1.001665035870424, 'd_o_3d_factor': 1.286204461800032}. Best is trial 15 with value: 0.2388599308319772.
[I 2026-08-02 15:12:05,549] Trial 21 finished with value: 0.21422970473268538 and parameters: {'d_c_2d': 0.0075351226411226845, 'rho_c_2d': 0.0004934311650299719, 'd_c_3d': 0.03923455600392122, 'rho_c_3d': 0.0023535183396671917, 'depth_scale': 194.70486238509002, 'd_o_2d_factor': 1.3928003111095146, 'd_o_3d_factor': 2.1552385352336594}. Best is trial 15 with value: 0.2388599308319772.
[I 2026-08-02 15:12:13,580] Trial 22 finished with value: 0.2159156931207802 and parameters: {'d_c_2d': 0.010691416890951388, 'rho_c_2d': 0.00026538981670869047, 'd_c_3d': 0.029836879610011975, 'rho_c_3d': 0.004478801075648802, 'depth_scale': 159.68762901539336, 'd_o_2d_factor': 1.6155215639424514, 'd_o_3d_factor': 1.8882800386849263}. Best is trial 15 with value: 0.2388599308319772.
[I 2026-08-02 15:12:21,921] Trial 23 finished with value: 0.22175304468149817 and parameters: {'d_c_2d': 0.010842499153546398, 'rho_c_2d': 0.0001970256274929137, 'd_c_3d': 0.024387904790617882, 'rho_c_3d': 0.004363193216436446, 'depth_scale': 138.92874524618063, 'd_o_2d_factor': 1.6389093246980762, 'd_o_3d_factor': 1.7831617603786605}. Best is trial 15 with value: 0.2388599308319772.
[I 2026-08-02 15:12:28,178] Trial 24 finished with value: 0.2272205703508294 and parameters: {'d_c_2d': 0.019043562026492614, 'rho_c_2d': 0.0001683848556284199, 'd_c_3d': 0.01390469563819302, 'rho_c_3d': 0.006679435514390283, 'depth_scale': 280.07431729785674, 'd_o_2d_factor': 1.8599491178327108, 'd_o_3d_factor': 1.6014000246748972}. Best is trial 15 with value: 0.2388599308319772.
[I 2026-08-02 15:12:34,794] Trial 25 finished with value: 0.2234909419702383 and parameters: {'d_c_2d': 0.01727145328158056, 'rho_c_2d': 0.00016268296613238992, 'd_c_3d': 0.014289544882954737, 'rho_c_3d': 0.008844582012996831, 'depth_scale': 342.7904800347844, 'd_o_2d_factor': 2.3584284345376934, 'd_o_3d_factor': 1.579214161056927}. Best is trial 15 with value: 0.2388599308319772.
[I 2026-08-02 15:12:40,170] Trial 26 finished with value: 0.20535751360734922 and parameters: {'d_c_2d': 0.03458471190207641, 'rho_c_2d': 0.00015526520611513047, 'd_c_3d': 0.013824152468731032, 'rho_c_3d': 0.010827097592875602, 'depth_scale': 305.18805548381965, 'd_o_2d_factor': 2.455475107342421, 'd_o_3d_factor': 1.452883511387407}. Best is trial 15 with value: 0.2388599308319772.
[I 2026-08-02 15:12:46,343] Trial 27 finished with value: 0.22109306610587362 and parameters: {'d_c_2d': 0.02127645409737665, 'rho_c_2d': 0.00016595806646414402, 'd_c_3d': 0.014023347876983906, 'rho_c_3d': 0.007715332517506796, 'depth_scale': 306.22559609296854, 'd_o_2d_factor': 2.3835927321179216, 'd_o_3d_factor': 1.610653351749159}. Best is trial 15 with value: 0.2388599308319772.
[I 2026-08-02 15:12:52,999] Trial 28 finished with value: 0.19575412599959785 and parameters: {'d_c_2d': 0.017746003226031707, 'rho_c_2d': 0.00010312089444605387, 'd_c_3d': 0.01923273549522568, 'rho_c_3d': 0.015722649054326902, 'depth_scale': 285.0387438960558, 'd_o_2d_factor': 2.644641055930423, 'd_o_3d_factor': 1.343920414892712}. Best is trial 15 with value: 0.2388599308319772.
[I 2026-08-02 15:12:56,387] Trial 29 finished with value: 0.16892806250857498 and parameters: {'d_c_2d': 0.04514847544070329, 'rho_c_2d': 0.005120016890654021, 'd_c_3d': 0.01032811162536538, 'rho_c_3d': 0.009055840173191746, 'depth_scale': 389.1216193077904, 'd_o_2d_factor': 1.9292371036621, 'd_o_3d_factor': 1.200877896827363}. Best is trial 15 with value: 0.2388599308319772.
[I 2026-08-02 15:13:01,310] Trial 30 finished with value: 0.20665992345790316 and parameters: {'d_c_2d': 0.03752736719042523, 'rho_c_2d': 0.0002848573994502198, 'd_c_3d': 0.015452909285921137, 'rho_c_3d': 0.00577295577300219, 'depth_scale': 261.21253759645026, 'd_o_2d_factor': 2.2651609785728977, 'd_o_3d_factor': 1.5837510440044664}. Best is trial 15 with value: 0.2388599308319772.
[I 2026-08-02 15:13:07,961] Trial 31 finished with value: 0.21885340848578086 and parameters: {'d_c_2d': 0.015794970787793978, 'rho_c_2d': 0.00018469554914432522, 'd_c_3d': 0.02404632965462413, 'rho_c_3d': 0.004765951533044126, 'depth_scale': 130.95968160745355, 'd_o_2d_factor': 1.2468895737993089, 'd_o_3d_factor': 1.7627048520842359}. Best is trial 15 with value: 0.2388599308319772.
