[I 2026-08-02 15:13:15,636] Trial 32 finished with value: 0.21993993680880342 and parameters: {'d_c_2d': 0.013117452472869703, 'rho_c_2d': 0.00018611856634971936, 'd_c_3d': 0.022297635837876757, 'rho_c_3d': 0.0040115547899633895, 'depth_scale': 140.7865598945036, 'd_o_2d_factor': 2.0408463863088917, 'd_o_3d_factor': 1.7725825718827786}. Best is trial 15 with value: 0.2388599308319772.
[I 2026-08-02 15:13:21,566] Trial 33 finished with value: 0.21580960687388528 and parameters: {'d_c_2d': 0.025466152857883707, 'rho_c_2d': 0.00014459843785983675, 'd_c_3d': 0.012436576884990835, 'rho_c_3d': 0.005322867675107146, 'depth_scale': 390.88940834945595, 'd_o_2d_factor': 2.5949111243205203, 'd_o_3d_factor': 1.4823310349263343}. Best is trial 15 with value: 0.2388599308319772.
[I 2026-08-02 15:13:27,962] Trial 34 finished with value: 0.21779857491591 and parameters: {'d_c_2d': 0.018856461472001845, 'rho_c_2d': 0.000208088592009798, 'd_c_3d': 0.01628514037240091, 'rho_c_3d': 0.0036676516504715474, 'depth_scale': 231.15895307394996, 'd_o_2d_factor': 1.7985943088723286, 'd_o_3d_factor': 1.9298144604417569}. Best is trial 15 with value: 0.2388599308319772.
[I 2026-08-02 15:13:39,501] Trial 35 finished with value: 0.18933568313357388 and parameters: {'d_c_2d': 0.00902832970755705, 'rho_c_2d': 0.00030121922439321633, 'd_c_3d': 0.03136959672921899, 'rho_c_3d': 0.009050561085287272, 'depth_scale': 496.07810818086983, 'd_o_2d_factor': 1.4006334696744287, 'd_o_3d_factor': 1.7067664105026006}. Best is trial 15 with value: 0.2388599308319772.
[I 2026-08-02 15:13:44,103] Trial 36 finished with value: 0.2099982513829002 and parameters: {'d_c_2d': 0.01679393977275184, 'rho_c_2d': 0.00046800910823868025, 'd_c_3d': 0.020889819539115694, 'rho_c_3d': 0.014276091382518608, 'depth_scale': 151.2697248241769, 'd_o_2d_factor': 1.4993168135802133, 'd_o_3d_factor': 1.4724704763002698}. Best is trial 15 with value: 0.2388599308319772.
[I 2026-08-02 15:13:49,389] Trial 37 finished with value: 0.16789016141181265 and parameters: {'d_c_2d': 0.026885766825140028, 'rho_c_2d': 0.00013265100017371734, 'd_c_3d': 0.025524819527721437, 'rho_c_3d': 0.01725476417163009, 'depth_scale': 50.533521722422776, 'd_o_2d_factor': 2.9965671723320066, 'd_o_3d_factor': 1.3717661684080649}. Best is trial 15 with value: 0.2388599308319772.
[I 2026-08-02 15:13:55,367] Trial 38 finished with value: 0.11675905538578246 and parameters: {'d_c_2d': 0.006647463020720823, 'rho_c_2d': 0.00035581552936475466, 'd_c_3d': 0.012307939675214414, 'rho_c_3d': 0.0071293699942564384, 'depth_scale': 5.5685878601642855, 'd_o_2d_factor': 1.94360869664655, 'd_o_3d_factor': 1.2074153313768945}. Best is trial 15 with value: 0.2388599308319772.
[I 2026-08-02 15:14:05,652] Trial 39 finished with value: 0.12460395578764422 and parameters: {'d_c_2d': 0.012481468875015264, 'rho_c_2d': 0.0002225726936959126, 'd_c_3d': 0.04729021818379926, 'rho_c_3d': 0.02981309927821608, 'depth_scale': 238.73358654193208, 'd_o_2d_factor': 2.7864248376911336, 'd_o_3d_factor': 2.028598233495584}. Best is trial 15 with value: 0.2388599308319772.
[I 2026-08-02 15:14:09,792] Trial 40 finished with value: 0.23487163430223681 and parameters: {'d_c_2d': 0.00791326476587595, 'rho_c_2d': 0.0010598109955209868, 'd_c_3d': 0.015603855789409314, 'rho_c_3d': 0.002972062015855694, 'depth_scale': 365.8658979752435, 'd_o_2d_factor': 1.3290558290374803, 'd_o_3d_factor': 1.7175585064688537}. Best is trial 15 with value: 0.2388599308319772.
[I 2026-08-02 15:14:14,196] Trial 41 finished with value: 0.23852418843227705 and parameters: {'d_c_2d': 0.00671425931959925, 'rho_c_2d': 0.0009805021801824582, 'd_c_3d': 0.015905401194302407, 'rho_c_3d': 0.002996293570250493, 'depth_scale': 365.9839448113636, 'd_o_2d_factor': 1.3021547525953965, 'd_o_3d_factor': 1.5276092064600295}. Best is trial 15 with value: 0.2388599308319772.
[I 2026-08-02 15:14:18,497] Trial 42 finished with value: 0.2111004245201931 and parameters: {'d_c_2d': 0.006733496812982132, 'rho_c_2d': 0.001017282761940922, 'd_c_3d': 0.015536040461282692, 'rho_c_3d': 0.001767973433351146, 'depth_scale': 383.99418051914205, 'd_o_2d_factor': 1.1412397854844183, 'd_o_3d_factor': 1.5234807809403925}. Best is trial 15 with value: 0.2388599308319772.
[I 2026-08-02 15:14:22,211] Trial 43 finished with value: 0.20065192093506753 and parameters: {'d_c_2d': 0.007838535538554611, 'rho_c_2d': 0.0018238379432456932, 'd_c_3d': 0.012696500474651613, 'rho_c_3d': 0.0012471523585388593, 'depth_scale': 349.70242105723236, 'd_o_2d_factor': 1.2950160661698848, 'd_o_3d_factor': 1.6775098731622609}. Best is trial 15 with value: 0.2388599308319772.
[I 2026-08-02 15:14:25,956] Trial 44 finished with value: 0.24073718332788446 and parameters: {'d_c_2d': 0.006034480160359983, 'rho_c_2d': 0.0015227329040814874, 'd_c_3d': 0.018321931455978418, 'rho_c_3d': 0.002923991750647868, 'depth_scale': 242.82635772560923, 'd_o_2d_factor': 1.106537416729871, 'd_o_3d_factor': 1.5456300201856725}. Best is trial 44 with value: 0.24073718332788446.
[I 2026-08-02 15:14:29,979] Trial 45 finished with value: 0.24357955702275885 and parameters: {'d_c_2d': 0.0050180216745242005, 'rho_c_2d': 0.0011770608572381851, 'd_c_3d': 0.01763727534439983, 'rho_c_3d': 0.0027993885310655677, 'depth_scale': 215.15996819739414, 'd_o_2d_factor': 1.1700856691866808, 'd_o_3d_factor': 1.4030552168257786}. Best is trial 45 with value: 0.24357955702275885.
[I 2026-08-02 15:14:33,805] Trial 46 finished with value: 0.24271877377879658 and parameters: {'d_c_2d': 0.005842176325753946, 'rho_c_2d': 0.0013624579350015994, 'd_c_3d': 0.01869632219489595, 'rho_c_3d': 0.002913008413560992, 'depth_scale': 175.91472978052838, 'd_o_2d_factor': 1.143775371268176, 'd_o_3d_factor': 1.2603407862362173}. Best is trial 45 with value: 0.24357955702275885.
[I 2026-08-02 15:14:37,652] Trial 47 finished with value: 0.22244785376143864 and parameters: {'d_c_2d': 0.005718037447332161, 'rho_c_2d': 0.0014422408914056759, 'd_c_3d': 0.017858582476070892, 'rho_c_3d': 0.0020025950050520107, 'depth_scale': 178.52952509496686, 'd_o_2d_factor': 1.1342566715631792, 'd_o_3d_factor': 1.1356380813120994}. Best is trial 45 with value: 0.24357955702275885.
[I 2026-08-02 15:14:41,156] Trial 48 finished with value: 0.23252647253702438 and parameters: {'d_c_2d': 0.005012958070395283, 'rho_c_2d': 0.001872027204235536, 'd_c_3d': 0.03287793380831238, 'rho_c_3d': 0.002667212434408102, 'depth_scale': 90.47518272933284, 'd_o_2d_factor': 1.0907260688350902, 'd_o_3d_factor': 1.2780398757971159}. Best is trial 45 with value: 0.24357955702275885.
[I 2026-08-02 15:14:45,106] Trial 49 finished with value: 0.1833612317786255 and parameters: {'d_c_2d': 0.006319929433506224, 'rho_c_2d': 0.0012965073401152093, 'd_c_3d': 0.10344252618053908, 'rho_c_3d': 0.0003020099686888371, 'depth_scale': 113.18467633364413, 'd_o_2d_factor': 1.2260484615977942, 'd_o_3d_factor': 1.3891479751032987}. Best is trial 45 with value: 0.24357955702275885.
[I 2026-08-02 15:14:50,499] Trial 50 finished with value: 0.10421169248651496 and parameters: {'d_c_2d': 0.009121904978643684, 'rho_c_2d': 0.0008869668659112568, 'd_c_3d': 0.23556963100568448, 'rho_c_3d': 0.0009290700800693585, 'depth_scale': 226.32670370353847, 'd_o_2d_factor': 1.2240476821475221, 'd_o_3d_factor': 1.0296012612850625}. Best is trial 45 with value: 0.24357955702275885.
[I 2026-08-02 15:14:54,668] Trial 51 finished with value: 0.24740376229079256 and parameters: {'d_c_2d': 0.006097307097383096, 'rho_c_2d': 0.0011364778038387114, 'd_c_3d': 0.020855768327463945, 'rho_c_3d': 0.0032595232723538923, 'depth_scale': 186.5234420310629, 'd_o_2d_factor': 1.3304834319761203, 'd_o_3d_factor': 1.5246892995871864}. Best is trial 51 with value: 0.24740376229079256.
[I 2026-08-02 15:14:57,964] Trial 52 finished with value: 0.2193155442617499 and parameters: {'d_c_2d': 0.0060787928046374855, 'rho_c_2d': 0.0028673716047185184, 'd_c_3d': 0.020626683905172243, 'rho_c_3d': 0.0014746373149380806, 'depth_scale': 173.5727047751638, 'd_o_2d_factor': 1.3543226092625638, 'd_o_3d_factor': 1.3059116260532546}. Best is trial 51 with value: 0.24740376229079256.
[I 2026-08-02 15:15:03,661] Trial 53 finished with value: 0.23659638258766003 and parameters: {'d_c_2d': 0.006948843860355925, 'rho_c_2d': 0.0005807408248599037, 'd_c_3d': 0.018193001815573446, 'rho_c_3d': 0.003396391569245274, 'depth_scale': 222.58338919724704, 'd_o_2d_factor': 1.0686124466722255, 'd_o_3d_factor': 1.526195566100067}. Best is trial 51 with value: 0.24740376229079256.
[I 2026-08-02 15:15:07,789] Trial 54 finished with value: 0.2341128110194349 and parameters: {'d_c_2d': 0.005006619402477959, 'rho_c_2d': 0.0012679964296121986, 'd_c_3d': 0.02722861314669461, 'rho_c_3d': 0.002181683775525676, 'depth_scale': 129.42835155029815, 'd_o_2d_factor': 1.4476208602377454, 'd_o_3d_factor': 1.2016285805183238}. Best is trial 51 with value: 0.24740376229079256.
[I 2026-08-02 15:15:12,436] Trial 55 finished with value: 0.21671310995367632 and parameters: {'d_c_2d': 0.005777865547808046, 'rho_c_2d': 0.0008489940343994016, 'd_c_3d': 0.022745235164765447, 'rho_c_3d': 0.0017776037418668364, 'depth_scale': 196.69413560532243, 'd_o_2d_factor': 1.20020549480367, 'd_o_3d_factor': 1.4252183860772463}. Best is trial 51 with value: 0.24740376229079256.
[I 2026-08-02 15:15:16,177] Trial 56 finished with value: 0.23236824266363432 and parameters: {'d_c_2d': 0.007310755663382856, 'rho_c_2d': 0.0018812163521741538, 'd_c_3d': 0.028227209601863923, 'rho_c_3d': 0.0026287730132130357, 'depth_scale': 118.21150403689823, 'd_o_2d_factor': 1.5422983103937682, 'd_o_3d_factor': 1.8300245922638052}. Best is trial 51 with value: 0.24740376229079256.
[I 2026-08-02 15:15:20,181] Trial 57 finished with value: 0.20754253382362925 and parameters: {'d_c_2d': 0.008431016612393304, 'rho_c_2d': 0.0014939244803564896, 'd_c_3d': 0.01120602075521491, 'rho_c_3d': 0.0035921523969434737, 'depth_scale': 169.06808503638015, 'd_o_2d_factor': 1.3224280710066918, 'd_o_3d_factor': 1.665505895879059}. Best is trial 51 with value: 0.24740376229079256.
[I 2026-08-02 15:15:24,150] Trial 58 finished with value: 0.23251088666268624 and parameters: {'d_c_2d': 0.009692713850403115, 'rho_c_2d': 0.0011647311402067536, 'd_c_3d': 0.01698481638206235, 'rho_c_3d': 0.0030062304311392974, 'depth_scale': 250.72338110121402, 'd_o_2d_factor': 1.1715790445120835, 'd_o_3d_factor': 1.1171384087177332}. Best is trial 51 with value: 0.24740376229079256.
[I 2026-08-02 15:15:28,684] Trial 59 finished with value: 0.2444563444350837 and parameters: {'d_c_2d': 0.006131464839702518, 'rho_c_2d': 0.0007183634525082622, 'd_c_3d': 0.021525751185178167, 'rho_c_3d': 0.005120914155210311, 'depth_scale': 94.06266022400635, 'd_o_2d_factor': 1.0940829842638233, 'd_o_3d_factor': 1.2625401047213003}. Best is trial 51 with value: 0.24740376229079256.
[I 2026-08-02 15:15:33,876] Trial 60 finished with value: 0.15959834088354535 and parameters: {'d_c_2d': 0.005492778689959592, 'rho_c_2d': 0.0007389477788702611, 'd_c_3d': 0.035224942342752405, 'rho_c_3d': 0.0004878616951109992, 'depth_scale': 81.5860567471495, 'd_o_2d_factor': 1.0626630009958875, 'd_o_3d_factor': 1.2680276100926533}. Best is trial 51 with value: 0.24740376229079256.
[I 2026-08-02 15:15:38,163] Trial 61 finished with value: 0.22900598363265792 and parameters: {'d_c_2d': 0.006073064278027089, 'rho_c_2d': 0.000972741067683269, 'd_c_3d': 0.021479067018744077, 'rho_c_3d': 0.0048503105177089955, 'depth_scale': 52.96154106474916, 'd_o_2d_factor': 1.267232345889138, 'd_o_3d_factor': 1.5123875111032954}. Best is trial 51 with value: 0.24740376229079256.
[I 2026-08-02 15:15:43,179] Trial 62 finished with value: 0.20781458890475385 and parameters: {'d_c_2d': 0.007196823122620709, 'rho_c_2d': 0.0006237746134009801, 'd_c_3d': 0.019233523099972265, 'rho_c_3d': 0.002290787195849205, 'depth_scale': 94.19269205148771, 'd_o_2d_factor': 1.0097707782111647, 'd_o_3d_factor': 1.4102202993394062}. Best is trial 51 with value: 0.24740376229079256.
[I 2026-08-02 15:15:47,127] Trial 63 finished with value: 0.13480780702183692 and parameters: {'d_c_2d': 0.00542582060020945, 'rho_c_2d': 0.0016705005292795823, 'd_c_3d': 0.025402433060411334, 'rho_c_3d': 0.0038932240840507636, 'depth_scale': 9.78476240011284, 'd_o_2d_factor': 1.3885662183635499, 'd_o_3d_factor': 1.3260671043802859}. Best is trial 51 with value: 0.24740376229079256.
[I 2026-08-02 15:15:53,827] Trial 64 finished with value: 0.22687048594979026 and parameters: {'d_c_2d': 0.008332335299124251, 'rho_c_2d': 0.000513507267933968, 'd_c_3d': 0.017710463082410484, 'rho_c_3d': 0.003153980624595324, 'depth_scale': 433.5976844125133, 'd_o_2d_factor': 1.7035120441215847, 'd_o_3d_factor': 1.557255754526441}. Best is trial 51 with value: 0.24740376229079256.
[I 2026-08-02 15:15:58,179] Trial 65 finished with value: 0.12920310232158425 and parameters: {'d_c_2d': 0.006274716238901351, 'rho_c_2d': 0.0008277995655344489, 'd_c_3d': 0.019957214621990873, 'rho_c_3d': 0.00541234213583394, 'depth_scale': 26.84971224272243, 'd_o_2d_factor': 1.1015240082429951, 'd_o_3d_factor': 1.0900226703338127}. Best is trial 51 with value: 0.24740376229079256.
[I 2026-08-02 15:16:01,885] Trial 66 finished with value: 0.220013330491513 and parameters: {'d_c_2d': 0.0067385725309051115, 'rho_c_2d': 0.0022604723500401465, 'd_c_3d': 0.014597729233194015, 'rho_c_3d': 0.0025576225377432933, 'depth_scale': 206.71124439458544, 'd_o_2d_factor': 1.468209224904551, 'd_o_3d_factor': 1.429897570136995}. Best is trial 51 with value: 0.24740376229079256.
[I 2026-08-02 15:16:05,219] Trial 67 finished with value: 0.20707498251155404 and parameters: {'d_c_2d': 0.005809381736570076, 'rho_c_2d': 0.00361957314611641, 'd_c_3d': 0.022293613031469015, 'rho_c_3d': 0.0015638717984118432, 'depth_scale': 300.320698220338, 'd_o_2d_factor': 1.174212247788005, 'd_o_3d_factor': 1.644236259163796}. Best is trial 51 with value: 0.24740376229079256.
[I 2026-08-02 15:16:10,660] Trial 68 finished with value: 0.23937546939775 and parameters: {'d_c_2d': 0.005033716885560623, 'rho_c_2d': 0.0006778707249500285, 'd_c_3d': 0.029239956556458856, 'rho_c_3d': 0.004237101001490235, 'depth_scale': 153.9996323457591, 'd_o_2d_factor': 1.2792336892786722, 'd_o_3d_factor': 1.2344835767700877}. Best is trial 51 with value: 0.24740376229079256.
[I 2026-08-02 15:16:16,845] Trial 69 finished with value: 0.23168324103656865 and parameters: {'d_c_2d': 0.005029002805125178, 'rho_c_2d': 0.0005662039770148434, 'd_c_3d': 0.03028901644317954, 'rho_c_3d': 0.004039515460064967, 'depth_scale': 154.0436585840523, 'd_o_2d_factor': 1.5576372929582187, 'd_o_3d_factor': 1.169933662327435}. Best is trial 51 with value: 0.24740376229079256.
[I 2026-08-02 15:16:21,897] Trial 70 finished with value: 0.23146646133815105 and parameters: {'d_c_2d': 0.005501252928440916, 'rho_c_2d': 0.0006651025413998401, 'd_c_3d': 0.04360929196954968, 'rho_c_3d': 0.005899031552977016, 'depth_scale': 70.24418287715518, 'd_o_2d_factor': 1.4109846808286823, 'd_o_3d_factor': 1.245663531989511}. Best is trial 51 with value: 0.24740376229079256.
[I 2026-08-02 15:16:25,766] Trial 71 finished with value: 0.2250406058710183 and parameters: {'d_c_2d': 0.007457164972629753, 'rho_c_2d': 0.001167802644094784, 'd_c_3d': 0.02604498327480365, 'rho_c_3d': 0.0020267902150068262, 'depth_scale': 127.85584862140745, 'd_o_2d_factor': 1.2879733339709172, 'd_o_3d_factor': 1.3552881284296159}. Best is trial 51 with value: 0.24740376229079256.
[I 2026-08-02 15:16:31,876] Trial 72 finished with value: 0.2295609351496758 and parameters: {'d_c_2d': 0.006466876237311764, 'rho_c_2d': 0.0004419814579618853, 'd_c_3d': 0.016613361602722164, 'rho_c_3d': 0.004497524694103051, 'depth_scale': 106.34561182875932, 'd_o_2d_factor': 1.250115336107602, 'd_o_3d_factor': 1.4633554580952994}. Best is trial 51 with value: 0.24740376229079256.
[I 2026-08-02 15:16:37,442] Trial 73 finished with value: 0.23869437665107582 and parameters: {'d_c_2d': 0.00605834207918122, 'rho_c_2d': 0.0007276358596281409, 'd_c_3d': 0.022617453943673115, 'rho_c_3d': 0.0034481348985780876, 'depth_scale': 269.6477833962101, 'd_o_2d_factor': 1.1217050635681522, 'd_o_3d_factor': 2.8394373871937}. Best is trial 51 with value: 0.24740376229079256.
[I 2026-08-02 15:16:43,005] Trial 74 finished with value: 0.2384300120365574 and parameters: {'d_c_2d': 0.005396850856518569, 'rho_c_2d': 0.000733956714780014, 'd_c_3d': 0.02377339532045827, 'rho_c_3d': 0.0034129313986954552, 'depth_scale': 269.05049903080453, 'd_o_2d_factor': 1.0633139598321502, 'd_o_3d_factor': 2.5748561524559217}. Best is trial 51 with value: 0.24740376229079256.
[I 2026-08-02 15:16:48,146] Trial 75 finished with value: 0.2278402890463989 and parameters: {'d_c_2d': 0.006050804720007203, 'rho_c_2d': 0.0009117375172881835, 'd_c_3d': 0.03810813518772111, 'rho_c_3d': 0.002456078174510609, 'depth_scale': 187.23078299735414, 'd_o_2d_factor': 1.1317040437048445, 'd_o_3d_factor': 2.9962687562191084}. Best is trial 51 with value: 0.24740376229079256.
[I 2026-08-02 15:16:55,635] Trial 76 finished with value: 0.2240926675633813 and parameters: {'d_c_2d': 0.007981955599558437, 'rho_c_2d': 0.00039509620618606947, 'd_c_3d': 0.028972342054911695, 'rho_c_3d': 0.0050848169112927425, 'depth_scale': 145.78859081952655, 'd_o_2d_factor': 1.3516774184535827, 'd_o_3d_factor': 2.8127644286687294}. Best is trial 51 with value: 0.24740376229079256.
[I 2026-08-02 15:16:59,452] Trial 77 finished with value: 0.24670776780445386 and parameters: {'d_c_2d': 0.007313701477796822, 'rho_c_2d': 0.0011872298099323473, 'd_c_3d': 0.01943464323912794, 'rho_c_3d': 0.0042215164875827795, 'depth_scale': 211.65550840821123, 'd_o_2d_factor': 1.004458595183465, 'd_o_3d_factor': 1.0822392000890642}. Best is trial 51 with value: 0.24740376229079256.
[I 2026-08-02 15:17:03,330] Trial 78 finished with value: 0.23412353742008918 and parameters: {'d_c_2d': 0.007220714533003088, 'rho_c_2d': 0.0014290539909388722, 'd_c_3d': 0.013635565554620328, 'rho_c_3d': 0.004101646184426526, 'depth_scale': 163.00566608629984, 'd_o_2d_factor': 1.013932795713771, 'd_o_3d_factor': 1.0576458749654654}. Best is trial 51 with value: 0.24740376229079256.
[I 2026-08-02 15:17:07,398] Trial 79 finished with value: 0.19777307248882098 and parameters: {'d_c_2d': 0.01003262022159177, 'rho_c_2d': 0.0012442873516731916, 'd_c_3d': 0.06565645164564628, 'rho_c_3d': 0.007848896653345917, 'depth_scale': 211.97626088908544, 'd_o_2d_factor': 1.1649117407166667, 'd_o_3d_factor': 1.1495704658811414}. Best is trial 51 with value: 0.24740376229079256.
  best f1 0.2474  d_c_2d=0.006097  rho_c_2d=0.001136  d_c_3d=0.02086  rho_c_3d=0.00326  depth_scale=186.5  d_o_2d=0.008112  d_o_3d=0.0318

=== hcb ===
[I 2026-08-02 15:17:07,467] A new study created in RDB with name: clue_etaphi_hcb
[I 2026-08-02 15:17:09,016] Trial 0 finished with value: 0.09558088382323535 and parameters: {'d_c_2d': 0.030710573677773714, 'rho_c_2d': 0.015938909637287856, 'd_c_3d': 0.17921570730736244, 'rho_c_3d': 0.009450792299867838, 'depth_scale': 4.102676526174899, 'd_o_2d_factor': 1.3119890406724053, 'd_o_3d_factor': 1.116167224336399}. Best is trial 0 with value: 0.09558088382323535.
[I 2026-08-02 15:17:10,739] Trial 1 finished with value: 0.19176053668460513 and parameters: {'d_c_2d': 0.13394334706750485, 'rho_c_2d': 0.003186104523248199, 'd_c_3d': 0.1668221286472417, 'rho_c_3d': 0.0006596601344859716, 'depth_scale': 174.120417566097, 'd_o_2d_factor': 2.6648852816008435, 'd_o_3d_factor': 1.4246782213565523}. Best is trial 1 with value: 0.19176053668460513.
[I 2026-08-02 15:17:12,545] Trial 2 finished with value: 0.24151684561070477 and parameters: {'d_c_2d': 0.017240892195821537, 'rho_c_2d': 0.0004654135416767557, 'd_c_3d': 0.04975746883962886, 'rho_c_3d': 0.006724563727116337, 'depth_scale': 14.619079671825814, 'd_o_2d_factor': 1.5824582803960838, 'd_o_3d_factor': 2.223705789444759}. Best is trial 2 with value: 0.24151684561070477.
[I 2026-08-02 15:17:14,256] Trial 3 finished with value: 0.24928831250988454 and parameters: {'d_c_2d': 0.01518747922672247, 'rho_c_2d': 0.0007679258599608333, 'd_c_3d': 0.059934618194203156, 'rho_c_3d': 0.004901073536856095, 'depth_scale': 74.3672836114641, 'd_o_2d_factor': 1.3993475643167195, 'd_o_3d_factor': 2.0284688768272234}. Best is trial 3 with value: 0.24928831250988454.
[I 2026-08-02 15:17:15,878] Trial 4 finished with value: 0.3558777706092545 and parameters: {'d_c_2d': 0.05898602410432694, 'rho_c_2d': 0.00024770274597721835, 'd_c_3d': 0.12344231896214143, 'rho_c_3d': 0.0013158291333986204, 'depth_scale': 2.698566853602649, 'd_o_2d_factor': 2.8977710745066663, 'd_o_3d_factor': 2.9312640661491187}. Best is trial 4 with value: 0.3558777706092545.
[I 2026-08-02 15:17:17,505] Trial 5 finished with value: 0.17215024464310655 and parameters: {'d_c_2d': 0.11265466963346032, 'rho_c_2d': 0.000813312662702958, 'd_c_3d': 0.02679812112301957, 'rho_c_3d': 0.014015781015756944, 'depth_scale': 15.182209610565383, 'd_o_2d_factor': 1.2440764696895577, 'd_o_3d_factor': 1.9903538202225404}. Best is trial 4 with value: 0.3558777706092545.
[I 2026-08-02 15:17:19,088] Trial 6 finished with value: 0.09583494087626318 and parameters: {'d_c_2d': 0.011085122517311707, 'rho_c_2d': 0.013172578635166214, 'd_c_3d': 0.04342206908753229, 'rho_c_3d': 0.012682235664387429, 'depth_scale': 8.403344108745058, 'd_o_2d_factor': 2.0401360423556216, 'd_o_3d_factor': 2.0934205586865593}. Best is trial 4 with value: 0.3558777706092545.
[I 2026-08-02 15:17:20,508] Trial 7 finished with value: 0.015322409023196426 and parameters: {'d_c_2d': 0.017398074711291726, 'rho_c_2d': 0.017385983022279086, 'd_c_3d': 0.20393935878342973, 'rho_c_3d': 0.04540975236100569, 'depth_scale': 123.22099078761919, 'd_o_2d_factor': 2.19579995762217, 'd_o_3d_factor': 2.8437484700462337}. Best is trial 4 with value: 0.3558777706092545.
