[I 2026-08-02 15:21:04,548] Trial 41 finished with value: 0.23161032639705625 and parameters: {'d_c_2d': 0.017364054295002998, 'rho_c_2d': 0.000281474953944177, 'd_c_3d': 0.030380801147506988, 'rho_c_3d': 0.0031772681004429205, 'depth_scale': 30.404188310086155, 'd_o_2d_factor': 1.6303162469603105, 'd_o_3d_factor': 2.262373121377782}. Best is trial 33 with value: 0.2520281655517494.
[I 2026-08-02 15:21:07,140] Trial 42 finished with value: 0.24429191453677926 and parameters: {'d_c_2d': 0.03449473032765312, 'rho_c_2d': 0.00021243832239273478, 'd_c_3d': 0.022801817389852336, 'rho_c_3d': 0.002932345637747374, 'depth_scale': 56.92552832719659, 'd_o_2d_factor': 1.5169572302769214, 'd_o_3d_factor': 2.770281879441437}. Best is trial 33 with value: 0.2520281655517494.
[I 2026-08-02 15:21:09,747] Trial 43 finished with value: 0.2566944980064575 and parameters: {'d_c_2d': 0.026492386092815866, 'rho_c_2d': 0.00033557102899662195, 'd_c_3d': 0.04970600234610678, 'rho_c_3d': 0.004495460722636022, 'depth_scale': 34.68436099035361, 'd_o_2d_factor': 2.959690542798723, 'd_o_3d_factor': 2.062939888951649}. Best is trial 43 with value: 0.2566944980064575.
[I 2026-08-02 15:21:12,164] Trial 44 finished with value: 0.24149762254869447 and parameters: {'d_c_2d': 0.046558538933949636, 'rho_c_2d': 0.0006832682136435919, 'd_c_3d': 0.04895380130865925, 'rho_c_3d': 0.006994903496824048, 'depth_scale': 32.36364689203794, 'd_o_2d_factor': 2.8444844697972913, 'd_o_3d_factor': 2.0694071779169083}. Best is trial 43 with value: 0.2566944980064575.
[I 2026-08-02 15:21:14,874] Trial 45 finished with value: 0.24478005270626393 and parameters: {'d_c_2d': 0.010060308874443357, 'rho_c_2d': 0.0004768218197313405, 'd_c_3d': 0.05686739405948907, 'rho_c_3d': 0.004516073586537044, 'depth_scale': 51.903095456452654, 'd_o_2d_factor': 2.6872818682975086, 'd_o_3d_factor': 1.9038566116527575}. Best is trial 43 with value: 0.2566944980064575.
[I 2026-08-02 15:21:17,229] Trial 46 finished with value: 0.19589334118523266 and parameters: {'d_c_2d': 0.018784039195909378, 'rho_c_2d': 0.000954778765048314, 'd_c_3d': 0.03658104323722678, 'rho_c_3d': 0.010737453492366945, 'depth_scale': 14.016446803123312, 'd_o_2d_factor': 2.4864618053252903, 'd_o_3d_factor': 2.0557049344552865}. Best is trial 43 with value: 0.2566944980064575.
[I 2026-08-02 15:21:19,858] Trial 47 finished with value: 0.2443055116006107 and parameters: {'d_c_2d': 0.016206068521742712, 'rho_c_2d': 0.0002471781192489499, 'd_c_3d': 0.0449239275206874, 'rho_c_3d': 0.0038614787601998256, 'depth_scale': 22.95517001650199, 'd_o_2d_factor': 1.1424237124709071, 'd_o_3d_factor': 2.3204335676604666}. Best is trial 43 with value: 0.2566944980064575.
[I 2026-08-02 15:21:22,614] Trial 48 finished with value: 0.22071387254218133 and parameters: {'d_c_2d': 0.029567621766142884, 'rho_c_2d': 0.00038436015459287375, 'd_c_3d': 0.06568055212293754, 'rho_c_3d': 0.007756140048054053, 'depth_scale': 97.11830906176945, 'd_o_2d_factor': 2.258804943680425, 'd_o_3d_factor': 1.6716657865511524}. Best is trial 43 with value: 0.2566944980064575.
[I 2026-08-02 15:21:25,402] Trial 49 finished with value: 0.2289941836724851 and parameters: {'d_c_2d': 0.012560640550305433, 'rho_c_2d': 0.000527113949443302, 'd_c_3d': 0.10792486686956154, 'rho_c_3d': 0.005170754994942884, 'depth_scale': 44.80282139079349, 'd_o_2d_factor': 2.7864156913504567, 'd_o_3d_factor': 2.194907394132238}. Best is trial 43 with value: 0.2566944980064575.
[I 2026-08-02 15:21:28,441] Trial 50 finished with value: 0.21570627295793487 and parameters: {'d_c_2d': 0.02009221561301699, 'rho_c_2d': 0.0002515669206787158, 'd_c_3d': 0.051192718436632506, 'rho_c_3d': 0.0013002469229458538, 'depth_scale': 70.24146401513478, 'd_o_2d_factor': 2.9865079309762996, 'd_o_3d_factor': 2.588813740709211}. Best is trial 43 with value: 0.2566944980064575.
[I 2026-08-02 15:21:31,173] Trial 51 finished with value: 0.2521528433617897 and parameters: {'d_c_2d': 0.026262376426900595, 'rho_c_2d': 0.00034878612962953347, 'd_c_3d': 0.038650570247998006, 'rho_c_3d': 0.003284062390844767, 'depth_scale': 36.829981188921245, 'd_o_2d_factor': 1.345239292521309, 'd_o_3d_factor': 2.449590765899049}. Best is trial 43 with value: 0.2566944980064575.
[I 2026-08-02 15:21:33,757] Trial 52 finished with value: 0.2469800189996065 and parameters: {'d_c_2d': 0.026832576980242787, 'rho_c_2d': 0.00034576365638591455, 'd_c_3d': 0.03817804626834265, 'rho_c_3d': 0.006030798751480201, 'depth_scale': 34.60377570336016, 'd_o_2d_factor': 1.2831660414644384, 'd_o_3d_factor': 2.379404033428189}. Best is trial 43 with value: 0.2566944980064575.
[I 2026-08-02 15:21:36,254] Trial 53 finished with value: 0.2451355133512666 and parameters: {'d_c_2d': 0.03262413491248892, 'rho_c_2d': 0.0004338322824730627, 'd_c_3d': 0.03577915111569543, 'rho_c_3d': 0.005968018660541343, 'depth_scale': 36.549495310898116, 'd_o_2d_factor': 1.2128702127709745, 'd_o_3d_factor': 2.39124630529794}. Best is trial 43 with value: 0.2566944980064575.
[I 2026-08-02 15:21:38,833] Trial 54 finished with value: 0.24653954296392053 and parameters: {'d_c_2d': 0.027369813257049395, 'rho_c_2d': 0.0006442574009674787, 'd_c_3d': 0.058995134912309954, 'rho_c_3d': 0.004450983013724731, 'depth_scale': 48.77860441158735, 'd_o_2d_factor': 1.1155488713757418, 'd_o_3d_factor': 2.5563316992555625}. Best is trial 43 with value: 0.2566944980064575.
[I 2026-08-02 15:21:41,455] Trial 55 finished with value: 0.24863980036166516 and parameters: {'d_c_2d': 0.04258888146151216, 'rho_c_2d': 0.0003435220004346121, 'd_c_3d': 0.04522207954171853, 'rho_c_3d': 0.0035552074837336667, 'depth_scale': 24.417212353322792, 'd_o_2d_factor': 1.314122181064606, 'd_o_3d_factor': 2.4771790656816193}. Best is trial 43 with value: 0.2566944980064575.
[I 2026-08-02 15:21:43,839] Trial 56 finished with value: 0.24694318637152882 and parameters: {'d_c_2d': 0.06516180208523167, 'rho_c_2d': 0.0002260529482493216, 'd_c_3d': 0.04627734224755366, 'rho_c_3d': 0.0038378909582157806, 'depth_scale': 24.14390425328338, 'd_o_2d_factor': 1.9343553232591315, 'd_o_3d_factor': 2.914530310118793}. Best is trial 43 with value: 0.2566944980064575.
[I 2026-08-02 15:21:46,651] Trial 57 finished with value: 0.23475815760714033 and parameters: {'d_c_2d': 0.04177332993361362, 'rho_c_2d': 0.00030262349025292454, 'd_c_3d': 0.027892896744471332, 'rho_c_3d': 0.0035078633551261997, 'depth_scale': 19.95303093383497, 'd_o_2d_factor': 1.7612676151632696, 'd_o_3d_factor': 2.4494003228008285}. Best is trial 43 with value: 0.2566944980064575.
[I 2026-08-02 15:21:49,014] Trial 58 finished with value: 0.2588542280982858 and parameters: {'d_c_2d': 0.05403188995823838, 'rho_c_2d': 0.00036363509190820366, 'd_c_3d': 0.06937851750213116, 'rho_c_3d': 0.004932417992605129, 'depth_scale': 26.362413239633867, 'd_o_2d_factor': 1.4629490980358335, 'd_o_3d_factor': 2.6376321113795145}. Best is trial 58 with value: 0.2588542280982858.
[I 2026-08-02 15:21:51,449] Trial 59 finished with value: 0.21265841792138013 and parameters: {'d_c_2d': 0.0489051310411103, 'rho_c_2d': 0.0004625282040967603, 'd_c_3d': 0.07611468861128229, 'rho_c_3d': 0.01140707841010378, 'depth_scale': 25.665954633704608, 'd_o_2d_factor': 1.454255080285443, 'd_o_3d_factor': 2.860420855027089}. Best is trial 58 with value: 0.2588542280982858.
[I 2026-08-02 15:21:53,926] Trial 60 finished with value: 0.19627125281064736 and parameters: {'d_c_2d': 0.05789980379583705, 'rho_c_2d': 0.0007316193532739369, 'd_c_3d': 0.1727102999245136, 'rho_c_3d': 0.005004436003998244, 'depth_scale': 41.865581805632644, 'd_o_2d_factor': 1.3471657413913083, 'd_o_3d_factor': 2.6574707985766812}. Best is trial 58 with value: 0.2588542280982858.
[I 2026-08-02 15:21:56,193] Trial 61 finished with value: 0.25129111712093066 and parameters: {'d_c_2d': 0.08164226458877713, 'rho_c_2d': 0.0003312271877322535, 'd_c_3d': 0.07074001207971953, 'rho_c_3d': 0.004208960274690837, 'depth_scale': 27.376181751323845, 'd_o_2d_factor': 1.5962955542362356, 'd_o_3d_factor': 2.5356565614451423}. Best is trial 58 with value: 0.2588542280982858.
[I 2026-08-02 15:21:58,471] Trial 62 finished with value: 0.2289112678356036 and parameters: {'d_c_2d': 0.0895519886976089, 'rho_c_2d': 0.0003558059879708402, 'd_c_3d': 0.06979118262420105, 'rho_c_3d': 0.0031625594261349777, 'depth_scale': 14.62682980938587, 'd_o_2d_factor': 1.6138118329663704, 'd_o_3d_factor': 2.6590225807801118}. Best is trial 58 with value: 0.2588542280982858.
[I 2026-08-02 15:22:00,727] Trial 63 finished with value: 0.23313055218398585 and parameters: {'d_c_2d': 0.08168410683514017, 'rho_c_2d': 0.0002994245560538616, 'd_c_3d': 0.061723862671201675, 'rho_c_3d': 0.007664266457455367, 'depth_scale': 26.18016831783785, 'd_o_2d_factor': 1.4951442418152796, 'd_o_3d_factor': 2.551431630994689}. Best is trial 58 with value: 0.2588542280982858.
[I 2026-08-02 15:22:03,020] Trial 64 finished with value: 0.25466433220001883 and parameters: {'d_c_2d': 0.10705936443253117, 'rho_c_2d': 0.00023541524263528477, 'd_c_3d': 0.08496194772697704, 'rho_c_3d': 0.002579639611899369, 'depth_scale': 19.60441904681409, 'd_o_2d_factor': 1.5673015440692726, 'd_o_3d_factor': 2.5133806499814466}. Best is trial 58 with value: 0.2588542280982858.
[I 2026-08-02 15:22:05,169] Trial 65 finished with value: 0.17020538710395586 and parameters: {'d_c_2d': 0.11458918256119069, 'rho_c_2d': 0.0002241369605131704, 'd_c_3d': 0.13915749610039108, 'rho_c_3d': 0.016642485025026584, 'depth_scale': 21.442456601677456, 'd_o_2d_factor': 1.5648046360632986, 'd_o_3d_factor': 2.723155492646686}. Best is trial 58 with value: 0.2588542280982858.
[I 2026-08-02 15:22:07,611] Trial 66 finished with value: 0.24241161879487716 and parameters: {'d_c_2d': 0.1688790441697467, 'rho_c_2d': 0.00029260352211461874, 'd_c_3d': 0.09524622513774712, 'rho_c_3d': 0.0024065543997167337, 'depth_scale': 17.197018254152248, 'd_o_2d_factor': 2.5094610679824805, 'd_o_3d_factor': 2.6302640574396157}. Best is trial 58 with value: 0.2588542280982858.
[I 2026-08-02 15:22:09,754] Trial 67 finished with value: 0.24599131127121204 and parameters: {'d_c_2d': 0.14041586368641357, 'rho_c_2d': 0.0005157875147182163, 'd_c_3d': 0.07970260298101098, 'rho_c_3d': 0.002019862634021886, 'depth_scale': 39.11670621679006, 'd_o_2d_factor': 1.4371318515321971, 'd_o_3d_factor': 2.425219770396886}. Best is trial 58 with value: 0.2588542280982858.
[I 2026-08-02 15:22:12,131] Trial 68 finished with value: 0.2494574928441506 and parameters: {'d_c_2d': 0.0754903330743704, 'rho_c_2d': 0.00022791120042977612, 'd_c_3d': 0.10588305698661464, 'rho_c_3d': 0.005471494544141891, 'depth_scale': 28.792762788389346, 'd_o_2d_factor': 1.5925212138395144, 'd_o_3d_factor': 2.5212316662381364}. Best is trial 58 with value: 0.2588542280982858.
[I 2026-08-02 15:22:14,296] Trial 69 finished with value: 0.24630908163822726 and parameters: {'d_c_2d': 0.10970947350134674, 'rho_c_2d': 0.0004431425495843205, 'd_c_3d': 0.08686793238493207, 'rho_c_3d': 0.0015961416662461894, 'depth_scale': 59.839773054227024, 'd_o_2d_factor': 1.8489799825525235, 'd_o_3d_factor': 2.3277570541198624}. Best is trial 58 with value: 0.2588542280982858.
[I 2026-08-02 15:22:16,640] Trial 70 finished with value: 0.22085763924165833 and parameters: {'d_c_2d': 0.10195228158175047, 'rho_c_2d': 0.00020393343465125493, 'd_c_3d': 0.05404481839934376, 'rho_c_3d': 0.002772936401972892, 'depth_scale': 10.678916986052203, 'd_o_2d_factor': 1.2447502269284054, 'd_o_3d_factor': 2.6993594887621217}. Best is trial 58 with value: 0.2588542280982858.
[I 2026-08-02 15:22:18,899] Trial 71 finished with value: 0.2545062041682452 and parameters: {'d_c_2d': 0.07173654018927006, 'rho_c_2d': 0.00023680963110777397, 'd_c_3d': 0.10337081678829946, 'rho_c_3d': 0.005279382510456584, 'depth_scale': 29.10741557033385, 'd_o_2d_factor': 1.5763479022003872, 'd_o_3d_factor': 2.522701901200653}. Best is trial 58 with value: 0.2588542280982858.
[I 2026-08-02 15:22:21,306] Trial 72 finished with value: 0.2556864748988072 and parameters: {'d_c_2d': 0.07123791384515336, 'rho_c_2d': 0.00027220463273804773, 'd_c_3d': 0.1226507074298714, 'rho_c_3d': 0.004644039123142967, 'depth_scale': 19.123943458222186, 'd_o_2d_factor': 1.7770477891252447, 'd_o_3d_factor': 2.6046954094657337}. Best is trial 58 with value: 0.2588542280982858.
[I 2026-08-02 15:22:23,715] Trial 73 finished with value: 0.06658468612367922 and parameters: {'d_c_2d': 0.06980863645369738, 'rho_c_2d': 0.0002624475401798114, 'd_c_3d': 0.1329673576329978, 'rho_c_3d': 0.059423445890799224, 'depth_scale': 20.818247563960927, 'd_o_2d_factor': 1.748535750595443, 'd_o_3d_factor': 2.7648593293635537}. Best is trial 58 with value: 0.2588542280982858.
[I 2026-08-02 15:22:26,659] Trial 74 finished with value: 0.2214930304001718 and parameters: {'d_c_2d': 0.02229985556767496, 'rho_c_2d': 0.00023915511059565333, 'd_c_3d': 0.147539764732215, 'rho_c_3d': 0.006324436484571003, 'depth_scale': 15.644802887518978, 'd_o_2d_factor': 1.6697752157827221, 'd_o_3d_factor': 2.9970729311509485}. Best is trial 58 with value: 0.2588542280982858.
[I 2026-08-02 15:22:29,250] Trial 75 finished with value: 0.23325926308378728 and parameters: {'d_c_2d': 0.054293010064915034, 'rho_c_2d': 0.0002890941176237828, 'd_c_3d': 0.12061647927787844, 'rho_c_3d': 0.0048011463827157454, 'depth_scale': 5.17602227048124, 'd_o_2d_factor': 1.5044867601637328, 'd_o_3d_factor': 2.592064360125736}. Best is trial 58 with value: 0.2588542280982858.
[I 2026-08-02 15:22:31,858] Trial 76 finished with value: 0.17679677942560698 and parameters: {'d_c_2d': 0.06306008465603807, 'rho_c_2d': 0.00037830334859841275, 'd_c_3d': 0.21007993418477802, 'rho_c_3d': 0.008752738348062124, 'depth_scale': 18.862186806310532, 'd_o_2d_factor': 2.11438488426222, 'd_o_3d_factor': 2.473646741235029}. Best is trial 58 with value: 0.2588542280982858.
[I 2026-08-02 15:22:34,117] Trial 77 finished with value: 0.252256293126359 and parameters: {'d_c_2d': 0.13192371429936395, 'rho_c_2d': 0.0003133947994306245, 'd_c_3d': 0.11855508971856436, 'rho_c_3d': 0.003565762674847096, 'depth_scale': 46.8466295596908, 'd_o_2d_factor': 2.35848271391029, 'd_o_3d_factor': 2.2158477895740583}. Best is trial 58 with value: 0.2588542280982858.
[I 2026-08-02 15:22:36,427] Trial 78 finished with value: 0.24920336545654206 and parameters: {'d_c_2d': 0.1423093634097906, 'rho_c_2d': 0.0005602298876553023, 'd_c_3d': 0.1181119098030226, 'rho_c_3d': 0.003356086352254995, 'depth_scale': 48.063955891660996, 'd_o_2d_factor': 2.385362947358126, 'd_o_3d_factor': 2.212211579923638}. Best is trial 58 with value: 0.2588542280982858.
[I 2026-08-02 15:22:38,392] Trial 79 finished with value: 0.16835400922097055 and parameters: {'d_c_2d': 0.09464771630268018, 'rho_c_2d': 0.010801409855787834, 'd_c_3d': 0.11335622367122798, 'rho_c_3d': 0.0027003697485573006, 'depth_scale': 33.031095893701455, 'd_o_2d_factor': 2.67947086889269, 'd_o_3d_factor': 2.356663058017883}. Best is trial 58 with value: 0.2588542280982858.
  best f1 0.2589  d_c_2d=0.05403  rho_c_2d=0.0003636  d_c_3d=0.06938  rho_c_3d=0.004932  depth_scale=26.36  d_o_2d=0.07905  d_o_3d=0.183

wrote /home/xucapfwi/MSc_Thesis_SDIC/results/clue_parameters.json
