[I 2026-08-02 15:18:57,870] Trial 65 finished with value: 0.43330341199375133 and parameters: {'d_c_2d': 0.05654761278032129, 'rho_c_2d': 0.00030095744166819965, 'd_c_3d': 0.05736006783793859, 'rho_c_3d': 0.000949230299358067, 'depth_scale': 126.77980689091146, 'd_o_2d_factor': 1.376802507746775, 'd_o_3d_factor': 1.6629754471895375}. Best is trial 55 with value: 0.444103976822975.
[I 2026-08-02 15:18:59,687] Trial 66 finished with value: 0.44879992306255745 and parameters: {'d_c_2d': 0.04637194002702098, 'rho_c_2d': 0.00030511282630851945, 'd_c_3d': 0.04817098465784956, 'rho_c_3d': 0.0006904309584788638, 'depth_scale': 164.09357201078743, 'd_o_2d_factor': 1.304050483615861, 'd_o_3d_factor': 2.1311362828751497}. Best is trial 66 with value: 0.44879992306255745.
[I 2026-08-02 15:19:01,300] Trial 67 finished with value: 0.4435906053609625 and parameters: {'d_c_2d': 0.046971828193627795, 'rho_c_2d': 0.000387393464883239, 'd_c_3d': 0.051200817829894246, 'rho_c_3d': 0.0006510892489852331, 'depth_scale': 53.79857981354147, 'd_o_2d_factor': 1.4810931662789217, 'd_o_3d_factor': 2.2872844214767354}. Best is trial 66 with value: 0.44879992306255745.
[I 2026-08-02 15:19:03,034] Trial 68 finished with value: 0.4464663498328943 and parameters: {'d_c_2d': 0.04121327908326577, 'rho_c_2d': 0.0003389304810017791, 'd_c_3d': 0.05123192924518675, 'rho_c_3d': 0.0006017456428823382, 'depth_scale': 51.35844954268739, 'd_o_2d_factor': 1.6373893142808318, 'd_o_3d_factor': 2.208057971946764}. Best is trial 66 with value: 0.44879992306255745.
[I 2026-08-02 15:19:04,681] Trial 69 finished with value: 0.4469434318850355 and parameters: {'d_c_2d': 0.03967458207999358, 'rho_c_2d': 0.0003417293637459832, 'd_c_3d': 0.04878599445978466, 'rho_c_3d': 0.0006618452619072348, 'depth_scale': 53.30836468092672, 'd_o_2d_factor': 1.6300229100549315, 'd_o_3d_factor': 2.342246527221969}. Best is trial 66 with value: 0.44879992306255745.
[I 2026-08-02 15:19:06,367] Trial 70 finished with value: 0.40442756979185496 and parameters: {'d_c_2d': 0.03938346521047911, 'rho_c_2d': 0.0003499107794272096, 'd_c_3d': 0.08876092540825294, 'rho_c_3d': 0.001060184597925516, 'depth_scale': 28.994581846008703, 'd_o_2d_factor': 1.6996383198014222, 'd_o_3d_factor': 2.2967745284831365}. Best is trial 66 with value: 0.44879992306255745.
[I 2026-08-02 15:19:07,976] Trial 71 finished with value: 0.44396289576572195 and parameters: {'d_c_2d': 0.04278860882897616, 'rho_c_2d': 0.00037821458090671534, 'd_c_3d': 0.047632908504247465, 'rho_c_3d': 0.0006630530789934396, 'depth_scale': 49.42264710759384, 'd_o_2d_factor': 1.6143085942782749, 'd_o_3d_factor': 2.429025073877409}. Best is trial 66 with value: 0.44879992306255745.
[I 2026-08-02 15:19:09,695] Trial 72 finished with value: 0.4419415419979466 and parameters: {'d_c_2d': 0.030150603641807137, 'rho_c_2d': 0.0003952904164584781, 'd_c_3d': 0.04927556873508502, 'rho_c_3d': 0.0006835986194215243, 'depth_scale': 47.464105498124695, 'd_o_2d_factor': 1.577982532835196, 'd_o_3d_factor': 2.43621535300352}. Best is trial 66 with value: 0.44879992306255745.
[I 2026-08-02 15:19:11,493] Trial 73 finished with value: 0.027344818156959255 and parameters: {'d_c_2d': 0.04260508840108836, 'rho_c_2d': 0.0003106742012365014, 'd_c_3d': 0.0663849341131201, 'rho_c_3d': 0.059423445890799224, 'depth_scale': 53.88341365480561, 'd_o_2d_factor': 1.6634653374762403, 'd_o_3d_factor': 2.402129265312546}. Best is trial 66 with value: 0.44879992306255745.
[I 2026-08-02 15:19:13,093] Trial 74 finished with value: 0.4390700630231348 and parameters: {'d_c_2d': 0.038291150840869544, 'rho_c_2d': 0.0002221959171457238, 'd_c_3d': 0.052371122889552785, 'rho_c_3d': 0.0006845568870115146, 'depth_scale': 35.14442529506253, 'd_o_2d_factor': 1.7464688095111205, 'd_o_3d_factor': 2.267029802749007}. Best is trial 66 with value: 0.44879992306255745.
[I 2026-08-02 15:19:14,952] Trial 75 finished with value: 0.43703405736893036 and parameters: {'d_c_2d': 0.04615107872308048, 'rho_c_2d': 0.00034579615619029664, 'd_c_3d': 0.05716157860558778, 'rho_c_3d': 0.0009164193441406358, 'depth_scale': 49.230445429040124, 'd_o_2d_factor': 1.6020099225832771, 'd_o_3d_factor': 2.1560382221945646}. Best is trial 66 with value: 0.44879992306255745.
[I 2026-08-02 15:19:16,675] Trial 76 finished with value: 0.34211958616527127 and parameters: {'d_c_2d': 0.042685197090109324, 'rho_c_2d': 0.0004165949496509877, 'd_c_3d': 0.047608759341169656, 'rho_c_3d': 0.000656093928538897, 'depth_scale': 16.70233046966938, 'd_o_2d_factor': 1.485057675515809, 'd_o_3d_factor': 2.2170195632644947}. Best is trial 66 with value: 0.44879992306255745.
[I 2026-08-02 15:19:18,289] Trial 77 finished with value: 0.1137944378784868 and parameters: {'d_c_2d': 0.03390435674499868, 'rho_c_2d': 0.0002999442266063494, 'd_c_3d': 0.06674931806396787, 'rho_c_3d': 0.018133992431833668, 'depth_scale': 57.352477993753865, 'd_o_2d_factor': 1.7775100175278775, 'd_o_3d_factor': 2.371977579821536}. Best is trial 66 with value: 0.44879992306255745.
[I 2026-08-02 15:19:19,988] Trial 78 finished with value: 0.2824013344672604 and parameters: {'d_c_2d': 0.05316835839837715, 'rho_c_2d': 0.000554448484438241, 'd_c_3d': 0.21224008410910875, 'rho_c_3d': 0.0006026053551786545, 'depth_scale': 33.37597362093693, 'd_o_2d_factor': 1.9621375063271909, 'd_o_3d_factor': 2.4700957306592417}. Best is trial 66 with value: 0.44879992306255745.
[I 2026-08-02 15:19:21,614] Trial 79 finished with value: 0.4339770626098132 and parameters: {'d_c_2d': 0.036534809179707264, 'rho_c_2d': 0.0003849830481165347, 'd_c_3d': 0.06081938165343274, 'rho_c_3d': 0.0008618197281792273, 'depth_scale': 41.25523781793354, 'd_o_2d_factor': 1.5041913056490643, 'd_o_3d_factor': 2.1099413457188136}. Best is trial 66 with value: 0.44879992306255745.
  best f1 0.4488  d_c_2d=0.04637  rho_c_2d=0.0003051  d_c_3d=0.04817  rho_c_3d=0.0006904  depth_scale=164.1  d_o_2d=0.06047  d_o_3d=0.1027

=== hce ===
[I 2026-08-02 15:19:21,729] A new study created in RDB with name: clue_etaphi_hce
[I 2026-08-02 15:19:23,668] Trial 0 finished with value: 0.12924074735213614 and parameters: {'d_c_2d': 0.030710573677773714, 'rho_c_2d': 0.015938909637287856, 'd_c_3d': 0.17921570730736244, 'rho_c_3d': 0.009450792299867838, 'depth_scale': 4.102676526174899, 'd_o_2d_factor': 1.3119890406724053, 'd_o_3d_factor': 1.116167224336399}. Best is trial 0 with value: 0.12924074735213614.
[I 2026-08-02 15:19:25,703] Trial 1 finished with value: 0.19291278893295286 and parameters: {'d_c_2d': 0.13394334706750485, 'rho_c_2d': 0.003186104523248199, 'd_c_3d': 0.1668221286472417, 'rho_c_3d': 0.0006596601344859716, 'depth_scale': 174.120417566097, 'd_o_2d_factor': 2.6648852816008435, 'd_o_3d_factor': 1.4246782213565523}. Best is trial 1 with value: 0.19291278893295286.
[I 2026-08-02 15:19:28,316] Trial 2 finished with value: 0.22685064645629668 and parameters: {'d_c_2d': 0.017240892195821537, 'rho_c_2d': 0.0004654135416767557, 'd_c_3d': 0.04975746883962886, 'rho_c_3d': 0.006724563727116337, 'depth_scale': 14.619079671825814, 'd_o_2d_factor': 1.5824582803960838, 'd_o_3d_factor': 2.223705789444759}. Best is trial 2 with value: 0.22685064645629668.
[I 2026-08-02 15:19:30,642] Trial 3 finished with value: 0.2357048656135801 and parameters: {'d_c_2d': 0.01518747922672247, 'rho_c_2d': 0.0007679258599608333, 'd_c_3d': 0.059934618194203156, 'rho_c_3d': 0.004901073536856095, 'depth_scale': 74.3672836114641, 'd_o_2d_factor': 1.3993475643167195, 'd_o_3d_factor': 2.0284688768272234}. Best is trial 3 with value: 0.2357048656135801.
[I 2026-08-02 15:19:33,465] Trial 4 finished with value: 0.20233549699994485 and parameters: {'d_c_2d': 0.05898602410432694, 'rho_c_2d': 0.00024770274597721835, 'd_c_3d': 0.12344231896214143, 'rho_c_3d': 0.0013158291333986204, 'depth_scale': 2.698566853602649, 'd_o_2d_factor': 2.8977710745066663, 'd_o_3d_factor': 2.9312640661491187}. Best is trial 3 with value: 0.2357048656135801.
[I 2026-08-02 15:19:35,646] Trial 5 finished with value: 0.18706205081558766 and parameters: {'d_c_2d': 0.11265466963346032, 'rho_c_2d': 0.000813312662702958, 'd_c_3d': 0.02679812112301957, 'rho_c_3d': 0.014015781015756944, 'depth_scale': 15.182209610565383, 'd_o_2d_factor': 1.2440764696895577, 'd_o_3d_factor': 1.9903538202225404}. Best is trial 3 with value: 0.2357048656135801.
[I 2026-08-02 15:19:37,521] Trial 6 finished with value: 0.14571689289380632 and parameters: {'d_c_2d': 0.011085122517311707, 'rho_c_2d': 0.013172578635166214, 'd_c_3d': 0.04342206908753229, 'rho_c_3d': 0.012682235664387429, 'depth_scale': 8.403344108745058, 'd_o_2d_factor': 2.0401360423556216, 'd_o_3d_factor': 2.0934205586865593}. Best is trial 3 with value: 0.2357048656135801.
[I 2026-08-02 15:19:39,279] Trial 7 finished with value: 0.02972052280311457 and parameters: {'d_c_2d': 0.017398074711291726, 'rho_c_2d': 0.017385983022279086, 'd_c_3d': 0.20393935878342973, 'rho_c_3d': 0.04540975236100569, 'depth_scale': 123.22099078761919, 'd_o_2d_factor': 2.19579995762217, 'd_o_3d_factor': 2.8437484700462337}. Best is trial 3 with value: 0.2357048656135801.
[I 2026-08-02 15:19:42,005] Trial 8 finished with value: 0.22855612630928532 and parameters: {'d_c_2d': 0.01303561122512888, 'rho_c_2d': 0.0004931689442897471, 'd_c_3d': 0.022901928536653276, 'rho_c_3d': 0.002684181704772758, 'depth_scale': 11.978007344508594, 'd_o_2d_factor': 1.5426980635477918, 'd_o_3d_factor': 2.6574750183038587}. Best is trial 3 with value: 0.2357048656135801.
[I 2026-08-02 15:19:44,481] Trial 9 finished with value: 0.22738262466907994 and parameters: {'d_c_2d': 0.02911701023242742, 'rho_c_2d': 0.0007292879117961433, 'd_c_3d': 0.10164683919442911, 'rho_c_3d': 0.0011481528292615372, 'depth_scale': 80.43109053380567, 'd_o_2d_factor': 1.1491012873595416, 'd_o_3d_factor': 2.9737738732010346}. Best is trial 3 with value: 0.2357048656135801.
[I 2026-08-02 15:19:46,509] Trial 10 finished with value: 0.05494993678023443 and parameters: {'d_c_2d': 0.06480488696339792, 'rho_c_2d': 0.0026225984015747386, 'd_c_3d': 0.3651126319804125, 'rho_c_3d': 0.04392703945951555, 'depth_scale': 43.93244968453743, 'd_o_2d_factor': 2.150416133630545, 'd_o_3d_factor': 1.6207963208281293}. Best is trial 3 with value: 0.2357048656135801.
[I 2026-08-02 15:19:48,629] Trial 11 finished with value: 0.2295555552530583 and parameters: {'d_c_2d': 0.010285390046190142, 'rho_c_2d': 0.0015113694280755527, 'd_c_3d': 0.02030869965105639, 'rho_c_3d': 0.0035760713351765797, 'depth_scale': 41.45715006874738, 'd_o_2d_factor': 1.6708589336992263, 'd_o_3d_factor': 2.5067769819961576}. Best is trial 3 with value: 0.2357048656135801.
[I 2026-08-02 15:19:50,747] Trial 12 finished with value: 0.23773446474372864 and parameters: {'d_c_2d': 0.02447646792685847, 'rho_c_2d': 0.0017226706379165878, 'd_c_3d': 0.06296809049511054, 'rho_c_3d': 0.0038854253006726635, 'depth_scale': 41.49284893589615, 'd_o_2d_factor': 1.7751884081279217, 'd_o_3d_factor': 2.40057288571704}. Best is trial 12 with value: 0.23773446474372864.
[I 2026-08-02 15:19:52,797] Trial 13 finished with value: 0.22749176856867967 and parameters: {'d_c_2d': 0.02882956155722224, 'rho_c_2d': 0.004963968385634403, 'd_c_3d': 0.06581148903788456, 'rho_c_3d': 0.003274342881280054, 'depth_scale': 43.47920301847423, 'd_o_2d_factor': 1.8885205446816882, 'd_o_3d_factor': 2.3477282978810043}. Best is trial 12 with value: 0.23773446474372864.
[I 2026-08-02 15:19:54,870] Trial 14 finished with value: 0.23684796082056592 and parameters: {'d_c_2d': 0.0207629299755908, 'rho_c_2d': 0.0015413437938237128, 'd_c_3d': 0.07431055169103717, 'rho_c_3d': 0.005614321282915224, 'depth_scale': 27.45241050708845, 'd_o_2d_factor': 1.8335185495390636, 'd_o_3d_factor': 1.801911939364088}. Best is trial 12 with value: 0.23773446474372864.
[I 2026-08-02 15:19:56,899] Trial 15 finished with value: 0.1443761121222659 and parameters: {'d_c_2d': 0.04073403033715193, 'rho_c_2d': 0.001645923388568547, 'd_c_3d': 0.08302475251290746, 'rho_c_3d': 0.02079534454277051, 'depth_scale': 22.812587951797987, 'd_o_2d_factor': 2.3291086324480705, 'd_o_3d_factor': 1.7039001914849234}. Best is trial 12 with value: 0.23773446474372864.
[I 2026-08-02 15:19:58,895] Trial 16 finished with value: 0.21485962015848062 and parameters: {'d_c_2d': 0.022822937020217253, 'rho_c_2d': 0.007602586545638742, 'd_c_3d': 0.035717139268065884, 'rho_c_3d': 0.0022334080611189602, 'depth_scale': 27.841938129788645, 'd_o_2d_factor': 1.8360744968853675, 'd_o_3d_factor': 1.7943146263747551}. Best is trial 12 with value: 0.23773446474372864.
[I 2026-08-02 15:20:00,873] Trial 17 finished with value: 0.23285101097300642 and parameters: {'d_c_2d': 0.04854893194849187, 'rho_c_2d': 0.0014920175785805769, 'd_c_3d': 0.08033865006853957, 'rho_c_3d': 0.006461352464791062, 'depth_scale': 7.414387835353381, 'd_o_2d_factor': 2.4422158576802637, 'd_o_3d_factor': 1.2876001773701589}. Best is trial 12 with value: 0.23773446474372864.
[I 2026-08-02 15:20:02,953] Trial 18 finished with value: 0.14386085238885613 and parameters: {'d_c_2d': 0.09103620316200199, 'rho_c_2d': 0.0035729410046327686, 'd_c_3d': 0.03331846043106692, 'rho_c_3d': 0.023501066317553353, 'depth_scale': 25.946398433381805, 'd_o_2d_factor': 1.812061126440376, 'd_o_3d_factor': 2.5213523036460654}. Best is trial 12 with value: 0.23773446474372864.
[I 2026-08-02 15:20:04,738] Trial 19 finished with value: 0.16452492389161602 and parameters: {'d_c_2d': 0.021697349162289915, 'rho_c_2d': 0.007632998288212263, 'd_c_3d': 0.12872993284769396, 'rho_c_3d': 0.0015196269409702954, 'depth_scale': 61.52592062030664, 'd_o_2d_factor': 1.9275967433217833, 'd_o_3d_factor': 1.8178590465397262}. Best is trial 12 with value: 0.23773446474372864.
[I 2026-08-02 15:20:06,782] Trial 20 finished with value: 0.14824491440080562 and parameters: {'d_c_2d': 0.18455135866360187, 'rho_c_2d': 0.002090841369777981, 'd_c_3d': 0.2788025520297183, 'rho_c_3d': 0.00492164980848602, 'depth_scale': 130.16103274844363, 'd_o_2d_factor': 1.0025295736614648, 'd_o_3d_factor': 1.4895010678857696}. Best is trial 12 with value: 0.23773446474372864.
[I 2026-08-02 15:20:09,052] Trial 21 finished with value: 0.2285914266090743 and parameters: {'d_c_2d': 0.016053542172530456, 'rho_c_2d': 0.001154785884268783, 'd_c_3d': 0.05774861992261747, 'rho_c_3d': 0.005435091382945244, 'depth_scale': 78.70923593982637, 'd_o_2d_factor': 1.3928003111095146, 'd_o_3d_factor': 1.988457412439088}. Best is trial 12 with value: 0.23773446474372864.
[I 2026-08-02 15:20:11,349] Trial 22 finished with value: 0.20343692839130592 and parameters: {'d_c_2d': 0.020775450955028557, 'rho_c_2d': 0.0008815631114315626, 'd_c_3d': 0.06901683106697262, 'rho_c_3d': 0.008822335129048575, 'depth_scale': 63.87505160615734, 'd_o_2d_factor': 1.4597685019802802, 'd_o_3d_factor': 2.253034983050731}. Best is trial 12 with value: 0.23773446474372864.
[I 2026-08-02 15:20:13,984] Trial 23 finished with value: 0.2483390733115001 and parameters: {'d_c_2d': 0.013641936181265791, 'rho_c_2d': 0.00040122389157330187, 'd_c_3d': 0.046402319726070784, 'rho_c_3d': 0.004181701291400033, 'depth_scale': 31.737983120414658, 'd_o_2d_factor': 1.7236871181660292, 'd_o_3d_factor': 1.948692349795312}. Best is trial 23 with value: 0.2483390733115001.
[I 2026-08-02 15:20:16,983] Trial 24 finished with value: 0.2138727320967473 and parameters: {'d_c_2d': 0.036615645775626024, 'rho_c_2d': 0.00020032100678932837, 'd_c_3d': 0.04371889852022232, 'rho_c_3d': 0.001912161846245249, 'depth_scale': 21.95274510973317, 'd_o_2d_factor': 1.7169131432092135, 'd_o_3d_factor': 1.8486152646311775}. Best is trial 23 with value: 0.2483390733115001.
[I 2026-08-02 15:20:19,874] Trial 25 finished with value: 0.23706718875851132 and parameters: {'d_c_2d': 0.02426279716429716, 'rho_c_2d': 0.0003253659322647787, 'd_c_3d': 0.03228130388307344, 'rho_c_3d': 0.003751301405573364, 'depth_scale': 30.265728717067176, 'd_o_2d_factor': 1.6835004632264339, 'd_o_3d_factor': 2.4633793876371657}. Best is trial 23 with value: 0.2483390733115001.
[I 2026-08-02 15:20:22,508] Trial 26 finished with value: 0.24486255922649897 and parameters: {'d_c_2d': 0.025240991305618084, 'rho_c_2d': 0.0003392070833677719, 'd_c_3d': 0.030815270203237728, 'rho_c_3d': 0.0030589959906893224, 'depth_scale': 37.57927993527355, 'd_o_2d_factor': 1.6415271589725013, 'd_o_3d_factor': 2.477327933790831}. Best is trial 23 with value: 0.2483390733115001.
[I 2026-08-02 15:20:25,480] Trial 27 finished with value: 0.22717493414565842 and parameters: {'d_c_2d': 0.01373217033011303, 'rho_c_2d': 0.00040030128085321215, 'd_c_3d': 0.026938607958808394, 'rho_c_3d': 0.001913141288944338, 'depth_scale': 50.89460633937832, 'd_o_2d_factor': 2.0061822430699285, 'd_o_3d_factor': 2.7189420533741897}. Best is trial 23 with value: 0.2483390733115001.
[I 2026-08-02 15:20:28,437] Trial 28 finished with value: 0.17603073913122033 and parameters: {'d_c_2d': 0.03525733345499712, 'rho_c_2d': 0.0003012644297331449, 'd_c_3d': 0.04141497015183787, 'rho_c_3d': 0.0010827136236830506, 'depth_scale': 17.093405293498947, 'd_o_2d_factor': 1.561076915092857, 'd_o_3d_factor': 2.1726813822863686}. Best is trial 23 with value: 0.2483390733115001.
[I 2026-08-02 15:20:30,989] Trial 29 finished with value: 0.23230705458712358 and parameters: {'d_c_2d': 0.029389680445288335, 'rho_c_2d': 0.0005072265274621984, 'd_c_3d': 0.053975096485216215, 'rho_c_3d': 0.002739900062331099, 'depth_scale': 9.78627160364785, 'd_o_2d_factor': 1.2783735188046785, 'd_o_3d_factor': 2.3919238308065944}. Best is trial 23 with value: 0.2483390733115001.
[I 2026-08-02 15:20:33,405] Trial 30 finished with value: 0.2023799164548222 and parameters: {'d_c_2d': 0.013174104763929481, 'rho_c_2d': 0.0006050238644169729, 'd_c_3d': 0.02934322699342934, 'rho_c_3d': 0.009194592826663283, 'depth_scale': 6.225837367012103, 'd_o_2d_factor': 2.0734511410437086, 'd_o_3d_factor': 1.0440086739262262}. Best is trial 23 with value: 0.2483390733115001.
[I 2026-08-02 15:20:35,988] Trial 31 finished with value: 0.2516583565579771 and parameters: {'d_c_2d': 0.023868211991039164, 'rho_c_2d': 0.00030017628993008356, 'd_c_3d': 0.03539249657907809, 'rho_c_3d': 0.0037191753985485413, 'depth_scale': 36.900145066062265, 'd_o_2d_factor': 1.7153900004433362, 'd_o_3d_factor': 2.56080202707053}. Best is trial 31 with value: 0.2516583565579771.
[I 2026-08-02 15:20:39,112] Trial 32 finished with value: 0.17210943971875245 and parameters: {'d_c_2d': 0.02542474866164845, 'rho_c_2d': 0.0003373177127551995, 'd_c_3d': 0.03663994732026345, 'rho_c_3d': 0.0007878396867795967, 'depth_scale': 37.3550201926325, 'd_o_2d_factor': 1.7031010193471134, 'd_o_3d_factor': 2.6691398155855857}. Best is trial 31 with value: 0.2516583565579771.
[I 2026-08-02 15:20:41,856] Trial 33 finished with value: 0.2520281655517494 and parameters: {'d_c_2d': 0.018532812973087457, 'rho_c_2d': 0.00020770990342828976, 'd_c_3d': 0.04869491301578224, 'rho_c_3d': 0.0040458859413111115, 'depth_scale': 34.89994603116565, 'd_o_2d_factor': 1.5148713020341495, 'd_o_3d_factor': 2.3240476633759863}. Best is trial 33 with value: 0.2520281655517494.
[I 2026-08-02 15:20:44,577] Trial 34 finished with value: 0.2259808898081505 and parameters: {'d_c_2d': 0.017983315703419718, 'rho_c_2d': 0.00020449206354243576, 'd_c_3d': 0.04852655426404404, 'rho_c_3d': 0.007084911288250072, 'depth_scale': 17.653183767100366, 'd_o_2d_factor': 1.5297608465804393, 'd_o_3d_factor': 2.5936247975393956}. Best is trial 33 with value: 0.2520281655517494.
[I 2026-08-02 15:20:47,556] Trial 35 finished with value: 0.24662023842744024 and parameters: {'d_c_2d': 0.018712496058894128, 'rho_c_2d': 0.00026957584369457577, 'd_c_3d': 0.03995429303039119, 'rho_c_3d': 0.002637372078954869, 'depth_scale': 31.73308720251279, 'd_o_2d_factor': 1.3804123606730059, 'd_o_3d_factor': 2.279571379979224}. Best is trial 33 with value: 0.2520281655517494.
[I 2026-08-02 15:20:50,238] Trial 36 finished with value: 0.23504636308181365 and parameters: {'d_c_2d': 0.011409364065963054, 'rho_c_2d': 0.00026014165217320647, 'd_c_3d': 0.05019322634816908, 'rho_c_3d': 0.004315885434536299, 'depth_scale': 19.48628212878877, 'd_o_2d_factor': 1.1786976073561166, 'd_o_3d_factor': 2.157181589122824}. Best is trial 33 with value: 0.2520281655517494.
[I 2026-08-02 15:20:53,425] Trial 37 finished with value: 0.24251244576938347 and parameters: {'d_c_2d': 0.019126611929041314, 'rho_c_2d': 0.0002555921901728391, 'd_c_3d': 0.03941306668434562, 'rho_c_3d': 0.0022433447532178123, 'depth_scale': 101.85643000457654, 'd_o_2d_factor': 1.3889514130994596, 'd_o_3d_factor': 2.8132883007055423}. Best is trial 33 with value: 0.2520281655517494.
[I 2026-08-02 15:20:56,239] Trial 38 finished with value: 0.20516979055653656 and parameters: {'d_c_2d': 0.014674997064685424, 'rho_c_2d': 0.0004152254502928699, 'd_c_3d': 0.025361900115459902, 'rho_c_3d': 0.001722790795179714, 'depth_scale': 2.227435144065714, 'd_o_2d_factor': 1.4521890630083296, 'd_o_3d_factor': 2.296364416833077}. Best is trial 33 with value: 0.2520281655517494.
[I 2026-08-02 15:20:58,666] Trial 39 finished with value: 0.18157780660145548 and parameters: {'d_c_2d': 0.011954398433712331, 'rho_c_2d': 0.0005746834592444711, 'd_c_3d': 0.09203013169016809, 'rho_c_3d': 0.013666640784842976, 'depth_scale': 12.321210188422862, 'd_o_2d_factor': 1.0406265472857317, 'd_o_3d_factor': 1.9533796653122533}. Best is trial 33 with value: 0.2520281655517494.
[I 2026-08-02 15:21:01,623] Trial 40 finished with value: 0.24330454246792493 and parameters: {'d_c_2d': 0.015231576145395706, 'rho_c_2d': 0.00039155162535632707, 'd_c_3d': 0.04313378488240354, 'rho_c_3d': 0.0023836303845477073, 'depth_scale': 190.4382265878328, 'd_o_2d_factor': 1.3215379223021835, 'd_o_3d_factor': 2.1225984874400163}. Best is trial 33 with value: 0.2520281655517494.
